#
# A fatal error has been detected by the Java Runtime Environment:
#
#  EXCEPTION_ACCESS_VIOLATION (0xc0000005) at pc=0x00007ffa1bd88a56, pid=23500, tid=2876
#
# JRE version: Java(TM) SE Runtime Environment (9.0+11) (build 9.0.4+11)
# Java VM: Java HotSpot(TM) 64-Bit Server VM (9.0.4+11, mixed mode, tiered, compressed oops, g1 gc, windows-amd64)
# Problematic frame:
# C  [librdi_filemgmt.dll+0x258a56]
#
# No core dump will be written. Minidumps are not enabled by default on client versions of Windows
#
# If you would like to submit a bug report, please visit:
#   http://bugreport.java.com/bugreport/crash.jsp
# The crash happened outside the Java Virtual Machine in native code.
# See problematic frame for where to report the bug.
#

---------------  S U M M A R Y ------------

Command Line: -Dsun.java2d.pmoffscreen=false -Dsun.java2d.xrender=false -Dsun.java2d.d3d=false -Dsun.awt.nopixfmt=true -Dsun.java2d.dpiaware=true -Dsun.java2d.uiScale.enabled=false -Xverify:none -Dswing.aatext=true -XX:-UsePerfData -Djdk.map.althashing.threshold=512 -XX:StringTableSize=4072 --add-opens=java.base/java.nio=ALL-UNNAMED --add-opens=java.desktop/sun.swing=ALL-UNNAMED --add-opens=java.desktop/javax.swing=ALL-UNNAMED --add-opens=java.desktop/javax.swing.tree=ALL-UNNAMED --add-opens=java.desktop/javax.swing.plaf.basic=ALL-UNNAMED --add-opens=java.desktop/javax.swing.plaf.synth=ALL-UNNAMED --add-opens=java.desktop/com.sun.awt=ALL-UNNAMED -XX:NewSize=60m -XX:MaxNewSize=60m -Xms128m -Xmx3072m -Xss5m 

Host: 12th Gen Intel(R) Core(TM) i7-12700H, 20 cores, 39G,  Windows 10 , 64 bit Build 22621 (10.0.22621.4391)
Time: Sat Dec 07 11:12:29 2024 ?D1¨²¡À¨º¡Á?¨º¡À?? elapsed time: 1076 seconds (0d 0h 17m 56s)

---------------  T H R E A D  ---------------

Current thread (0x000001c6e4dda000):  JavaThread "AWT-EventQueue-1" [_thread_in_native, id=2876, stack(0x000000774c100000,0x000000774c600000)]

Stack: [0x000000774c100000,0x000000774c600000],  sp=0x000000774c5fcd50,  free space=5107k
Native frames: (J=compiled Java code, j=interpreted, Vv=VM code, C=native code)
C  [librdi_filemgmt.dll+0x258a56]
C  [librdi_filemgmt.dll+0x257122]
C  [librdi_filemgmt.dll+0x26c6d8]
C  0x000001c6cbb6921c

Java frames: (J=compiled Java code, j=interpreted, Vv=VM code)
j  ui.data.srcscan.srcscani.EditorAssist_createFoldInfoIter(JLjava/lang/String;)J+0
j  ui.data.m.a.a.ul(Ljava/lang/String;)J+5
j  ui.data.m.a.a.b(Lui/data/m/a/a;Ljava/lang/String;)J+2
j  ui.data.m.a.c.a(Ljava/net/URI;)V+21
j  ui.data.m.a.a.ui(Ljava/lang/String;)V+15
j  ui.views.V.a.ab.agK(Ljava/lang/String;)V+27
j  ui.views.V.a.ab.hdH()V+43
j  ui.views.V.a.al.finished()V+20
J 18000 c1 ui.frmwork.z.run()V (15 bytes) @ 0x000001c6ccc0b4cc [0x000001c6ccc0b360+0x000000000000016c]
J 14136 c2 java.awt.EventQueue$3.run()Ljava/lang/Object; java.desktop@9.0.4 (5 bytes) @ 0x000001c6d4287004 [0x000001c6d4286f00+0x0000000000000104]
v  ~StubRoutines::call_stub
J 4856  java.security.AccessController.doPrivileged(Ljava/security/PrivilegedAction;Ljava/security/AccessControlContext;)Ljava/lang/Object; java.base@9.0.4 (0 bytes) @ 0x000001c6d39d03c6 [0x000001c6d39d0360+0x0000000000000066]
J 14123 c2 java.awt.EventQueue.dispatchEvent(Ljava/awt/AWTEvent;)V java.desktop@9.0.4 (80 bytes) @ 0x000001c6d4279498 [0x000001c6d4278f40+0x0000000000000558]
J 20626 c2 ui.frmwork.b.d.dispatchEvent(Ljava/awt/AWTEvent;)V (34 bytes) @ 0x000001c6d3b13858 [0x000001c6d3b13780+0x00000000000000d8]
J 23693 c2 java.awt.EventDispatchThread.pumpOneEventForFilters(I)V java.desktop@9.0.4 (218 bytes) @ 0x000001c6d4cf35c4 [0x000001c6d4cf3300+0x00000000000002c4]
J 20613% c2 java.awt.EventDispatchThread.pumpEventsForFilter(ILjava/awt/Conditional;Ljava/awt/EventFilter;)V java.desktop@9.0.4 (47 bytes) @ 0x000001c6d3aec958 [0x000001c6d3aec840+0x0000000000000118]
j  java.awt.EventDispatchThread.pumpEventsForHierarchy(ILjava/awt/Conditional;Ljava/awt/Component;)V+11 java.desktop@9.0.4
j  java.awt.EventDispatchThread.pumpEvents(ILjava/awt/Conditional;)V+4 java.desktop@9.0.4
j  java.awt.EventDispatchThread.pumpEvents(Ljava/awt/Conditional;)V+3 java.desktop@9.0.4
j  java.awt.EventDispatchThread.run()V+9 java.desktop@9.0.4
v  ~StubRoutines::call_stub

siginfo: EXCEPTION_ACCESS_VIOLATION (0xc0000005), reading address 0x0000000000000000


Register to memory mapping:

RIP=0x00007ffa1bd88a56 librdi_filemgmt.dll
RAX=0x0000000000000001 is an unknown value
RBX=0x000001c6e46bfea0 is an unknown value
RCX=0x000001c6b4860000 is an unknown value
RDX=0x0000000000000000 is an unknown value
RSP=0x000000774c5fcd50 is pointing into the stack for thread: 0x000001c6e4dda000
RBP=0x000000774c5fceb0 is pointing into the stack for thread: 0x000001c6e4dda000
RSI=0x0000000000000000 is an unknown value
RDI=0x000001c6e21fb660 is an unknown value
R8 =0x000001c6b477b6c0 is an unknown value
R9 =0x0000000000000001 is an unknown value
R10=0x0000000000000003 is an unknown value
R11=0x000000774c5fccb0 is pointing into the stack for thread: 0x000001c6e4dda000
R12=0x000001c6e47392a0 is an unknown value
R13=0x0000000000000000 is an unknown value
R14=0x0000000000000000 is an unknown value
R15=0x000000774c5fd000 is pointing into the stack for thread: 0x000001c6e4dda000


Registers:
RAX=0x0000000000000001, RBX=0x000001c6e46bfea0, RCX=0x000001c6b4860000, RDX=0x0000000000000000
RSP=0x000000774c5fcd50, RBP=0x000000774c5fceb0, RSI=0x0000000000000000, RDI=0x000001c6e21fb660
R8 =0x000001c6b477b6c0, R9 =0x0000000000000001, R10=0x0000000000000003, R11=0x000000774c5fccb0
R12=0x000001c6e47392a0, R13=0x0000000000000000, R14=0x0000000000000000, R15=0x000000774c5fd000
RIP=0x00007ffa1bd88a56, EFLAGS=0x0000000000010287

Top of Stack: (sp=0x000000774c5fcd50)
0x000000774c5fcd50:   000001c6e46bfe98 0000000000000000
0x000000774c5fcd60:   000001c6e46bfe98 000000000000003a
0x000000774c5fcd70:   fffffffffffffffe 000001c6e74f5900
0x000000774c5fcd80:   000001c6f45e5080 0000000000000000
0x000000774c5fcd90:   000000000000000f 000001c6e74f6300
0x000000774c5fcda0:   000000774c5fcfe0 0000000000000000
0x000000774c5fcdb0:   000000000000000f 000052977ec0cb8e
0x000000774c5fcdc0:   000000000000003a 000001c6e47392a0
0x000000774c5fcdd0:   000000774c5fceb0 00007ffa1bd87122
0x000000774c5fcde0:   0000e3310268a395 0000000000000000
0x000000774c5fcdf0:   000000000000003a 000001c6e21fb660
0x000000774c5fce00:   000000000000003a 000001c6e4dda218
0x000000774c5fce10:   000001c6e4dda218 000001c6f45e5080
0x000000774c5fce20:   000000774c5fcfe0 00007ffa1bd9c6d8
0x000000774c5fce30:   000000000000003a 000000000000003a
0x000000774c5fce40:   000001c6f45e5080 000000774c5fd048 

Instructions: (pc=0x00007ffa1bd88a56)
0x00007ffa1bd88a36:   66 66 0f 1f 84 00 00 00 00 00 48 8b 13 48 c7 44
0x00007ffa1bd88a46:   24 40 0f 00 00 00 4c 89 74 24 38 c6 44 24 28 00
0x00007ffa1bd88a56:   80 3a 00 75 05 4d 8b c6 eb 0e 49 83 c8 ff 49 ff
0x00007ffa1bd88a66:   c0 42 80 3c 02 00 75 f6 48 8d 4c 24 28 e8 48 dc 



---------------  P R O C E S S  ---------------

Java Threads: ( => current thread )
  0x000001c6bf6d3800 JavaThread "Code Inspector Thread" [_thread_in_native, id=13128, stack(0x0000007750500000,0x0000007750a00000)]
  0x000001c6bf6cf000 JavaThread "Monitor File Timestamp Swing Worker Thread" [_thread_blocked, id=18248, stack(0x000000774fb00000,0x0000007750000000)]
  0x000001c6bf6d3000 JavaThread "Timer-3" [_thread_blocked, id=17344, stack(0x000000774e700000,0x000000774ec00000)]
  0x000001c6bf6da800 JavaThread "ForkJoinPool.commonPool-worker-57" daemon [_thread_blocked, id=1716, stack(0x000000774b200000,0x000000774b700000)]
  0x000001c6bf6d8800 JavaThread "SyntheticaAnimation 50" daemon [_thread_blocked, id=19984, stack(0x0000007750c00000,0x0000007751100000)]
  0x000001c6bf6ce800 JavaThread "Image Animator 1" daemon [_thread_blocked, id=15380, stack(0x000000774c600000,0x000000774cb00000)]
  0x000001c6bf6d0000 JavaThread "Update Runs Swing Worker Thread" [_thread_blocked, id=12936, stack(0x0000007750000000,0x0000007750500000)]
  0x000001c6bf6d2000 JavaThread "hw_ila_monitor" [_thread_blocked, id=22928, stack(0x000000774f600000,0x000000774fb00000)]
  0x000001c6bf6cd800 JavaThread "Refresh Filesets Swing Worker Thread" [_thread_blocked, id=24520, stack(0x000000774f100000,0x000000774f600000)]
  0x000001c6bf6d1800 JavaThread "SyntheticaAnimation 70" daemon [_thread_blocked, id=21232, stack(0x000000774ec00000,0x000000774f100000)]
  0x000001c6bb2c3800 JavaThread "SyntheticaAnimation 25" daemon [_thread_blocked, id=23120, stack(0x000000774e200000,0x000000774e700000)]
  0x000001c6bb2c2000 JavaThread "SyntheticaAnimation 50" daemon [_thread_blocked, id=23256, stack(0x000000774dd00000,0x000000774e200000)]
  0x000001c6bb2c6000 JavaThread "Monitor HEventQueue Thread" [_thread_blocked, id=22740, stack(0x000000774d800000,0x000000774dd00000)]
  0x000001c6bb2c7800 JavaThread "SyntheticaCleanerThread" daemon [_thread_blocked, id=9420, stack(0x000000774cb00000,0x000000774d000000)]
  0x000001c6bb2c3000 JavaThread "Batik CleanerThread" daemon [_thread_blocked, id=12940, stack(0x000000774b700000,0x000000774bc00000)]
=>0x000001c6e4dda000 JavaThread "AWT-EventQueue-1" [_thread_in_native, id=2876, stack(0x000000774c100000,0x000000774c600000)]
  0x000001c6e27c5800 JavaThread "Process Messages Thread" [_thread_blocked, id=20688, stack(0x000000774bc00000,0x000000774c100000)]
  0x000001c6e484e800 JavaThread "Thread-1" [_thread_in_native, id=21228, stack(0x0000007743200000,0x0000007744600000)]
  0x000001c6e1e80000 JavaThread "TimerQueue" daemon [_thread_blocked, id=3588, stack(0x000000774ad00000,0x000000774b200000)]
  0x000001c6bfda0800 JavaThread "AWT-Windows" daemon [_thread_in_native, id=20076, stack(0x000000774a800000,0x000000774ad00000)]
  0x000001c6bfda0000 JavaThread "AWT-Shutdown" [_thread_blocked, id=8596, stack(0x000000774a300000,0x000000774a800000)]
  0x000001c6bfe20000 JavaThread "Java2D Disposer" daemon [_thread_blocked, id=24148, stack(0x0000007749e00000,0x000000774a300000)]
  0x000001c6bf809800 JavaThread "Service Thread" daemon [_thread_blocked, id=4616, stack(0x0000007749800000,0x0000007749d00000)]
  0x000001c6bf38c800 JavaThread "Common-Cleaner" daemon [_thread_blocked, id=20396, stack(0x0000007749300000,0x0000007749800000)]
  0x000001c6bb2c8000 JavaThread "Sweeper thread" daemon [_thread_blocked, id=23088, stack(0x0000007748e00000,0x0000007749300000)]
  0x000001c6bb5bd000 JavaThread "C1 CompilerThread11" daemon [_thread_blocked, id=23400, stack(0x0000007748d00000,0x0000007748e00000)]
  0x000001c6bb5bb800 JavaThread "C1 CompilerThread10" daemon [_thread_blocked, id=9456, stack(0x0000007748c00000,0x0000007748d00000)]
  0x000001c6bb5ba800 JavaThread "C1 CompilerThread9" daemon [_thread_blocked, id=4996, stack(0x0000007748b00000,0x0000007748c00000)]
  0x000001c6bb5b9800 JavaThread "C1 CompilerThread8" daemon [_thread_blocked, id=7220, stack(0x0000007748a00000,0x0000007748b00000)]
  0x000001c6bb5b8800 JavaThread "C2 CompilerThread7" daemon [_thread_blocked, id=18384, stack(0x0000007748900000,0x0000007748a00000)]
  0x000001c6bb5b7000 JavaThread "C2 CompilerThread6" daemon [_thread_blocked, id=6816, stack(0x0000007748800000,0x0000007748900000)]
  0x000001c6bb5b6000 JavaThread "C2 CompilerThread5" daemon [_thread_blocked, id=15056, stack(0x0000007748700000,0x0000007748800000)]
  0x000001c6bb5b5000 JavaThread "C2 CompilerThread4" daemon [_thread_blocked, id=5944, stack(0x0000007748600000,0x0000007748700000)]
  0x000001c6bb5b4000 JavaThread "C2 CompilerThread3" daemon [_thread_blocked, id=11268, stack(0x0000007748500000,0x0000007748600000)]
  0x000001c6bb5b3000 JavaThread "C2 CompilerThread2" daemon [_thread_blocked, id=11684, stack(0x0000007748400000,0x0000007748500000)]
  0x000001c6bb5ad800 JavaThread "C2 CompilerThread1" daemon [_thread_blocked, id=8996, stack(0x0000007748300000,0x0000007748400000)]
  0x000001c6bb5ad000 JavaThread "C2 CompilerThread0" daemon [_thread_blocked, id=6768, stack(0x0000007748200000,0x0000007748300000)]
  0x000001c6c472f800 JavaThread "Attach Listener" daemon [_thread_blocked, id=23036, stack(0x0000007747d00000,0x0000007748200000)]
  0x000001c6bb592000 JavaThread "Signal Dispatcher" daemon [_thread_blocked, id=17572, stack(0x0000007747800000,0x0000007747d00000)]
  0x000001c6bc204800 JavaThread "Finalizer" daemon [_thread_blocked, id=12644, stack(0x0000007747300000,0x0000007747800000)]
  0x000001c6bc202000 JavaThread "Reference Handler" daemon [_thread_blocked, id=10024, stack(0x0000007746e00000,0x0000007747300000)]
  0x000001c6bc0b6000 JavaThread "main" [_thread_blocked, id=11836, stack(0x0000007744800000,0x0000007744900000)]

Other Threads:
  0x000001c6bb6c7800 VMThread "VM Thread" [stack: 0x0000007746d00000,0x0000007746e00000] [id=21736]
  0x000001c6bf5d3000 WatcherThread [stack: 0x0000007749d00000,0x0000007749e00000] [id=17612]
  0x000001c6be032000 GCTaskThread "GC Thread#0" [stack: 0x0000007744900000,0x0000007744a00000] [id=22800]
  0x000001c6be489000 GCTaskThread "GC Thread#1" [stack: 0x0000007744a00000,0x0000007744b00000] [id=8524]
  0x000001c6be48a000 GCTaskThread "GC Thread#2" [stack: 0x0000007744b00000,0x0000007744c00000] [id=12728]
  0x000001c6be486000 GCTaskThread "GC Thread#3" [stack: 0x0000007744c00000,0x0000007744d00000] [id=3268]
  0x000001c6be483800 GCTaskThread "GC Thread#4" [stack: 0x0000007744d00000,0x0000007744e00000] [id=11676]
  0x000001c6be484000 GCTaskThread "GC Thread#5" [stack: 0x0000007744e00000,0x0000007744f00000] [id=4860]
  0x000001c6be487800 GCTaskThread "GC Thread#6" [stack: 0x0000007744f00000,0x0000007745000000] [id=5496]
  0x000001c6be486800 GCTaskThread "GC Thread#7" [stack: 0x0000007745000000,0x0000007745100000] [id=11376]
  0x000001c6be484800 GCTaskThread "GC Thread#8" [stack: 0x0000007745100000,0x0000007745200000] [id=22868]
  0x000001c6be485000 GCTaskThread "GC Thread#9" [stack: 0x0000007745200000,0x0000007745300000] [id=24504]
  0x000001c6be487000 GCTaskThread "GC Thread#10" [stack: 0x0000007745300000,0x0000007745400000] [id=2656]
  0x000001c6be488800 GCTaskThread "GC Thread#11" [stack: 0x0000007745400000,0x0000007745500000] [id=12880]
  0x000001c6be489800 GCTaskThread "GC Thread#12" [stack: 0x0000007745500000,0x0000007745600000] [id=2852]
  0x000001c6be48b800 GCTaskThread "GC Thread#13" [stack: 0x0000007745600000,0x0000007745700000] [id=14540]
  0x000001c6be48c000 GCTaskThread "GC Thread#14" [stack: 0x0000007745700000,0x0000007745800000] [id=23144]
  0x000001c6be87f800 ConcurrentGCThread "G1 Main Marker" [stack: 0x0000007746800000,0x0000007746900000] [id=16616]
  0x000001c6be48f000 ConcurrentGCThread "G1 Marker#0" [stack: 0x0000007746900000,0x0000007746a00000] [id=3804]
  0x000001c6be493800 ConcurrentGCThread "G1 Marker#1" [stack: 0x0000007746a00000,0x0000007746b00000] [id=22476]
  0x000001c6be491000 ConcurrentGCThread "G1 Marker#2" [stack: 0x0000007746b00000,0x0000007746c00000] [id=4420]
  0x000001c6be48c800 ConcurrentGCThread "G1 Marker#3" [stack: 0x0000007746c00000,0x0000007746d00000] [id=5704]
  0x000001c6bafef800 ConcurrentGCThread "G1 Refine#0" [stack: 0x0000007746600000,0x0000007746700000] [id=16528]
  0x000001c6bafef000 ConcurrentGCThread "G1 Refine#1" [stack: 0x0000007746500000,0x0000007746600000] [id=4604]
  0x000001c6bafed000 ConcurrentGCThread "G1 Refine#2" [stack: 0x0000007746400000,0x0000007746500000] [id=6824]
  0x000001c6bafec000 ConcurrentGCThread "G1 Refine#3" [stack: 0x0000007746300000,0x0000007746400000] [id=2212]
  0x000001c6bafeb800 ConcurrentGCThread "G1 Refine#4" [stack: 0x0000007746200000,0x0000007746300000] [id=16036]
  0x000001c6bafeb000 ConcurrentGCThread "G1 Refine#5" [stack: 0x0000007746100000,0x0000007746200000] [id=5576]
  0x000001c6c4d56000 ConcurrentGCThread "G1 Refine#6" [stack: 0x0000007746000000,0x0000007746100000] [id=21032]
  0x000001c6c4d55800 ConcurrentGCThread "G1 Refine#7" [stack: 0x0000007745f00000,0x0000007746000000] [id=8688]
  0x000001c6c4d54800 ConcurrentGCThread "G1 Refine#8" [stack: 0x0000007745e00000,0x0000007745f00000] [id=9108]
  0x000001c6bc239000 ConcurrentGCThread "G1 Refine#9" [stack: 0x0000007745d00000,0x0000007745e00000] [id=23868]
  0x000001c6c4d53800 ConcurrentGCThread "G1 Refine#10" [stack: 0x0000007745c00000,0x0000007745d00000] [id=12180]
  0x000001c6c4d53000 ConcurrentGCThread "G1 Refine#11" [stack: 0x0000007745b00000,0x0000007745c00000] [id=1652]
  0x000001c6c4d52800 ConcurrentGCThread "G1 Refine#12" [stack: 0x0000007745a00000,0x0000007745b00000] [id=21148]
  0x000001c6bc11b800 ConcurrentGCThread "G1 Refine#13" [stack: 0x0000007745900000,0x0000007745a00000] [id=11656]
  0x000001c6c4b9e800 ConcurrentGCThread "G1 Refine#14" [stack: 0x0000007745800000,0x0000007745900000] [id=13136]
  0x000001c6baff1000 ConcurrentGCThread "G1 Young RemSet Sampling" [stack: 0x0000007746700000,0x0000007746800000] [id=2672]

Threads with active compile tasks:

VM state:not at safepoint (normal execution)

VM Mutex/Monitor currently owned by a thread: None

Heap address: 0x0000000700000000, size: 3072 MB, Compressed Oops mode: Zero based, Oop shift amount: 3
Narrow klass base: 0x0000000000000000, Narrow klass shift: 3
Compressed class space size: 1073741824 Address: 0x00000007c0000000

Heap:
 garbage-first heap   total 233472K, used 145304K [0x0000000700000000, 0x0000000700100720, 0x00000007c0000000)
  region size 1024K, 58 young (59392K), 1 survivors (1024K)
 Metaspace       used 86364K, capacity 93313K, committed 93568K, reserved 1130496K
  class space    used 11621K, capacity 12831K, committed 12928K, reserved 1048576K
Heap Regions: E=young(eden), S=young(survivor), O=old, HS=humongous(starts), HC=humongous(continues), CS=collection set, F=free, A=archive, TS=gc time stamp, AC=allocation context, TAMS=top-at-mark-start (previous, next)
|   0|0x0000000700000000, 0x00000007000fed28, 0x0000000700100000| 99%| O|  |TS  0|AC  0|TAMS 0x0000000700000000, 0x0000000700000000|
|   1|0x0000000700100000, 0x00000007001ffff0, 0x0000000700200000| 99%| O|  |TS  0|AC  0|TAMS 0x0000000700100000, 0x0000000700100000|
|   2|0x0000000700200000, 0x00000007002fa718, 0x0000000700300000| 97%| O|  |TS  0|AC  0|TAMS 0x0000000700200000, 0x0000000700200000|
|   3|0x0000000700300000, 0x00000007003fa6a8, 0x0000000700400000| 97%| O|  |TS  0|AC  0|TAMS 0x0000000700300000, 0x0000000700300000|
|   4|0x0000000700400000, 0x0000000700500000, 0x0000000700500000|100%|HS|  |TS  0|AC  0|TAMS 0x0000000700400000, 0x0000000700400000|
|   5|0x0000000700500000, 0x0000000700600000, 0x0000000700600000|100%|HC|  |TS  0|AC  0|TAMS 0x0000000700500000, 0x0000000700500000|
|   6|0x0000000700600000, 0x0000000700700000, 0x0000000700700000|100%|HS|  |TS  0|AC  0|TAMS 0x0000000700600000, 0x0000000700600000|
|   7|0x0000000700700000, 0x00000007007ff0a0, 0x0000000700800000| 99%| O|  |TS  0|AC  0|TAMS 0x0000000700700000, 0x0000000700700000|
|   8|0x0000000700800000, 0x00000007008ef9f0, 0x0000000700900000| 93%| O|  |TS  0|AC  0|TAMS 0x0000000700800000, 0x0000000700800000|
|   9|0x0000000700900000, 0x00000007009fffe8, 0x0000000700a00000| 99%| O|  |TS  0|AC  0|TAMS 0x0000000700900000, 0x0000000700900000|
|  10|0x0000000700a00000, 0x0000000700afffe0, 0x0000000700b00000| 99%| O|  |TS  0|AC  0|TAMS 0x0000000700a00000, 0x0000000700a00000|
|  11|0x0000000700b00000, 0x0000000700c00000, 0x0000000700c00000|100%| O|  |TS  0|AC  0|TAMS 0x0000000700b00000, 0x0000000700b00000|
|  12|0x0000000700c00000, 0x0000000700cfffb8, 0x0000000700d00000| 99%| O|  |TS  0|AC  0|TAMS 0x0000000700c00000, 0x0000000700c00000|
|  13|0x0000000700d00000, 0x0000000700dffff0, 0x0000000700e00000| 99%| O|  |TS  0|AC  0|TAMS 0x0000000700d00000, 0x0000000700d00000|
|  14|0x0000000700e00000, 0x0000000700f00000, 0x0000000700f00000|100%| O|  |TS  0|AC  0|TAMS 0x0000000700e00000, 0x0000000700e00000|
|  15|0x0000000700f00000, 0x0000000700fef220, 0x0000000701000000| 93%| O|  |TS  0|AC  0|TAMS 0x0000000700f00000, 0x0000000700f00000|
|  16|0x0000000701000000, 0x00000007010f8860, 0x0000000701100000| 97%| O|  |TS  0|AC  0|TAMS 0x0000000701000000, 0x0000000701000000|
|  17|0x0000000701100000, 0x00000007011f2ad8, 0x0000000701200000| 94%| O|  |TS  0|AC  0|TAMS 0x0000000701100000, 0x0000000701100000|
|  18|0x0000000701200000, 0x00000007012fffe8, 0x0000000701300000| 99%| O|  |TS  0|AC  0|TAMS 0x0000000701200000, 0x0000000701200000|
|  19|0x0000000701300000, 0x0000000701400000, 0x0000000701400000|100%| O|  |TS  0|AC  0|TAMS 0x0000000701300000, 0x0000000701300000|
|  20|0x0000000701400000, 0x00000007014fdb88, 0x0000000701500000| 99%| O|  |TS  0|AC  0|TAMS 0x0000000701400000, 0x0000000701400000|
|  21|0x0000000701500000, 0x00000007015fffd8, 0x0000000701600000| 99%| O|  |TS  0|AC  0|TAMS 0x0000000701500000, 0x0000000701500000|
|  22|0x0000000701600000, 0x00000007016ffff0, 0x0000000701700000| 99%| O|  |TS  0|AC  0|TAMS 0x0000000701600000, 0x0000000701600000|
|  23|0x0000000701700000, 0x00000007017ffdd0, 0x0000000701800000| 99%| O|  |TS  0|AC  0|TAMS 0x0000000701700000, 0x0000000701700000|
|  24|0x0000000701800000, 0x00000007018ffff8, 0x0000000701900000| 99%| O|  |TS  0|AC  0|TAMS 0x0000000701800000, 0x0000000701800000|
|  25|0x0000000701900000, 0x00000007019ffff0, 0x0000000701a00000| 99%| O|  |TS  0|AC  0|TAMS 0x0000000701900000, 0x0000000701900000|
|  26|0x0000000701a00000, 0x0000000701affff8, 0x0000000701b00000| 99%| O|  |TS  0|AC  0|TAMS 0x0000000701a00000, 0x0000000701a00000|
|  27|0x0000000701b00000, 0x0000000701bfff70, 0x0000000701c00000| 99%| O|  |TS  0|AC  0|TAMS 0x0000000701b00000, 0x0000000701b00000|
|  28|0x0000000701c00000, 0x0000000701cfffc8, 0x0000000701d00000| 99%| O|  |TS  0|AC  0|TAMS 0x0000000701c00000, 0x0000000701c00000|
|  29|0x0000000701d00000, 0x0000000701dfffe0, 0x0000000701e00000| 99%| O|  |TS  0|AC  0|TAMS 0x0000000701d00000, 0x0000000701d00000|
|  30|0x0000000701e00000, 0x0000000701efffe0, 0x0000000701f00000| 99%| O|  |TS  0|AC  0|TAMS 0x0000000701e00000, 0x0000000701e00000|
|  31|0x0000000701f00000, 0x0000000702000000, 0x0000000702000000|100%| O|  |TS  0|AC  0|TAMS 0x0000000701f00000, 0x0000000701f00000|
|  32|0x0000000702000000, 0x00000007020ffff0, 0x0000000702100000| 99%| O|  |TS  0|AC  0|TAMS 0x0000000702000000, 0x0000000702000000|
|  33|0x0000000702100000, 0x00000007021ffdf8, 0x0000000702200000| 99%| O|  |TS  0|AC  0|TAMS 0x0000000702100000, 0x0000000702100000|
|  34|0x0000000702200000, 0x00000007022ffff0, 0x0000000702300000| 99%| O|  |TS  0|AC  0|TAMS 0x0000000702200000, 0x0000000702200000|
|  35|0x0000000702300000, 0x00000007023ffe88, 0x0000000702400000| 99%| O|  |TS  0|AC  0|TAMS 0x0000000702300000, 0x0000000702300000|
|  36|0x0000000702400000, 0x00000007024fffa0, 0x0000000702500000| 99%| O|  |TS  0|AC  0|TAMS 0x0000000702400000, 0x0000000702400000|
|  37|0x0000000702500000, 0x00000007025fffe8, 0x0000000702600000| 99%| O|  |TS  0|AC  0|TAMS 0x0000000702500000, 0x0000000702500000|
|  38|0x0000000702600000, 0x00000007026ffee8, 0x0000000702700000| 99%| O|  |TS  0|AC  0|TAMS 0x0000000702600000, 0x0000000702600000|
|  39|0x0000000702700000, 0x00000007027ffff0, 0x0000000702800000| 99%| O|  |TS  0|AC  0|TAMS 0x0000000702700000, 0x0000000702700000|
|  40|0x0000000702800000, 0x00000007028ffff0, 0x0000000702900000| 99%| O|  |TS  0|AC  0|TAMS 0x0000000702800000, 0x0000000702800000|
|  41|0x0000000702900000, 0x00000007029fffd0, 0x0000000702a00000| 99%| O|  |TS  0|AC  0|TAMS 0x0000000702900000, 0x0000000702900000|
|  42|0x0000000702a00000, 0x0000000702affd70, 0x0000000702b00000| 99%| O|  |TS  0|AC  0|TAMS 0x0000000702a00000, 0x0000000702a00000|
|  43|0x0000000702b00000, 0x0000000702bf9ed8, 0x0000000702c00000| 97%| O|  |TS  0|AC  0|TAMS 0x0000000702b00000, 0x0000000702b00000|
|  44|0x0000000702c00000, 0x0000000702cffff8, 0x0000000702d00000| 99%| O|  |TS  0|AC  0|TAMS 0x0000000702c00000, 0x0000000702c00000|
|  45|0x0000000702d00000, 0x0000000702e00000, 0x0000000702e00000|100%|HS|  |TS  0|AC  0|TAMS 0x0000000702d00000, 0x0000000702d00000|
|  46|0x0000000702e00000, 0x0000000702f00000, 0x0000000702f00000|100%|HC|  |TS  0|AC  0|TAMS 0x0000000702e00000, 0x0000000702e00000|
|  47|0x0000000702f00000, 0x0000000703000000, 0x0000000703000000|100%|HC|  |TS  0|AC  0|TAMS 0x0000000702f00000, 0x0000000702f00000|
|  48|0x0000000703000000, 0x0000000703100000, 0x0000000703100000|100%|HC|  |TS  0|AC  0|TAMS 0x0000000703000000, 0x0000000703000000|
|  49|0x0000000703100000, 0x0000000703200000, 0x0000000703200000|100%|HC|  |TS  0|AC  0|TAMS 0x0000000703100000, 0x0000000703100000|
|  50|0x0000000703200000, 0x0000000703300000, 0x0000000703300000|100%|HC|  |TS  0|AC  0|TAMS 0x0000000703200000, 0x0000000703200000|
|  51|0x0000000703300000, 0x0000000703400000, 0x0000000703400000|100%|HC|  |TS  0|AC  0|TAMS 0x0000000703300000, 0x0000000703300000|
|  52|0x0000000703400000, 0x0000000703500000, 0x0000000703500000|100%|HC|  |TS  0|AC  0|TAMS 0x0000000703400000, 0x0000000703400000|
|  53|0x0000000703500000, 0x0000000703600000, 0x0000000703600000|100%|HC|  |TS  0|AC  0|TAMS 0x0000000703500000, 0x0000000703500000|
|  54|0x0000000703600000, 0x0000000703700000, 0x0000000703700000|100%|HC|  |TS  0|AC  0|TAMS 0x0000000703600000, 0x0000000703600000|
|  55|0x0000000703700000, 0x0000000703800000, 0x0000000703800000|100%|HC|  |TS  0|AC  0|TAMS 0x0000000703700000, 0x0000000703700000|
|  56|0x0000000703800000, 0x0000000703900000, 0x0000000703900000|100%|HC|  |TS  0|AC  0|TAMS 0x0000000703800000, 0x0000000703800000|
|  57|0x0000000703900000, 0x0000000703a00000, 0x0000000703a00000|100%|HC|  |TS  0|AC  0|TAMS 0x0000000703900000, 0x0000000703900000|
|  58|0x0000000703a00000, 0x0000000703b00000, 0x0000000703b00000|100%|HC|  |TS  0|AC  0|TAMS 0x0000000703a00000, 0x0000000703a00000|
|  59|0x0000000703b00000, 0x0000000703bfff20, 0x0000000703c00000| 99%| O|  |TS  0|AC  0|TAMS 0x0000000703b00000, 0x0000000703b00000|
|  60|0x0000000703c00000, 0x0000000703cfe5f0, 0x0000000703d00000| 99%| O|  |TS  0|AC  0|TAMS 0x0000000703c00000, 0x0000000703c00000|
|  61|0x0000000703d00000, 0x0000000703dfffe0, 0x0000000703e00000| 99%| O|  |TS  0|AC  0|TAMS 0x0000000703d00000, 0x0000000703d00000|
|  62|0x0000000703e00000, 0x0000000703effff8, 0x0000000703f00000| 99%| O|  |TS  0|AC  0|TAMS 0x0000000703e00000, 0x0000000703e00000|
|  63|0x0000000703f00000, 0x0000000703fffff8, 0x0000000704000000| 99%| O|  |TS  0|AC  0|TAMS 0x0000000703f00000, 0x0000000703f00000|
|  64|0x0000000704000000, 0x00000007040fffc0, 0x0000000704100000| 99%| O|  |TS  0|AC  0|TAMS 0x0000000704000000, 0x0000000704000000|
|  65|0x0000000704100000, 0x00000007041fffc8, 0x0000000704200000| 99%| O|  |TS  0|AC  0|TAMS 0x0000000704100000, 0x0000000704100000|
|  66|0x0000000704200000, 0x00000007042fffe0, 0x0000000704300000| 99%| O|  |TS  0|AC  0|TAMS 0x0000000704200000, 0x0000000704200000|
|  67|0x0000000704300000, 0x00000007043ff588, 0x0000000704400000| 99%| O|  |TS  0|AC  0|TAMS 0x0000000704300000, 0x0000000704300000|
|  68|0x0000000704400000, 0x0000000704500000, 0x0000000704500000|100%| O|  |TS  0|AC  0|TAMS 0x0000000704400000, 0x0000000704400000|
|  69|0x0000000704500000, 0x00000007045ffe88, 0x0000000704600000| 99%| O|  |TS  0|AC  0|TAMS 0x0000000704500000, 0x0000000704500000|
|  70|0x0000000704600000, 0x0000000704700000, 0x0000000704700000|100%| O|  |TS  0|AC  0|TAMS 0x0000000704600000, 0x0000000704600000|
|  71|0x0000000704700000, 0x00000007047ffee0, 0x0000000704800000| 99%| O|  |TS  0|AC  0|TAMS 0x0000000704700000, 0x0000000704700000|
|  72|0x0000000704800000, 0x0000000704900000, 0x0000000704900000|100%| O|  |TS  0|AC  0|TAMS 0x0000000704800000, 0x0000000704800000|
|  73|0x0000000704900000, 0x0000000704a00000, 0x0000000704a00000|100%| O|  |TS  0|AC  0|TAMS 0x0000000704900000, 0x0000000704900000|
|  74|0x0000000704a00000, 0x0000000704b00000, 0x0000000704b00000|100%| O|  |TS  0|AC  0|TAMS 0x0000000704a00000, 0x0000000704a00000|
|  75|0x0000000704b00000, 0x0000000704bffff0, 0x0000000704c00000| 99%| O|  |TS  0|AC  0|TAMS 0x0000000704b00000, 0x0000000704b00000|
|  76|0x0000000704c00000, 0x0000000704cffff8, 0x0000000704d00000| 99%| O|  |TS  0|AC  0|TAMS 0x0000000704c00000, 0x0000000704c00000|
|  77|0x0000000704d00000, 0x0000000704dffff0, 0x0000000704e00000| 99%| O|  |TS  0|AC  0|TAMS 0x0000000704d00000, 0x0000000704d00000|
|  78|0x0000000704e00000, 0x0000000704efffe8, 0x0000000704f00000| 99%| O|  |TS  0|AC  0|TAMS 0x0000000704e00000, 0x0000000704e00000|
|  79|0x0000000704f00000, 0x0000000704fdf360, 0x0000000705000000| 87%| O|  |TS  0|AC  0|TAMS 0x0000000704f00000, 0x0000000704f00000|
|  80|0x0000000705000000, 0x0000000705000000, 0x0000000705100000|  0%| F|  |TS  0|AC  0|TAMS 0x0000000705000000, 0x0000000705000000|
|  81|0x0000000705100000, 0x0000000705100000, 0x0000000705200000|  0%| F|  |TS  0|AC  0|TAMS 0x0000000705100000, 0x0000000705100000|
|  82|0x0000000705200000, 0x0000000705200000, 0x0000000705300000|  0%| F|  |TS  0|AC  0|TAMS 0x0000000705200000, 0x0000000705200000|
|  83|0x0000000705300000, 0x0000000705300000, 0x0000000705400000|  0%| F|  |TS  0|AC  0|TAMS 0x0000000705300000, 0x0000000705300000|
|  84|0x0000000705400000, 0x0000000705400000, 0x0000000705500000|  0%| F|  |TS  0|AC  0|TAMS 0x0000000705400000, 0x0000000705400000|
|  85|0x0000000705500000, 0x0000000705500000, 0x0000000705600000|  0%| F|  |TS  0|AC  0|TAMS 0x0000000705500000, 0x0000000705500000|
|  86|0x0000000705600000, 0x0000000705600000, 0x0000000705700000|  0%| F|  |TS  0|AC  0|TAMS 0x0000000705600000, 0x0000000705600000|
|  87|0x0000000705700000, 0x0000000705700000, 0x0000000705800000|  0%| F|  |TS  0|AC  0|TAMS 0x0000000705700000, 0x0000000705700000|
|  88|0x0000000705800000, 0x0000000705800000, 0x0000000705900000|  0%| F|  |TS  0|AC  0|TAMS 0x0000000705800000, 0x0000000705800000|
|  89|0x0000000705900000, 0x0000000705900000, 0x0000000705a00000|  0%| F|  |TS  0|AC  0|TAMS 0x0000000705900000, 0x0000000705900000|
|  90|0x0000000705a00000, 0x0000000705a00000, 0x0000000705b00000|  0%| F|  |TS  0|AC  0|TAMS 0x0000000705a00000, 0x0000000705a00000|
|  91|0x0000000705b00000, 0x0000000705b00000, 0x0000000705c00000|  0%| F|  |TS  0|AC  0|TAMS 0x0000000705b00000, 0x0000000705b00000|
|  92|0x0000000705c00000, 0x0000000705d00000, 0x0000000705d00000|100%|HS|  |TS  0|AC  0|TAMS 0x0000000705c00000, 0x0000000705c00000|
|  93|0x0000000705d00000, 0x0000000705e00000, 0x0000000705e00000|100%|HC|  |TS  0|AC  0|TAMS 0x0000000705d00000, 0x0000000705d00000|
|  94|0x0000000705e00000, 0x0000000705f00000, 0x0000000705f00000|100%|HC|  |TS  0|AC  0|TAMS 0x0000000705e00000, 0x0000000705e00000|
|  95|0x0000000705f00000, 0x0000000706000000, 0x0000000706000000|100%|HC|  |TS  0|AC  0|TAMS 0x0000000705f00000, 0x0000000705f00000|
|  96|0x0000000706000000, 0x0000000706100000, 0x0000000706100000|100%|HC|  |TS  0|AC  0|TAMS 0x0000000706000000, 0x0000000706000000|
|  97|0x0000000706100000, 0x0000000706200000, 0x0000000706200000|100%|HC|  |TS  0|AC  0|TAMS 0x0000000706100000, 0x0000000706100000|
|  98|0x0000000706200000, 0x0000000706200000, 0x0000000706300000|  0%| F|  |TS  0|AC  0|TAMS 0x0000000706200000, 0x0000000706200000|
|  99|0x0000000706300000, 0x0000000706300000, 0x0000000706400000|  0%| F|  |TS  0|AC  0|TAMS 0x0000000706300000, 0x0000000706300000|
| 100|0x0000000706400000, 0x0000000706400000, 0x0000000706500000|  0%| F|  |TS  0|AC  0|TAMS 0x0000000706400000, 0x0000000706400000|
| 101|0x0000000706500000, 0x0000000706500000, 0x0000000706600000|  0%| F|  |TS  0|AC  0|TAMS 0x0000000706500000, 0x0000000706500000|
| 102|0x0000000706600000, 0x0000000706600000, 0x0000000706700000|  0%| F|  |TS  0|AC  0|TAMS 0x0000000706600000, 0x0000000706600000|
| 103|0x0000000706700000, 0x0000000706700000, 0x0000000706800000|  0%| F|  |TS  0|AC  0|TAMS 0x0000000706700000, 0x0000000706700000|
| 104|0x0000000706800000, 0x0000000706800000, 0x0000000706900000|  0%| F|  |TS  0|AC  0|TAMS 0x0000000706800000, 0x0000000706800000|
| 105|0x0000000706900000, 0x0000000706900000, 0x0000000706a00000|  0%| F|  |TS  0|AC  0|TAMS 0x0000000706900000, 0x0000000706900000|
| 106|0x0000000706a00000, 0x0000000706a00000, 0x0000000706b00000|  0%| F|  |TS  0|AC  0|TAMS 0x0000000706a00000, 0x0000000706a00000|
| 107|0x0000000706b00000, 0x0000000706b00000, 0x0000000706c00000|  0%| F|  |TS  0|AC  0|TAMS 0x0000000706b00000, 0x0000000706b00000|
| 108|0x0000000706c00000, 0x0000000706c00000, 0x0000000706d00000|  0%| F|  |TS  0|AC  0|TAMS 0x0000000706c00000, 0x0000000706c00000|
| 109|0x0000000706d00000, 0x0000000706d00000, 0x0000000706e00000|  0%| F|  |TS  0|AC  0|TAMS 0x0000000706d00000, 0x0000000706d00000|
| 110|0x0000000706e00000, 0x0000000706e00000, 0x0000000706f00000|  0%| F|  |TS  0|AC  0|TAMS 0x0000000706e00000, 0x0000000706e00000|
| 111|0x0000000706f00000, 0x0000000706f00000, 0x0000000707000000|  0%| F|  |TS  0|AC  0|TAMS 0x0000000706f00000, 0x0000000706f00000|
| 112|0x0000000707000000, 0x0000000707000000, 0x0000000707100000|  0%| F|  |TS  0|AC  0|TAMS 0x0000000707000000, 0x0000000707000000|
| 113|0x0000000707100000, 0x0000000707100000, 0x0000000707200000|  0%| F|  |TS  0|AC  0|TAMS 0x0000000707100000, 0x0000000707100000|
| 114|0x0000000707200000, 0x0000000707200000, 0x0000000707300000|  0%| F|  |TS  0|AC  0|TAMS 0x0000000707200000, 0x0000000707200000|
| 115|0x0000000707300000, 0x0000000707300000, 0x0000000707400000|  0%| F|  |TS  0|AC  0|TAMS 0x0000000707300000, 0x0000000707300000|
| 116|0x0000000707400000, 0x0000000707400000, 0x0000000707500000|  0%| F|  |TS  0|AC  0|TAMS 0x0000000707400000, 0x0000000707400000|
| 117|0x0000000707500000, 0x0000000707500000, 0x0000000707600000|  0%| F|  |TS  0|AC  0|TAMS 0x0000000707500000, 0x0000000707500000|
| 118|0x0000000707600000, 0x0000000707600000, 0x0000000707700000|  0%| F|  |TS  0|AC  0|TAMS 0x0000000707600000, 0x0000000707600000|
| 119|0x0000000707700000, 0x0000000707700000, 0x0000000707800000|  0%| F|  |TS  0|AC  0|TAMS 0x0000000707700000, 0x0000000707700000|
| 120|0x0000000707800000, 0x0000000707800000, 0x0000000707900000|  0%| F|  |TS  0|AC  0|TAMS 0x0000000707800000, 0x0000000707800000|
| 121|0x0000000707900000, 0x0000000707900000, 0x0000000707a00000|  0%| F|  |TS  0|AC  0|TAMS 0x0000000707900000, 0x0000000707900000|
| 122|0x0000000707a00000, 0x0000000707a00000, 0x0000000707b00000|  0%| F|  |TS  0|AC  0|TAMS 0x0000000707a00000, 0x0000000707a00000|
| 123|0x0000000707b00000, 0x0000000707b00000, 0x0000000707c00000|  0%| F|  |TS  0|AC  0|TAMS 0x0000000707b00000, 0x0000000707b00000|
| 124|0x0000000707c00000, 0x0000000707c00000, 0x0000000707d00000|  0%| F|  |TS  0|AC  0|TAMS 0x0000000707c00000, 0x0000000707c00000|
| 125|0x0000000707d00000, 0x0000000707d00000, 0x0000000707e00000|  0%| F|  |TS  0|AC  0|TAMS 0x0000000707d00000, 0x0000000707d00000|
| 126|0x0000000707e00000, 0x0000000707e00000, 0x0000000707f00000|  0%| F|  |TS  0|AC  0|TAMS 0x0000000707e00000, 0x0000000707e00000|
| 127|0x0000000707f00000, 0x0000000707f00000, 0x0000000708000000|  0%| F|  |TS  0|AC  0|TAMS 0x0000000707f00000, 0x0000000707f00000|
| 128|0x0000000708000000, 0x0000000708000000, 0x0000000708100000|  0%| F|  |TS  0|AC  0|TAMS 0x0000000708000000, 0x0000000708000000|
| 129|0x0000000708100000, 0x0000000708100000, 0x0000000708200000|  0%| F|  |TS  0|AC  0|TAMS 0x0000000708100000, 0x0000000708100000|
| 130|0x0000000708200000, 0x0000000708200000, 0x0000000708300000|  0%| F|  |TS  0|AC  0|TAMS 0x0000000708200000, 0x0000000708200000|
| 131|0x0000000708300000, 0x0000000708300000, 0x0000000708400000|  0%| F|  |TS  0|AC  0|TAMS 0x0000000708300000, 0x0000000708300000|
| 132|0x0000000708400000, 0x0000000708400000, 0x0000000708500000|  0%| F|  |TS  0|AC  0|TAMS 0x0000000708400000, 0x0000000708400000|
| 133|0x0000000708500000, 0x0000000708500000, 0x0000000708600000|  0%| F|  |TS  0|AC  0|TAMS 0x0000000708500000, 0x0000000708500000|
| 134|0x0000000708600000, 0x0000000708600000, 0x0000000708700000|  0%| F|  |TS  0|AC  0|TAMS 0x0000000708600000, 0x0000000708600000|
| 135|0x0000000708700000, 0x0000000708700000, 0x0000000708800000|  0%| F|  |TS  0|AC  0|TAMS 0x0000000708700000, 0x0000000708700000|
| 136|0x0000000708800000, 0x0000000708800000, 0x0000000708900000|  0%| F|  |TS  0|AC  0|TAMS 0x0000000708800000, 0x0000000708800000|
| 137|0x0000000708900000, 0x0000000708900000, 0x0000000708a00000|  0%| F|  |TS  0|AC  0|TAMS 0x0000000708900000, 0x0000000708900000|
| 138|0x0000000708a00000, 0x0000000708a00000, 0x0000000708b00000|  0%| F|  |TS  0|AC  0|TAMS 0x0000000708a00000, 0x0000000708a00000|
| 139|0x0000000708b00000, 0x0000000708b00000, 0x0000000708c00000|  0%| F|  |TS  0|AC  0|TAMS 0x0000000708b00000, 0x0000000708b00000|
| 140|0x0000000708c00000, 0x0000000708c00000, 0x0000000708d00000|  0%| F|  |TS  0|AC  0|TAMS 0x0000000708c00000, 0x0000000708c00000|
| 141|0x0000000708d00000, 0x0000000708d00000, 0x0000000708e00000|  0%| F|  |TS  0|AC  0|TAMS 0x0000000708d00000, 0x0000000708d00000|
| 142|0x0000000708e00000, 0x0000000708e00000, 0x0000000708f00000|  0%| F|  |TS  0|AC  0|TAMS 0x0000000708e00000, 0x0000000708e00000|
| 143|0x0000000708f00000, 0x0000000708f00000, 0x0000000709000000|  0%| F|  |TS  0|AC  0|TAMS 0x0000000708f00000, 0x0000000708f00000|
| 144|0x0000000709000000, 0x0000000709000000, 0x0000000709100000|  0%| F|  |TS  0|AC  0|TAMS 0x0000000709000000, 0x0000000709000000|
| 145|0x0000000709100000, 0x0000000709100000, 0x0000000709200000|  0%| F|  |TS  0|AC  0|TAMS 0x0000000709100000, 0x0000000709100000|
| 146|0x0000000709200000, 0x0000000709200000, 0x0000000709300000|  0%| F|  |TS  0|AC  0|TAMS 0x0000000709200000, 0x0000000709200000|
| 147|0x0000000709300000, 0x0000000709300000, 0x0000000709400000|  0%| F|  |TS  0|AC  0|TAMS 0x0000000709300000, 0x0000000709300000|
| 148|0x0000000709400000, 0x0000000709400000, 0x0000000709500000|  0%| F|  |TS  0|AC  0|TAMS 0x0000000709400000, 0x0000000709400000|
| 149|0x0000000709500000, 0x0000000709500000, 0x0000000709600000|  0%| F|  |TS  0|AC  0|TAMS 0x0000000709500000, 0x0000000709500000|
| 150|0x0000000709600000, 0x0000000709600000, 0x0000000709700000|  0%| F|  |TS  0|AC  0|TAMS 0x0000000709600000, 0x0000000709600000|
| 151|0x0000000709700000, 0x0000000709700000, 0x0000000709800000|  0%| F|  |TS  0|AC  0|TAMS 0x0000000709700000, 0x0000000709700000|
| 152|0x0000000709800000, 0x0000000709800000, 0x0000000709900000|  0%| F|  |TS  0|AC  0|TAMS 0x0000000709800000, 0x0000000709800000|
| 153|0x0000000709900000, 0x0000000709900000, 0x0000000709a00000|  0%| F|  |TS  0|AC  0|TAMS 0x0000000709900000, 0x0000000709900000|
| 154|0x0000000709a00000, 0x0000000709a00000, 0x0000000709b00000|  0%| F|  |TS  0|AC  0|TAMS 0x0000000709a00000, 0x0000000709a00000|
| 155|0x0000000709b00000, 0x0000000709b00000, 0x0000000709c00000|  0%| F|  |TS  0|AC  0|TAMS 0x0000000709b00000, 0x0000000709b00000|
| 156|0x0000000709c00000, 0x0000000709c00000, 0x0000000709d00000|  0%| F|  |TS  0|AC  0|TAMS 0x0000000709c00000, 0x0000000709c00000|
| 157|0x0000000709d00000, 0x0000000709d00000, 0x0000000709e00000|  0%| F|  |TS  0|AC  0|TAMS 0x0000000709d00000, 0x0000000709d00000|
| 158|0x0000000709e00000, 0x0000000709e00000, 0x0000000709f00000|  0%| F|  |TS  0|AC  0|TAMS 0x0000000709e00000, 0x0000000709e00000|
| 159|0x0000000709f00000, 0x0000000709f00000, 0x000000070a000000|  0%| F|  |TS  0|AC  0|TAMS 0x0000000709f00000, 0x0000000709f00000|
| 160|0x000000070a000000, 0x000000070a000000, 0x000000070a100000|  0%| F|  |TS  0|AC  0|TAMS 0x000000070a000000, 0x000000070a000000|
| 161|0x000000070a100000, 0x000000070a100000, 0x000000070a200000|  0%| F|  |TS  0|AC  0|TAMS 0x000000070a100000, 0x000000070a100000|
| 162|0x000000070a200000, 0x000000070a200000, 0x000000070a300000|  0%| F|  |TS  0|AC  0|TAMS 0x000000070a200000, 0x000000070a200000|
| 163|0x000000070a300000, 0x000000070a300000, 0x000000070a400000|  0%| F|  |TS  0|AC  0|TAMS 0x000000070a300000, 0x000000070a300000|
| 164|0x000000070a400000, 0x000000070a400000, 0x000000070a500000|  0%| F|  |TS  0|AC  0|TAMS 0x000000070a400000, 0x000000070a400000|
| 165|0x000000070a500000, 0x000000070a500000, 0x000000070a600000|  0%| F|  |TS  0|AC  0|TAMS 0x000000070a500000, 0x000000070a500000|
| 166|0x000000070a600000, 0x000000070a600000, 0x000000070a700000|  0%| F|  |TS  0|AC  0|TAMS 0x000000070a600000, 0x000000070a600000|
| 167|0x000000070a700000, 0x000000070a700000, 0x000000070a800000|  0%| F|  |TS  3|AC  0|TAMS 0x000000070a700000, 0x000000070a700000|
| 168|0x000000070a800000, 0x000000070a855d50, 0x000000070a900000| 33%| S|CS|TS  3|AC  0|TAMS 0x000000070a800000, 0x000000070a800000|
| 169|0x000000070a900000, 0x000000070a900000, 0x000000070aa00000|  0%| F|  |TS  3|AC  0|TAMS 0x000000070a900000, 0x000000070a900000|
| 170|0x000000070aa00000, 0x000000070aa00000, 0x000000070ab00000|  0%| F|  |TS  3|AC  0|TAMS 0x000000070aa00000, 0x000000070aa00000|
| 171|0x000000070ab00000, 0x000000070ab9ce50, 0x000000070ac00000| 61%| E|  |TS  3|AC  0|TAMS 0x000000070ab00000, 0x000000070ab00000|
| 172|0x000000070ac00000, 0x000000070ad00000, 0x000000070ad00000|100%| E|CS|TS  3|AC  0|TAMS 0x000000070ac00000, 0x000000070ac00000|
| 173|0x000000070ad00000, 0x000000070ae00000, 0x000000070ae00000|100%| E|CS|TS  3|AC  0|TAMS 0x000000070ad00000, 0x000000070ad00000|
| 174|0x000000070ae00000, 0x000000070af00000, 0x000000070af00000|100%| E|CS|TS  3|AC  0|TAMS 0x000000070ae00000, 0x000000070ae00000|
| 175|0x000000070af00000, 0x000000070b000000, 0x000000070b000000|100%| E|CS|TS  3|AC  0|TAMS 0x000000070af00000, 0x000000070af00000|
| 176|0x000000070b000000, 0x000000070b100000, 0x000000070b100000|100%| E|CS|TS  3|AC  0|TAMS 0x000000070b000000, 0x000000070b000000|
| 177|0x000000070b100000, 0x000000070b200000, 0x000000070b200000|100%| E|CS|TS  3|AC  0|TAMS 0x000000070b100000, 0x000000070b100000|
| 178|0x000000070b200000, 0x000000070b300000, 0x000000070b300000|100%| E|CS|TS  3|AC  0|TAMS 0x000000070b200000, 0x000000070b200000|
| 179|0x000000070b300000, 0x000000070b400000, 0x000000070b400000|100%| E|CS|TS  3|AC  0|TAMS 0x000000070b300000, 0x000000070b300000|
| 180|0x000000070b400000, 0x000000070b500000, 0x000000070b500000|100%| E|CS|TS  3|AC  0|TAMS 0x000000070b400000, 0x000000070b400000|
| 181|0x000000070b500000, 0x000000070b600000, 0x000000070b600000|100%| E|CS|TS  3|AC  0|TAMS 0x000000070b500000, 0x000000070b500000|
| 182|0x000000070b600000, 0x000000070b700000, 0x000000070b700000|100%| E|CS|TS  3|AC  0|TAMS 0x000000070b600000, 0x000000070b600000|
| 183|0x000000070b700000, 0x000000070b800000, 0x000000070b800000|100%| E|CS|TS  3|AC  0|TAMS 0x000000070b700000, 0x000000070b700000|
| 184|0x000000070b800000, 0x000000070b900000, 0x000000070b900000|100%| E|CS|TS  3|AC  0|TAMS 0x000000070b800000, 0x000000070b800000|
| 185|0x000000070b900000, 0x000000070ba00000, 0x000000070ba00000|100%| E|CS|TS  3|AC  0|TAMS 0x000000070b900000, 0x000000070b900000|
| 186|0x000000070ba00000, 0x000000070bb00000, 0x000000070bb00000|100%| E|CS|TS  3|AC  0|TAMS 0x000000070ba00000, 0x000000070ba00000|
| 187|0x000000070bb00000, 0x000000070bc00000, 0x000000070bc00000|100%| E|CS|TS  3|AC  0|TAMS 0x000000070bb00000, 0x000000070bb00000|
| 188|0x000000070bc00000, 0x000000070bd00000, 0x000000070bd00000|100%| E|CS|TS  3|AC  0|TAMS 0x000000070bc00000, 0x000000070bc00000|
| 189|0x000000070bd00000, 0x000000070be00000, 0x000000070be00000|100%| E|CS|TS  3|AC  0|TAMS 0x000000070bd00000, 0x000000070bd00000|
| 190|0x000000070be00000, 0x000000070bf00000, 0x000000070bf00000|100%| E|CS|TS  3|AC  0|TAMS 0x000000070be00000, 0x000000070be00000|
| 191|0x000000070bf00000, 0x000000070c000000, 0x000000070c000000|100%| E|CS|TS  3|AC  0|TAMS 0x000000070bf00000, 0x000000070bf00000|
| 192|0x000000070c000000, 0x000000070c100000, 0x000000070c100000|100%| E|CS|TS  3|AC  0|TAMS 0x000000070c000000, 0x000000070c000000|
| 193|0x000000070c100000, 0x000000070c200000, 0x000000070c200000|100%| E|CS|TS  3|AC  0|TAMS 0x000000070c100000, 0x000000070c100000|
| 194|0x000000070c200000, 0x000000070c300000, 0x000000070c300000|100%| E|CS|TS  3|AC  0|TAMS 0x000000070c200000, 0x000000070c200000|
| 195|0x000000070c300000, 0x000000070c400000, 0x000000070c400000|100%| E|CS|TS  3|AC  0|TAMS 0x000000070c300000, 0x000000070c300000|
| 196|0x000000070c400000, 0x000000070c500000, 0x000000070c500000|100%| E|CS|TS  3|AC  0|TAMS 0x000000070c400000, 0x000000070c400000|
| 197|0x000000070c500000, 0x000000070c600000, 0x000000070c600000|100%| E|CS|TS  3|AC  0|TAMS 0x000000070c500000, 0x000000070c500000|
| 198|0x000000070c600000, 0x000000070c700000, 0x000000070c700000|100%| E|CS|TS  3|AC  0|TAMS 0x000000070c600000, 0x000000070c600000|
| 199|0x000000070c700000, 0x000000070c800000, 0x000000070c800000|100%| E|CS|TS  3|AC  0|TAMS 0x000000070c700000, 0x000000070c700000|
| 200|0x000000070c800000, 0x000000070c900000, 0x000000070c900000|100%| E|CS|TS  3|AC  0|TAMS 0x000000070c800000, 0x000000070c800000|
| 201|0x000000070c900000, 0x000000070ca00000, 0x000000070ca00000|100%| E|CS|TS  3|AC  0|TAMS 0x000000070c900000, 0x000000070c900000|
| 202|0x000000070ca00000, 0x000000070cb00000, 0x000000070cb00000|100%| E|CS|TS  3|AC  0|TAMS 0x000000070ca00000, 0x000000070ca00000|
| 203|0x000000070cb00000, 0x000000070cc00000, 0x000000070cc00000|100%| E|CS|TS  3|AC  0|TAMS 0x000000070cb00000, 0x000000070cb00000|
| 204|0x000000070cc00000, 0x000000070cd00000, 0x000000070cd00000|100%| E|CS|TS  3|AC  0|TAMS 0x000000070cc00000, 0x000000070cc00000|
| 205|0x000000070cd00000, 0x000000070ce00000, 0x000000070ce00000|100%| E|CS|TS  3|AC  0|TAMS 0x000000070cd00000, 0x000000070cd00000|
| 206|0x000000070ce00000, 0x000000070cf00000, 0x000000070cf00000|100%| E|CS|TS  3|AC  0|TAMS 0x000000070ce00000, 0x000000070ce00000|
| 207|0x000000070cf00000, 0x000000070d000000, 0x000000070d000000|100%| E|CS|TS  3|AC  0|TAMS 0x000000070cf00000, 0x000000070cf00000|
| 208|0x000000070d000000, 0x000000070d100000, 0x000000070d100000|100%| E|CS|TS  3|AC  0|TAMS 0x000000070d000000, 0x000000070d000000|
| 209|0x000000070d100000, 0x000000070d200000, 0x000000070d200000|100%| E|CS|TS  3|AC  0|TAMS 0x000000070d100000, 0x000000070d100000|
| 210|0x000000070d200000, 0x000000070d300000, 0x000000070d300000|100%| E|CS|TS  3|AC  0|TAMS 0x000000070d200000, 0x000000070d200000|
| 211|0x000000070d300000, 0x000000070d400000, 0x000000070d400000|100%| E|CS|TS  3|AC  0|TAMS 0x000000070d300000, 0x000000070d300000|
| 212|0x000000070d400000, 0x000000070d500000, 0x000000070d500000|100%| E|CS|TS  3|AC  0|TAMS 0x000000070d400000, 0x000000070d400000|
| 213|0x000000070d500000, 0x000000070d600000, 0x000000070d600000|100%| E|CS|TS  3|AC  0|TAMS 0x000000070d500000, 0x000000070d500000|
| 214|0x000000070d600000, 0x000000070d700000, 0x000000070d700000|100%| E|CS|TS  3|AC  0|TAMS 0x000000070d600000, 0x000000070d600000|
| 215|0x000000070d700000, 0x000000070d800000, 0x000000070d800000|100%| E|CS|TS  3|AC  0|TAMS 0x000000070d700000, 0x000000070d700000|
| 216|0x000000070d800000, 0x000000070d900000, 0x000000070d900000|100%| E|CS|TS  3|AC  0|TAMS 0x000000070d800000, 0x000000070d800000|
| 217|0x000000070d900000, 0x000000070da00000, 0x000000070da00000|100%| E|CS|TS  3|AC  0|TAMS 0x000000070d900000, 0x000000070d900000|
| 218|0x000000070da00000, 0x000000070db00000, 0x000000070db00000|100%| E|CS|TS  3|AC  0|TAMS 0x000000070da00000, 0x000000070da00000|
| 219|0x000000070db00000, 0x000000070dc00000, 0x000000070dc00000|100%| E|CS|TS  3|AC  0|TAMS 0x000000070db00000, 0x000000070db00000|
| 220|0x000000070dc00000, 0x000000070dd00000, 0x000000070dd00000|100%| E|CS|TS  3|AC  0|TAMS 0x000000070dc00000, 0x000000070dc00000|
| 221|0x000000070dd00000, 0x000000070de00000, 0x000000070de00000|100%| E|CS|TS  3|AC  0|TAMS 0x000000070dd00000, 0x000000070dd00000|
| 222|0x000000070de00000, 0x000000070df00000, 0x000000070df00000|100%| E|CS|TS  3|AC  0|TAMS 0x000000070de00000, 0x000000070de00000|
| 223|0x000000070df00000, 0x000000070e000000, 0x000000070e000000|100%| E|CS|TS  3|AC  0|TAMS 0x000000070df00000, 0x000000070df00000|
| 224|0x000000070e000000, 0x000000070e100000, 0x000000070e100000|100%| E|CS|TS  3|AC  0|TAMS 0x000000070e000000, 0x000000070e000000|
| 225|0x000000070e100000, 0x000000070e200000, 0x000000070e200000|100%| E|CS|TS  3|AC  0|TAMS 0x000000070e100000, 0x000000070e100000|
| 226|0x000000070e200000, 0x000000070e2ffff8, 0x000000070e300000| 99%| E|CS|TS  3|AC  0|TAMS 0x000000070e200000, 0x000000070e200000|
| 227|0x000000070e300000, 0x000000070e400000, 0x000000070e400000|100%| E|CS|TS  3|AC  0|TAMS 0x000000070e300000, 0x000000070e300000|

Card table byte_map: [0x000001c6c0a80000,0x000001c6c1080000] byte_map_base: 0x000001c6bd280000

Marking Bits (Prev, Next): (CMBitMap*) 0x000001c6be87f160, (CMBitMap*) 0x000001c6be87f198
 Prev Bits: [0x000001c6dab50000, 0x000001c6ddb50000)
 Next Bits: [0x000001c6ddb50000, 0x000001c6e0b50000)

Polling page: 0x000001c6b4ae0000

CodeHeap 'non-profiled nmethods': size=119168Kb used=24223Kb max_used=24223Kb free=94944Kb
 bounds [0x000001c6d36f0000, 0x000001c6d4ea0000, 0x000001c6dab50000]
CodeHeap 'profiled nmethods': size=119168Kb used=49670Kb max_used=49670Kb free=69497Kb
 bounds [0x000001c6cc290000, 0x000001c6cf360000, 0x000001c6d36f0000]
CodeHeap 'non-nmethods': size=7424Kb used=3489Kb max_used=3525Kb free=3934Kb
 bounds [0x000001c6cbb50000, 0x000001c6cbed0000, 0x000001c6cc290000]
 total_blobs=35692 nmethods=19467 adapters=1132
 compilation: enabled

Compilation events (10 events):
Event: 1075.596 Thread 0x000001c6bb5b3000 nmethod 24453 0x000001c6d4e8fc10 code [0x000001c6d4e8fda0, 0x000001c6d4e8fe58]
Event: 1075.906 Thread 0x000001c6bb5b6000 24455   !   4       sun.nio.cs.StandardCharsets::lookup (166 bytes)
Event: 1075.906 Thread 0x000001c6bb5b8800 24456       4       sun.datatransfer.DataFlavorUtil::compareIndices (34 bytes)
Event: 1075.907 Thread 0x000001c6bb5b6000 nmethod 24455 0x000001c6d4e90390 code [0x000001c6d4e90560, 0x000001c6d4e90768]
Event: 1075.913 Thread 0x000001c6bb5b7000 24457   !   4       java.io.WinNTFileSystem::resolve (362 bytes)
Event: 1075.915 Thread 0x000001c6bb5b5000 24458       4       com.jidesoft.document.DocumentPane::getDocumentCount (10 bytes)
Event: 1075.915 Thread 0x000001c6bb5b5000 nmethod 24458 0x000001c6d4e90a10 code [0x000001c6d4e90ba0, 0x000001c6d4e90c38]
Event: 1075.932 Thread 0x000001c6bb5b7000 nmethod 24457 0x000001c6d4e90d10 code [0x000001c6d4e90fa0, 0x000001c6d4e92ce0]
Event: 1075.940 Thread 0x000001c6bb5b8800 nmethod 24456 0x000001c6d4e93a90 code [0x000001c6d4e93da0, 0x000001c6d4e95a10]
Event: 1076.412 Thread 0x000001c6bb5b5000 24459 %     4       sun.nio.cs.DoubleByte$Encoder::encodeFromUTF16 @ 8 (160 bytes)

GC Heap History (10 events):
Event: 1017.399 GC heap before
{Heap before GC invocations=273 (full 26):
 garbage-first heap   total 233472K, used 148886K [0x0000000700000000, 0x0000000700100720, 0x00000007c0000000)
  region size 1024K, 60 young (61440K), 1 survivors (1024K)
 Metaspace       used 86322K, capacity 93249K, committed 93568K, reserved 1130496K
  class space    used 11621K, capacity 12831K, committed 12928K, reserved 1048576K
}
Event: 1017.402 GC heap after
{Heap after GC invocations=274 (full 26):
 garbage-first heap   total 233472K, used 88437K [0x0000000700000000, 0x0000000700100720, 0x00000007c0000000)
  region size 1024K, 1 young (1024K), 1 survivors (1024K)
 Metaspace       used 86322K, capacity 93249K, committed 93568K, reserved 1130496K
  class space    used 11621K, capacity 12831K, committed 12928K, reserved 1048576K
}
Event: 1022.429 GC heap before
{Heap before GC invocations=274 (full 26):
 garbage-first heap   total 233472K, used 148853K [0x0000000700000000, 0x0000000700100720, 0x00000007c0000000)
  region size 1024K, 60 young (61440K), 1 survivors (1024K)
 Metaspace       used 86338K, capacity 93313K, committed 93568K, reserved 1130496K
  class space    used 11621K, capacity 12831K, committed 12928K, reserved 1048576K
}
Event: 1022.431 GC heap after
{Heap after GC invocations=275 (full 26):
 garbage-first heap   total 233472K, used 88662K [0x0000000700000000, 0x0000000700100720, 0x00000007c0000000)
  region size 1024K, 1 young (1024K), 1 survivors (1024K)
 Metaspace       used 86338K, capacity 93313K, committed 93568K, reserved 1130496K
  class space    used 11621K, capacity 12831K, committed 12928K, reserved 1048576K
}
Event: 1026.910 GC heap before
{Heap before GC invocations=275 (full 26):
 garbage-first heap   total 233472K, used 139862K [0x0000000700000000, 0x0000000700100720, 0x00000007c0000000)
  region size 1024K, 52 young (53248K), 1 survivors (1024K)
 Metaspace       used 86339K, capacity 93313K, committed 93568K, reserved 1130496K
  class space    used 11621K, capacity 12831K, committed 12928K, reserved 1048576K
}
Event: 1027.048 GC heap after
{Heap after GC invocations=276 (full 27):
 garbage-first heap   total 233472K, used 87616K [0x0000000700000000, 0x0000000700100720, 0x00000007c0000000)
  region size 1024K, 0 young (0K), 0 survivors (0K)
 Metaspace       used 86339K, capacity 93313K, committed 93568K, reserved 1130496K
  class space    used 11621K, capacity 12831K, committed 12928K, reserved 1048576K
}
Event: 1027.724 GC heap before
{Heap before GC invocations=276 (full 27):
 garbage-first heap   total 233472K, used 149056K [0x0000000700000000, 0x0000000700100720, 0x00000007c0000000)
  region size 1024K, 60 young (61440K), 0 survivors (0K)
 Metaspace       used 86355K, capacity 93313K, committed 93568K, reserved 1130496K
  class space    used 11621K, capacity 12831K, committed 12928K, reserved 1048576K
}
Event: 1027.726 GC heap after
{Heap after GC invocations=277 (full 27):
 garbage-first heap   total 233472K, used 88012K [0x0000000700000000, 0x0000000700100720, 0x00000007c0000000)
  region size 1024K, 1 young (1024K), 1 survivors (1024K)
 Metaspace       used 86355K, capacity 93313K, committed 93568K, reserved 1130496K
  class space    used 11621K, capacity 12831K, committed 12928K, reserved 1048576K
}
Event: 1028.107 GC heap before
{Heap before GC invocations=277 (full 27):
 garbage-first heap   total 233472K, used 148428K [0x0000000700000000, 0x0000000700100720, 0x00000007c0000000)
  region size 1024K, 60 young (61440K), 1 survivors (1024K)
 Metaspace       used 86361K, capacity 93313K, committed 93568K, reserved 1130496K
  class space    used 11621K, capacity 12831K, committed 12928K, reserved 1048576K
}
Event: 1028.108 GC heap after
{Heap after GC invocations=278 (full 27):
 garbage-first heap   total 233472K, used 87960K [0x0000000700000000, 0x0000000700100720, 0x00000007c0000000)
  region size 1024K, 1 young (1024K), 1 survivors (1024K)
 Metaspace       used 86361K, capacity 93313K, committed 93568K, reserved 1130496K
  class space    used 11621K, capacity 12831K, committed 12928K, reserved 1048576K
}

Deoptimization events (10 events):
Event: 946.818 Thread 0x000001c6e4dda000 Uncommon trap: reason=unstable_if action=reinterpret pc=0x000001c6d38449d8 method=com.jidesoft.editor.CodeEditor.modelToViewPosition(Lcom/jidesoft/editor/caret/CaretPosition;)Lcom/jidesoft/editor/caret/CaretPosition; @ 62 c2
Event: 954.946 Thread 0x000001c6e4dda000 Uncommon trap: reason=unstable_if action=reinterpret pc=0x000001c6d4dfda3c method=com.jidesoft.grid.JideTable.a(Ljavax/swing/event/TableModelEvent;)V @ 176 c2
Event: 954.949 Thread 0x000001c6e4dda000 Uncommon trap: reason=bimorphic_or_optimized_type_check action=maybe_recompile pc=0x000001c6d41cd96c method=javax.swing.JTable.isRowSelected(I)Z @ 5 c2
Event: 955.486 Thread 0x000001c6e4dda000 Uncommon trap: reason=bimorphic_or_optimized_type_check action=maybe_recompile pc=0x000001c6d398e7f4 method=java.util.TreeMap.getEntryUsingComparator(Ljava/lang/Object;)Ljava/util/TreeMap$Entry; @ 29 c2
Event: 956.510 Thread 0x000001c6e4dda000 Uncommon trap: reason=class_check action=maybe_recompile pc=0x000001c6d4cc1618 method=java.awt.LightweightDispatcher.retargetMouseEnterExit(Ljava/awt/Component;Ljava/awt/event/MouseEvent;Ljava/awt/Component;Z)Ljava/awt/Component; @ 46 c2
Event: 958.534 Thread 0x000001c6e4dda000 Uncommon trap: reason=unstable_if action=reinterpret pc=0x000001c6d4cbc378 method=com.jidesoft.grid.TreeExpandablePanel.paintFocus(Ljava/awt/Graphics;)V @ 59 c2
Event: 959.418 Thread 0x000001c6e4dda000 Uncommon trap: reason=unstable_if action=reinterpret pc=0x000001c6d4d04534 method=sun.java2d.SunGraphics2D.setComposite(Ljava/awt/Composite;)V @ 39 c2
Event: 961.195 Thread 0x000001c6e4dda000 Uncommon trap: reason=bimorphic_or_optimized_type_check action=maybe_recompile pc=0x000001c6d398e7f4 method=java.util.TreeMap.getEntryUsingComparator(Ljava/lang/Object;)Ljava/util/TreeMap$Entry; @ 29 c2
Event: 1075.905 Thread 0x000001c6e4dda000 Uncommon trap: reason=speculate_class_check action=maybe_recompile pc=0x000001c6d410da6c method=java.nio.charset.CharsetDecoder.decode(Ljava/nio/ByteBuffer;Ljava/nio/CharBuffer;Z)Ljava/nio/charset/CoderResult; @ 57 c2
Event: 1075.906 Thread 0x000001c6e4dda000 Uncommon trap: reason=speculate_class_check action=maybe_recompile pc=0x000001c6d410da6c method=java.nio.charset.CharsetDecoder.decode(Ljava/nio/ByteBuffer;Ljava/nio/CharBuffer;Z)Ljava/nio/charset/CoderResult; @ 57 c2

Classes redefined (0 events):
No events

Internal exceptions (10 events):
Event: 924.075 Thread 0x000001c6e4dda000 Implicit null exception at 0x000001c6d44e7168 to 0x000001c6d44e887d
Event: 995.270 Thread 0x000001c6e4dda000 Exception <a 'java/lang/NoSuchMethodError'{0x000000070b9891a8}: method resolution failed> (0x000000070b9891a8) thrown at [t:/workspace/hotspot/src/share/vm/prims/methodHandles.cpp, line 1256]
Event: 995.270 Thread 0x000001c6e4dda000 Exception <a 'java/lang/NoSuchMethodError'{0x000000070b98d658}: java.lang.invoke.DelegatingMethodHandle$Holder.reinvoke_L(Ljava/lang/Object;Ljava/lang/Object;IILjava/lang/Object;Ljava/lang/Object;Ljava/lang/Object;Ljava/lang/Object;III)Ljava/lang/Object;>
Event: 995.271 Thread 0x000001c6e4dda000 Exception <a 'java/lang/NoSuchMethodError'{0x000000070b9fedc0}: java.lang.invoke.DirectMethodHandle$Holder.invokeSpecial(Ljava/lang/Object;Ljava/lang/Object;IILjava/lang/Object;Ljava/lang/Object;Ljava/lang/Object;Ljava/lang/Object;III)Ljava/lang/Object;> 
Event: 995.271 Thread 0x000001c6e4dda000 Exception <a 'java/lang/NoSuchMethodError'{0x000000070b802fe0}: java.lang.invoke.DelegatingMethodHandle$Holder.reinvoke_L(Ljava/lang/Object;IILjava/lang/Object;Ljava/lang/Object;Ljava/lang/Object;Ljava/lang/Object;III)Ljava/lang/Object;> (0x000000070b802f
Event: 995.271 Thread 0x000001c6e4dda000 Exception <a 'java/lang/NoSuchMethodError'{0x000000070b854808}: java.lang.invoke.DirectMethodHandle$Holder.invokeStatic(Ljava/lang/Object;Ljava/lang/Object;Ljava/lang/Object;Ljava/lang/Object;Ljava/lang/Object;Ljava/lang/Object;Ljava/lang/Object;Ljava/lan
Event: 995.272 Thread 0x000001c6e4dda000 Exception <a 'java/lang/NoSuchMethodError'{0x000000070b8754a8}: method resolution failed> (0x000000070b8754a8) thrown at [t:/workspace/hotspot/src/share/vm/prims/methodHandles.cpp, line 1256]
Event: 995.272 Thread 0x000001c6e4dda000 Exception <a 'java/lang/NoSuchMethodError'{0x000000070b897e40}: method resolution failed> (0x000000070b897e40) thrown at [t:/workspace/hotspot/src/share/vm/prims/methodHandles.cpp, line 1256]
Event: 995.273 Thread 0x000001c6e4dda000 Exception <a 'java/lang/NoSuchMethodError'{0x000000070b8a6b70}: method resolution failed> (0x000000070b8a6b70) thrown at [t:/workspace/hotspot/src/share/vm/prims/methodHandles.cpp, line 1256]
Event: 995.273 Thread 0x000001c6e4dda000 Exception <a 'java/lang/NoSuchMethodError'{0x000000070b8aa980}: java.lang.invoke.DelegatingMethodHandle$Holder.reinvoke_L(Ljava/lang/Object;Ljava/lang/Object;Ljava/lang/Object;Ljava/lang/Object;Ljava/lang/Object;III)Ljava/lang/Object;> (0x000000070b8aa980

Events (10 events):
Event: 1075.906 Thread 0x000001c6e4dda000 Uncommon trap: trap_request=0xffffff76 fr.pc=0x000001c6d410da6c relative=0x0000000000000d2c
Event: 1075.906 Thread 0x000001c6e4dda000 DEOPT PACKING pc=0x000001c6d410da6c sp=0x000000774c5fa930
Event: 1075.906 Thread 0x000001c6e4dda000 DEOPT UNPACKING pc=0x000001c6cbb9df29 sp=0x000000774c5fa858 mode 2
Event: 1076.181 Thread 0x000001c6bf6d4800 Thread added: 0x000001c6bf6d4800
Event: 1076.182 Thread 0x000001c6bf6d4800 Thread exited: 0x000001c6bf6d4800
Event: 1076.410 Thread 0x000001c6bf6d3800 Thread added: 0x000001c6bf6d3800
Event: 1076.410 Thread 0x000001c6bf6d9000 Thread added: 0x000001c6bf6d9000
Event: 1076.413 Executing VM operation: RevokeBias
Event: 1076.413 Executing VM operation: RevokeBias done
Event: 1076.414 Thread 0x000001c6bf6d9000 Thread exited: 0x000001c6bf6d9000


Dynamic libraries:
0x00007ff6d6710000 - 0x00007ff6d6740000 	D:\vivado\Vivado\2019.2\bin\unwrapped\win64.o\vivado.exe
0x00007ffab7b90000 - 0x00007ffab7da7000 	C:\Windows\SYSTEM32\ntdll.dll
0x00007ffab6b40000 - 0x00007ffab6c04000 	C:\Windows\System32\KERNEL32.DLL
0x00007ffab5070000 - 0x00007ffab5429000 	C:\Windows\System32\KERNELBASE.dll
0x00007ffab5790000 - 0x00007ffab58a1000 	C:\Windows\System32\ucrtbase.dll
0x00007ffaabb80000 - 0x00007ffaabc0d000 	C:\Windows\SYSTEM32\MSVCP140.dll
0x00007ffaabc10000 - 0x00007ffaabc2e000 	C:\Windows\SYSTEM32\VCRUNTIME140.dll
0x00007ffaabb50000 - 0x00007ffaabb5c000 	C:\Windows\SYSTEM32\VCRUNTIME140_1.dll
0x00007ffa9b800000 - 0x00007ffa9b814000 	D:\vivado\Vivado\2019.2\lib\win64.o\libboost_signals.dll
0x00007ffa9b7e0000 - 0x00007ffa9b7f6000 	D:\vivado\Vivado\2019.2\lib\win64.o\librdi_commonmain.dll
0x00007ffa25bb0000 - 0x00007ffa26af3000 	D:\vivado\Vivado\2019.2\lib\win64.o\librdi_common.dll
0x00007ffa9b7b0000 - 0x00007ffa9b7d6000 	D:\vivado\Vivado\2019.2\lib\win64.o\libboost_filesystem.dll
0x00007ffab7460000 - 0x00007ffab7512000 	C:\Windows\System32\ADVAPI32.dll
0x00007ffab6c10000 - 0x00007ffab6cb7000 	C:\Windows\System32\msvcrt.dll
0x00007ffaaefb0000 - 0x00007ffaaefba000 	D:\vivado\Vivado\2019.2\lib\win64.o\librdi_commonversion.dll
0x00007ffab73b0000 - 0x00007ffab7457000 	C:\Windows\System32\sechost.dll
0x00007ffab5590000 - 0x00007ffab55b8000 	C:\Windows\System32\bcrypt.dll
0x00007ffab5b60000 - 0x00007ffab5c74000 	C:\Windows\System32\RPCRT4.dll
0x00007ffab6500000 - 0x00007ffab66ae000 	C:\Windows\System32\USER32.dll
0x00007ffab56e0000 - 0x00007ffab5706000 	C:\Windows\System32\win32u.dll
0x00007ffab72f0000 - 0x00007ffab7319000 	C:\Windows\System32\GDI32.dll
0x00007ffab55c0000 - 0x00007ffab56db000 	C:\Windows\System32\gdi32full.dll
0x00007ffab54f0000 - 0x00007ffab558a000 	C:\Windows\System32\msvcp_win.dll
0x00007ffab5c80000 - 0x00007ffab64f6000 	C:\Windows\System32\SHELL32.dll
0x00007ffa77cb0000 - 0x00007ffa77e51000 	D:\vivado\Vivado\2019.2\lib\win64.o\librdi_commonxillic.dll
0x0000000058560000 - 0x000000005868b000 	D:\vivado\Vivado\2019.2\lib\win64.o\tcl85t.dll
0x00007ffab7910000 - 0x00007ffab7981000 	C:\Windows\System32\WS2_32.dll
0x00007ffa70080000 - 0x00007ffa703ee000 	D:\vivado\Vivado\2019.2\lib\win64.o\libCOIN-all.dll
0x00007ffa9b1c0000 - 0x00007ffa9b1d4000 	D:\vivado\Vivado\2019.2\lib\win64.o\libboost_date_time.dll
0x00007ffa9a1d0000 - 0x00007ffa9a24f000 	D:\vivado\Vivado\2019.2\lib\win64.o\libboost_program_options.dll
0x00007ffa8ca60000 - 0x00007ffa8cb74000 	D:\vivado\Vivado\2019.2\lib\win64.o\libboost_regex.dll
0x00007ffaae140000 - 0x00007ffaae14b000 	D:\vivado\Vivado\2019.2\lib\win64.o\libboost_system.dll
0x00007ffa9b190000 - 0x00007ffa9b1b1000 	D:\vivado\Vivado\2019.2\lib\win64.o\libboost_thread.dll
0x00007ffa9a1c0000 - 0x00007ffa9a1cf000 	D:\vivado\Vivado\2019.2\lib\win64.o\libboost_xilinx.dll
0x00007ffa96a80000 - 0x00007ffa96b02000 	D:\vivado\Vivado\2019.2\lib\win64.o\libhdlpsolve.dll
0x00007ffa81020000 - 0x00007ffa810c5000 	D:\vivado\Vivado\2019.2\lib\win64.o\libhdxml.dll
0x00007ffa24fb0000 - 0x00007ffa25bac200 	D:\vivado\Vivado\2019.2\lib\win64.o\libisl_iostreams.dll
0x00007ffa9a190000 - 0x00007ffa9a1be000 	D:\vivado\Vivado\2019.2\lib\win64.o\libisl_sysinfo.dll
0x00007ffa96970000 - 0x00007ffa969d5000 	D:\vivado\Vivado\2019.2\lib\win64.o\liblmx6.0.dll
0x00007ffa96a60000 - 0x00007ffa96a7a000 	D:\vivado\Vivado\2019.2\lib\win64.o\pthreadVC2.dll
0x00007ffa96a40000 - 0x00007ffa96a5c000 	D:\vivado\Vivado\2019.2\lib\win64.o\librdiconfig.dll
0x00007ffa8a960000 - 0x00007ffa8a981000 	D:\vivado\Vivado\2019.2\lib\win64.o\librdizlib.dll
0x00007ffa97840000 - 0x00007ffa97d3e000 	C:\Windows\SYSTEM32\WININET.dll
0x00007ffaabb60000 - 0x00007ffaabb79000 	C:\Windows\SYSTEM32\NETAPI32.dll
0x00007ffa95b00000 - 0x00007ffa95cf0000 	C:\Windows\SYSTEM32\urlmon.dll
0x00007ffab04f0000 - 0x00007ffab0626000 	C:\Windows\SYSTEM32\WINHTTP.dll
0x00007ffa9a180000 - 0x00007ffa9a189000 	C:\Windows\SYSTEM32\WSOCK32.dll
0x0000000012000000 - 0x0000000012270000 	D:\vivado\Vivado\2019.2\lib\win64.o\xerces-c_3_1.dll
0x00007ffa86db0000 - 0x00007ffa86de0000 	C:\Windows\SYSTEM32\VCOMP140.DLL
0x00007ffa68970000 - 0x00007ffa68c4b000 	D:\vivado\Vivado\2019.2\lib\win64.o\libXil_lmgr11.dll
0x00007ffab7a30000 - 0x00007ffab7b2f000 	C:\Windows\System32\COMDLG32.dll
0x00007ffab7580000 - 0x00007ffab790f000 	C:\Windows\System32\combase.dll
0x00007ffab5a60000 - 0x00007ffab5b59000 	C:\Windows\System32\shcore.dll
0x00007ffab6a70000 - 0x00007ffab6ace000 	C:\Windows\System32\SHLWAPI.dll
0x00007ffab5980000 - 0x00007ffab5a57000 	C:\Windows\System32\OLEAUT32.dll
0x00007ffab7140000 - 0x00007ffab72e5000 	C:\Windows\System32\ole32.dll
0x00007ffab5000000 - 0x00007ffab506c000 	C:\Windows\System32\WINTRUST.dll
0x00007ffab4e90000 - 0x00007ffab4ff6000 	C:\Windows\System32\CRYPT32.dll
0x00007ffa99e00000 - 0x00007ffa99e0d000 	D:\vivado\Vivado\2019.2\lib\win64.o\libboost_chrono.dll
0x00007ffa24110000 - 0x00007ffa24fa1000 	D:\vivado\Vivado\2019.2\lib\win64.o\gurobi65.dll
0x00007ffa96950000 - 0x00007ffa9696b000 	D:\vivado\Vivado\2019.2\lib\win64.o\libboost_iostreams.dll
0x00007ffa85940000 - 0x00007ffa85965000 	D:\vivado\Vivado\2019.2\lib\win64.o\libisl_iosutils.dll
0x00007ffa99340000 - 0x00007ffa995fe000 	C:\Windows\SYSTEM32\iertutil.dll
0x00007ffa99310000 - 0x00007ffa99338000 	C:\Windows\SYSTEM32\srvcli.dll
0x00007ffab3af0000 - 0x00007ffab3afc000 	C:\Windows\SYSTEM32\netutils.dll
0x00007ffaa45d0000 - 0x00007ffaa4683000 	C:\Windows\WinSxS\amd64_microsoft.windows.common-controls_6595b64144ccf1df_5.82.22621.3527_none_b43b7f4b638cc64f\COMCTL32.dll
0x00007ffaad410000 - 0x00007ffaad42f000 	C:\Windows\SYSTEM32\dhcpcsvc.DLL
0x00007ffab79f0000 - 0x00007ffab7a21000 	C:\Windows\System32\IMM32.DLL
0x00007ffab4be0000 - 0x00007ffab4bf2000 	C:\Windows\SYSTEM32\MSASN1.dll
0x00007ffab3fc0000 - 0x00007ffab3fd8000 	C:\Windows\SYSTEM32\kernel.appcore.dll
0x00007ffa29d10000 - 0x00007ffa2a227000 	D:\vivado\Vivado\2019.2\lib\win64.o\librdi_commontasks.dll
0x00007ffaad430000 - 0x00007ffaad43a000 	C:\Windows\SYSTEM32\VERSION.dll
0x00007ffa68680000 - 0x00007ffa68963000 	D:\vivado\Vivado\2019.2\lib\win64.o\librdi_sio.dll
0x00007ffab3940000 - 0x00007ffab396d000 	C:\Windows\SYSTEM32\IPHLPAPI.DLL
0x0000000057b30000 - 0x0000000058555000 	D:\vivado\Vivado\2019.2\tps\win64\jre9.0.4\bin\server\jvm.dll
0x00007ffab6ad0000 - 0x00007ffab6ad8000 	C:\Windows\System32\PSAPI.DLL
0x00007ffaad470000 - 0x00007ffaad4a4000 	C:\Windows\SYSTEM32\WINMM.dll
0x00007ffa6ff90000 - 0x00007ffa7007f000 	C:\Windows\SYSTEM32\MSVCR120.dll
0x00007ffab4440000 - 0x00007ffab44a9000 	C:\Windows\SYSTEM32\MSWSOCK.DLL
0x00007ffab2de0000 - 0x00007ffab36e3000 	C:\Windows\SYSTEM32\windows.storage.dll
0x00007ffab2ca0000 - 0x00007ffab2ddf000 	C:\Windows\SYSTEM32\wintypes.dll
0x00007ffa219c0000 - 0x00007ffa24105000 	D:\vivado\Vivado\2019.2\lib\win64.o\librdi_tcltasks.dll
0x00007ffa7c760000 - 0x00007ffa7c7db000 	D:\vivado\Vivado\2019.2\lib\win64.o\librdi_boarddep.dll
0x00007ffa21500000 - 0x00007ffa219b4000 	D:\vivado\Vivado\2019.2\lib\win64.o\librdi_bitstream.dll
0x00007ffa2b040000 - 0x00007ffa2b1dd000 	D:\vivado\Vivado\2019.2\lib\win64.o\librdi_board.dll
0x00007ffa2a680000 - 0x00007ffa2a7d2000 	D:\vivado\Vivado\2019.2\lib\win64.o\librdi_cd_client.dll
0x00007ffa6d3c0000 - 0x00007ffa6d4af000 	D:\vivado\Vivado\2019.2\lib\win64.o\librdi_chipscope.dll
0x00007ffa2a4c0000 - 0x00007ffa2a680000 	D:\vivado\Vivado\2019.2\lib\win64.o\librdi_chipscopeimpl.dll
0x00007ffa1f6f0000 - 0x00007ffa1fa14000 	D:\vivado\Vivado\2019.2\lib\win64.o\librdi_containers.dll
0x00007ffa1fa20000 - 0x00007ffa214fa000 	D:\vivado\Vivado\2019.2\lib\win64.o\librdi_constraints.dll
0x00007ffa1c770000 - 0x00007ffa1ce49000 	D:\vivado\Vivado\2019.2\lib\win64.o\librdi_coregenipxact.dll
0x00007ffa1ce50000 - 0x00007ffa1ee40000 	D:\vivado\Vivado\2019.2\lib\win64.o\librdi_coregen.dll
0x00007ffa1f3a0000 - 0x00007ffa1f6ea000 	D:\vivado\Vivado\2019.2\lib\win64.o\librdi_dlyest.dll
0x00007ffa144a0000 - 0x00007ffa1876b000 	D:\vivado\Vivado\2019.2\lib\win64.o\librdi_designutils.dll
0x00007ffa37060000 - 0x00007ffa37124000 	D:\vivado\Vivado\2019.2\lib\win64.o\librdi_dsp.dll
0x00007ffa1c1a0000 - 0x00007ffa1c76d000 	D:\vivado\Vivado\2019.2\lib\win64.o\librdi_drc.dll
0x00007ffa1bb30000 - 0x00007ffa1c19b000 	D:\vivado\Vivado\2019.2\lib\win64.o\librdi_filemgmt.dll
0x00007ffa1b820000 - 0x00007ffa1bb30000 	D:\vivado\Vivado\2019.2\lib\win64.o\librdi_guitools.dll
0x00007ffa80fb0000 - 0x00007ffa8101a000 	D:\vivado\Vivado\2019.2\lib\win64.o\librdi_hdf.dll
0x00007ffa29bc0000 - 0x00007ffa29d08000 	D:\vivado\Vivado\2019.2\lib\win64.o\librdi_hip_perf_analysis.dll
0x00007ffa28dc0000 - 0x00007ffa28fe0000 	D:\vivado\Vivado\2019.2\lib\win64.o\librdi_hip_devdesign.dll
0x00007ffa1a0b0000 - 0x00007ffa1b81d000 	D:\vivado\Vivado\2019.2\lib\win64.o\librdi_implflow.dll
0x00007ffa7ae40000 - 0x00007ffa7aeb4000 	D:\vivado\Vivado\2019.2\lib\win64.o\librdi_memoryarray.dll
0x00007ffa19380000 - 0x00007ffa19a63000 	D:\vivado\Vivado\2019.2\lib\win64.o\librdi_netlist.dll
0x00007ffa19a70000 - 0x00007ffa1a0a1000 	D:\vivado\Vivado\2019.2\lib\win64.o\librdi_memdata.dll
0x00007ffa82a30000 - 0x00007ffa82a7c000 	D:\vivado\Vivado\2019.2\lib\win64.o\librdi_pfi.dll
0x00007ff9ff8f0000 - 0x00007ffa1449b000 	D:\vivado\Vivado\2019.2\lib\win64.o\librdi_device.dll
0x00007ff9fcb20000 - 0x00007ff9ff8eb000 	D:\vivado\Vivado\2019.2\lib\win64.o\librdi_mig.dll
0x00007ff9fc800000 - 0x00007ff9fcb1b000 	D:\vivado\Vivado\2019.2\lib\win64.o\librdi_platform.dll
0x00007ff9f9160000 - 0x00007ff9f971a000 	D:\vivado\Vivado\2019.2\lib\win64.o\librdi_project.dll
0x00007ff9fbff0000 - 0x00007ff9fc7fb000 	D:\vivado\Vivado\2019.2\lib\win64.o\librdi_power.dll
0x00007ff9f8a20000 - 0x00007ff9f9153000 	D:\vivado\Vivado\2019.2\lib\win64.o\librdi_psta.dll
0x00007ff9f9720000 - 0x00007ff9fbfe7000 	D:\vivado\Vivado\2019.2\lib\win64.o\librdi_place.dll
0x00007ff9f8350000 - 0x00007ff9f8a11000 	D:\vivado\Vivado\2019.2\lib\win64.o\librdi_rsb.dll
0x00007ff9f7f20000 - 0x00007ff9f8343000 	D:\vivado\Vivado\2019.2\lib\win64.o\librdi_runs.dll
0x00007ffa2bb90000 - 0x00007ffa2bc98000 	D:\vivado\Vivado\2019.2\lib\win64.o\librdi_runsbase.dll
0x00007ffa19100000 - 0x00007ffa19375000 	D:\vivado\Vivado\2019.2\lib\win64.o\librdi_simdata.dll
0x00007ffa1f030000 - 0x00007ffa1f1d0000 	D:\vivado\Vivado\2019.2\lib\win64.o\librdi_cd_protocol.dll
0x00007ff9f7090000 - 0x00007ff9f7f1d000 	D:\vivado\Vivado\2019.2\lib\win64.o\librdi_timing.dll
0x00007ff9f6ee0000 - 0x00007ff9f7081000 	D:\vivado\Vivado\2019.2\lib\win64.o\librdi_advchipscopeimpl.dll
0x00007ffa7a8b0000 - 0x00007ffa7a8fc000 	D:\vivado\Vivado\2019.2\lib\win64.o\libboost_serialization.dll
0x00007ffa7a800000 - 0x00007ffa7a84a000 	D:\vivado\Vivado\2019.2\lib\win64.o\librdi_noc_frameworks.dll
0x00007ffa2a3e0000 - 0x00007ffa2a4b7000 	D:\vivado\Vivado\2019.2\lib\win64.o\librdi_ipconfig_readwrite.dll
0x00007ffa6a7b0000 - 0x00007ffa6a84e000 	D:\vivado\Vivado\2019.2\lib\win64.o\libise.dll
0x00007ffa7a7b0000 - 0x00007ffa7a7fa000 	D:\vivado\Vivado\2019.2\lib\win64.o\librdi_wavedata_SimpleApi.dll
0x00007ff9f5d70000 - 0x00007ff9f638b000 	D:\vivado\Vivado\2019.2\lib\win64.o\librdi_wavedata.dll
0x00007ff9f5b80000 - 0x00007ff9f5d64000 	D:\vivado\Vivado\2019.2\lib\win64.o\librdi_hip_config.dll
0x00007ff9f6390000 - 0x00007ff9f6ed7000 	D:\vivado\Vivado\2019.2\lib\win64.o\libverific.dll

VM Arguments:
jvm_args: -Dsun.java2d.pmoffscreen=false -Dsun.java2d.xrender=false -Dsun.java2d.d3d=false -Dsun.awt.nopixfmt=true -Dsun.java2d.dpiaware=true -Dsun.java2d.uiScale.enabled=false -Xverify:none -Dswing.aatext=true -XX:-UsePerfData -Djdk.map.althashing.threshold=512 -XX:StringTableSize=4072 --add-opens=java.base/java.nio=ALL-UNNAMED --add-opens=java.desktop/sun.swing=ALL-UNNAMED --add-opens=java.desktop/javax.swing=ALL-UNNAMED --add-opens=java.desktop/javax.swing.tree=ALL-UNNAMED --add-opens=java.desktop/javax.swing.plaf.basic=ALL-UNNAMED --add-opens=java.desktop/javax.swing.plaf.synth=ALL-UNNAMED --add-opens=java.desktop/com.sun.awt=ALL-UNNAMED -XX:NewSize=60m -XX:MaxNewSize=60m -Xms128m -Xmx3072m -Xss5m 
java_command: <unknown>
java_class_path (initial): D:/vivado/Vivado/2019.2\lib\classes\alloy.jar;D:/vivado/Vivado/2019.2\lib\classes\autoesl-common.jar;D:/vivado/Vivado/2019.2\lib\classes\autoesl-models.jar;D:/vivado/Vivado/2019.2\lib\classes\autoesl-report.jar;D:/vivado/Vivado/2019.2\lib\classes\autopilot.scelaborator.jar;D:/vivado/Vivado/2019.2\lib\classes\autopilot.sourceprocessor.jar;D:/vivado/Vivado/2019.2\lib\classes\autopilot.tbprocessor.jar;D:/vivado/Vivado/2019.2\lib\classes\batik-anim.jar;D:/vivado/Vivado/2019.2\lib\classes\batik-awt-util.jar;D:/vivado/Vivado/2019.2\lib\classes\batik-bridge.jar;D:/vivado/Vivado/2019.2\lib\classes\batik-codec.jar;D:/vivado/Vivado/2019.2\lib\classes\batik-css.jar;D:/vivado/Vivado/2019.2\lib\classes\batik-dom.jar;D:/vivado/Vivado/2019.2\lib\classes\batik-ext.jar;D:/vivado/Vivado/2019.2\lib\classes\batik-gui-util.jar;D:/vivado/Vivado/2019.2\lib\classes\batik-gvt.jar;D:/vivado/Vivado/2019.2\lib\classes\batik-parser.jar;D:/vivado/Vivado/2019.2\lib\classes\batik-script.jar;D:/vivado/Vivado/2019.2\lib\classes\batik-svg-dom.jar;D:/vivado/Vivado/2019.2\lib\classes\batik-swing.jar;D:/vivado/Vivado/2019.2\lib\classes\batik-transcoder.jar;D:/vivado/Vivado/2019.2\lib\classes\batik-util.jar;D:/vivado/Vivado/2019.2\lib\classes\batik-xml.jar;D:/vivado/Vivado/2019.2\lib\classes\com.google.gson_2.7.0.v20170129-0911.jar;D:/vivado/Vivado/2019.2\lib\classes\com.google.guava_21.0.0.v20170206-1425.jar;D:/vivado/Vivado/2019.2\lib\classes\com.ibm.icu_4.4.2.v20110208.jar;D:/vivado/Vivado/2019.2\lib\classes\com.sigasi.hdt.connection_4.5.0.201909241521.jar;D:/vivado/Vivado/2019.2\lib\classes\com.sigasi.hdt.epl_4.5.0.201909241521.jar;D:/vivado/Vivado/2019.2\lib\classes\com.sigasi.hdt.project_4.5.0.201909241521.jar;D:/vivado/Vivado/2019.2\lib\classes\com.sigasi.hdt.readonlyfilesystem_4.5.0.201909241521.jar;D:/vivado/Vivado/2019.2\lib\classes\com.sigasi.lcm_4.5.0.201909241521.jar;D:/vivado/Vivado/2019.2\lib\classes\com.sigasi.sdk.client_4.5.0.201909241521.jar;D:/vivado/Vivado
Launcher Type: generic

Logging:
Log output configuration:
#0: stdout all=warning uptime,level,tags
#1: stderr all=off uptime,level,tags

Environment Variables:
PATH=D:/vivado/Vivado/2019.2\gnuwin\bin;D:/vivado/Vivado/2019.2\gnu\microblaze\nt\bin;D:/vivado/Vivado/2019.2/bin;D:/vivado/Vivado/2019.2/lib/win64.o;D:/vivado/Vivado/2019.2/tps/win64/jre9.0.4/bin/server;D:/vivado/Vivado/2019.2/tps/win64/jre9.0.4/bin;D:/vivado/Vivado/2019.2/ids_lite/ISE/bin/nt64;D:/vivado/Vivado/2019.2/ids_lite/ISE/lib/nt64;D:\Anconda\condabin;D:\VMware\bin\;C:\Python312\Scripts\;C:\Python312\;C:\Program Files\NVIDIA GPU Computing Toolkit\CUDA\v12.1\bin;C:\Program Files\NVIDIA GPU Computing Toolkit\CUDA\v12.1\libnvvp;C:\Program Files\PlasticSCM5\server;C:\Program Files\PlasticSCM5\client;C:\Program Files (x86)\Common Files\Intel\Shared Libraries\redist\intel64\compiler;C:\Program Files\Common Files\Oracle\Java\javapath;C:\Program Files (x86)\Common Files\Oracle\Java\javapath;D:\Qt\6.5.3\mingw_64\bin;C:\Windows\system32;C:\Windows;C:\Windows\System32\Wbem;C:\Windows\System32\WindowsPowerShell\v1.0\;C:\Windows\System32\OpenSSH\;C:\Program Files (x86)\NVIDIA Corporation\PhysX\Common;C:\Program Files\NVIDIA Corporation\NVIDIA NvDLISR;C:\Program Files (x86)\Microsoft SQL Server\100\Tools\Binn\;C:\Program Files\Microsoft SQL Server\100\Tools\Binn\;C:\Program Files\Microsoft SQL Server\100\DTS\Binn\;C:\Program Files\Microsoft SQL Server\120\Tools\Binn\;D:\Matlab\runtime\win64;D:\Matlab\bin;D:\ä¯ÀÀÆ÷ÏÂÔØ\platform-tools;C:\W;NDOWS\system32;D:\mongodb\bin;D:\Learning\Matlab\runtime\win64;D:\Learning\Matlab\bin;C:\Program Files\dotnet\;D:\Git\cmd;C:\Program Files\NVIDIA Corporation\Nsight Compute 2023.1.0\;C:\Program Files\nodejs\;C:\ProgramData\chocolatey\bin;C:\Program Files (x86)\Windows Kits\10\Windows Performance Toolkit\;D:\Anconda;D:\Anconda\Scripts;D:\Anconda\Library\lib;D:\Anconda\Library\mingw-w64\bin;C:\Users\16640\.cargo\bin;D:\Learning\Python\Scripts\;D:\Learning\Python\;C:\Users\16640\AppData\Local\Programs\Python\Python38\Scripts\;C:\Users\16640\AppData\Local\Programs\Python\Python38\;D:\Python\Scripts\;D:\Python\;C:\Users\16640\AppData\Local\Micro
USERNAME=16640
OS=Windows_NT
PROCESSOR_IDENTIFIER=Intel64 Family 6 Model 154 Stepping 3, GenuineIntel



---------------  S Y S T E M  ---------------

OS: Windows 10 , 64 bit Build 22621 (10.0.22621.4391)

CPU:total 20 (initial active 20) (10 cores per cpu, 2 threads per core) family 6 model 154 stepping 3, cmov, cx8, fxsr, mmx, sse, sse2, sse3, ssse3, sse4.1, sse4.2, popcnt, avx, avx2, aes, clmul, erms, 3dnowpref, lzcnt, ht, tsc, tscinvbit, bmi1, bmi2, adx, sha, fma

Memory: 4k page, physical 41747956k(32402812k free), swap 44369396k(32535552k free)

vm_info: Java HotSpot(TM) 64-Bit Server VM (9.0.4+11) for windows-amd64 JRE (9.0.4+11), built on Dec 20 2017 02:18:54 by "mach5one" with MS VC++ 12.0 (VS2013)

END.
