#-----------------------------------------------------------
# Vivado v2019.2 (64-bit)
# SW Build 2708876 on Wed Nov  6 21:40:23 MST 2019
# IP Build 2700528 on Thu Nov  7 00:09:20 MST 2019
# Start of session at: Sat Dec  7 11:13:40 2024
# Process ID: 15452
# Current directory: D:/VivadoCode/CPU_CDE2/mycpu_verify/run_vivado/mycpu_prj1
# Command line: vivado.exe -gui_launcher_event rodinguilauncherevent18304 D:\VivadoCode\CPU_CDE2\mycpu_verify\run_vivado\mycpu_prj1\mycpu.xpr
# Log file: D:/VivadoCode/CPU_CDE2/mycpu_verify/run_vivado/mycpu_prj1/vivado.log
# Journal file: D:/VivadoCode/CPU_CDE2/mycpu_verify/run_vivado/mycpu_prj1\vivado.jou
#-----------------------------------------------------------
start_gui
open_project D:/VivadoCode/CPU_CDE2/mycpu_verify/run_vivado/mycpu_prj1/mycpu.xpr
Scanning sources...
Finished scanning sources
INFO: [IP_Flow 19-234] Refreshing IP repositories
INFO: [IP_Flow 19-1704] No user IP repositories specified
INFO: [IP_Flow 19-2313] Loaded Vivado IP repository 'D:/vivado/Vivado/2019.2/data/ip'.
update_compile_order -fileset sources_1
launch_simulation
Command: launch_simulation 
boost::filesystem::remove: 另一个程序正在使用此文件，进程无法访问。: "D:/VivadoCode/CPU_CDE2/mycpu_verify/run_vivado/mycpu_prj1/mycpu.sim/sim_1/behav/xsim/simulate.log"
launch_simulation
Command: launch_simulation 
boost::filesystem::remove: 另一个程序正在使用此文件，进程无法访问。: "D:/VivadoCode/CPU_CDE2/mycpu_verify/run_vivado/mycpu_prj1/mycpu.sim/sim_1/behav/xsim/simulate.log"
launch_simulation
Command: launch_simulation 
boost::filesystem::remove: 另一个程序正在使用此文件，进程无法访问。: "D:/VivadoCode/CPU_CDE2/mycpu_verify/run_vivado/mycpu_prj1/mycpu.sim/sim_1/behav/xsim/simulate.log"
launch_simulation
Command: launch_simulation 
boost::filesystem::remove: 另一个程序正在使用此文件，进程无法访问。: "D:/VivadoCode/CPU_CDE2/mycpu_verify/run_vivado/mycpu_prj1/mycpu.sim/sim_1/behav/xsim/simulate.log"
launch_simulation
Command: launch_simulation 
boost::filesystem::remove: 另一个程序正在使用此文件，进程无法访问。: "D:/VivadoCode/CPU_CDE2/mycpu_verify/run_vivado/mycpu_prj1/mycpu.sim/sim_1/behav/xsim/simulate.log"
exit
INFO: [Common 17-206] Exiting Vivado at Sat Dec  7 11:16:22 2024...
