#-----------------------------------------------------------
# Vivado v2019.2 (64-bit)
# SW Build 2708876 on Wed Nov  6 21:40:23 MST 2019
# IP Build 2700528 on Thu Nov  7 00:09:20 MST 2019
# Start of session at: Fri Dec  6 18:11:15 2024
# Process ID: 13492
# Current directory: D:/VivadoCode/CPU_CDE2/mycpu_verify/run_vivado/mycpu_prj1
# Command line: vivado.exe -gui_launcher_event rodinguilauncherevent21236 D:\VivadoCode\CPU_CDE2\mycpu_verify\run_vivado\mycpu_prj1\mycpu.xpr
# Log file: D:/VivadoCode/CPU_CDE2/mycpu_verify/run_vivado/mycpu_prj1/vivado.log
# Journal file: D:/VivadoCode/CPU_CDE2/mycpu_verify/run_vivado/mycpu_prj1\vivado.jou
#-----------------------------------------------------------
start_gui
open_project D:/VivadoCode/CPU_CDE2/mycpu_verify/run_vivado/mycpu_prj1/mycpu.xpr
Scanning sources...
Finished scanning sources
INFO: [IP_Flow 19-234] Refreshing IP repositories
INFO: [IP_Flow 19-1704] No user IP repositories specified
INFO: [IP_Flow 19-2313] Loaded Vivado IP repository 'D:/vivado/Vivado/2019.2/data/ip'.
update_compile_order -fileset sources_1
launch_simulation
Command: launch_simulation 
INFO: [Vivado 12-5698] Checking validity of IPs in the design for the 'XSim' simulator...
INFO: [Vivado 12-5682] Launching behavioral simulation in 'D:/VivadoCode/CPU_CDE2/mycpu_verify/run_vivado/mycpu_prj1/mycpu.sim/sim_1/behav/xsim'
INFO: [Vivado 12-4795] Using compiled simulation libraries for IPs
INFO: [SIM-utils-51] Simulation object is 'sim_1'
INFO: [USF-XSim-7] Finding pre-compiled libraries...
INFO: [USF-XSim-11] File 'D:/vivado/Vivado/2019.2/data/xsim/xsim.ini' copied to run dir:'D:/VivadoCode/CPU_CDE2/mycpu_verify/run_vivado/mycpu_prj1/mycpu.sim/sim_1/behav/xsim'
INFO: [SIM-utils-54] Inspecting design source files for 'tb_top' in fileset 'sim_1'...
INFO: [SIM-utils-43] Exported 'D:/VivadoCode/CPU_CDE2/mycpu_verify/run_vivado/mycpu_prj1/mycpu.sim/sim_1/behav/xsim/inst_ram.mif'
INFO: [SIM-utils-43] Exported 'D:/VivadoCode/CPU_CDE2/mycpu_verify/run_vivado/mycpu_prj1/mycpu.sim/sim_1/behav/xsim/inst_ram.coe'
INFO: [USF-XSim-97] Finding global include files...
INFO: [USF-XSim-98] Fetching design files from 'sim_1'...
INFO: [USF-XSim-2] XSim::Compile design
INFO: [USF-XSim-61] Executing 'COMPILE and ANALYZE' step in 'D:/VivadoCode/CPU_CDE2/mycpu_verify/run_vivado/mycpu_prj1/mycpu.sim/sim_1/behav/xsim'
"xvlog --incr --relax -prj tb_top_vlog.prj"
INFO: [VRFC 10-2263] Analyzing Verilog file "D:/VivadoCode/CPU_CDE2/mycpu_verify/rtl/xilinx_ip/clk_pll/clk_pll_clk_wiz.v" into library xil_defaultlib
INFO: [VRFC 10-311] analyzing module clk_pll_clk_wiz
INFO: [VRFC 10-2263] Analyzing Verilog file "D:/VivadoCode/CPU_CDE2/mycpu_verify/rtl/xilinx_ip/clk_pll/clk_pll.v" into library xil_defaultlib
INFO: [VRFC 10-311] analyzing module clk_pll
INFO: [VRFC 10-2263] Analyzing Verilog file "D:/VivadoCode/CPU_CDE2/mycpu_verify/rtl/xilinx_ip/data_ram/sim/data_ram.v" into library xil_defaultlib
INFO: [VRFC 10-311] analyzing module data_ram
INFO: [VRFC 10-2263] Analyzing Verilog file "D:/VivadoCode/CPU_CDE2/mycpu_verify/rtl/xilinx_ip/inst_ram/sim/inst_ram.v" into library xil_defaultlib
INFO: [VRFC 10-311] analyzing module inst_ram
INFO: [VRFC 10-2263] Analyzing Verilog file "D:/VivadoCode/CPU_CDE2/mycpu_verify/rtl/mycpu/alu.v" into library xil_defaultlib
INFO: [VRFC 10-311] analyzing module alu
INFO: [VRFC 10-2263] Analyzing Verilog file "D:/VivadoCode/CPU_CDE2/mycpu_verify/rtl/BRIDGE/bridge_1x2.v" into library xil_defaultlib
INFO: [VRFC 10-311] analyzing module bridge_1x2
INFO: [VRFC 10-2263] Analyzing Verilog file "D:/VivadoCode/CPU_CDE2/mycpu_verify/rtl/CONFREG/confreg.v" into library xil_defaultlib
INFO: [VRFC 10-311] analyzing module confreg
INFO: [VRFC 10-2263] Analyzing Verilog file "D:/VivadoCode/CPU_CDE2/mycpu_verify/rtl/mycpu/mycpu_top.v" into library xil_defaultlib
INFO: [VRFC 10-311] analyzing module minicpu_top
INFO: [VRFC 10-2458] undeclared symbol sel_alu_src1, assumed default net type wire [D:/VivadoCode/CPU_CDE2/mycpu_verify/rtl/mycpu/mycpu_top.v:163]
INFO: [VRFC 10-2458] undeclared symbol imm20, assumed default net type wire [D:/VivadoCode/CPU_CDE2/mycpu_verify/rtl/mycpu/mycpu_top.v:195]
INFO: [VRFC 10-2263] Analyzing Verilog file "D:/VivadoCode/cdp_ede_local-master/minicpu_env/miniCPU/regfile.v" into library xil_defaultlib
INFO: [VRFC 10-311] analyzing module regfile
INFO: [VRFC 10-2263] Analyzing Verilog file "D:/VivadoCode/CPU_CDE2/mycpu_verify/rtl/soc_lite_top.v" into library xil_defaultlib
INFO: [VRFC 10-311] analyzing module soc_lite_top
INFO: [VRFC 10-2458] undeclared symbol btn_key_row, assumed default net type wire [D:/VivadoCode/CPU_CDE2/mycpu_verify/rtl/soc_lite_top.v:87]
INFO: [VRFC 10-2458] undeclared symbol btn_step, assumed default net type wire [D:/VivadoCode/CPU_CDE2/mycpu_verify/rtl/soc_lite_top.v:88]
INFO: [VRFC 10-2263] Analyzing Verilog file "D:/VivadoCode/cdp_ede_local-master/minicpu_env/miniCPU/tools.v" into library xil_defaultlib
INFO: [VRFC 10-311] analyzing module decoder_2_4
INFO: [VRFC 10-311] analyzing module decoder_4_16
INFO: [VRFC 10-311] analyzing module decoder_5_32
INFO: [VRFC 10-311] analyzing module decoder_6_64
INFO: [VRFC 10-2263] Analyzing Verilog file "D:/VivadoCode/CPU_CDE2/mycpu_verify/testbench/mycpu_tb.v" into library xil_defaultlib
INFO: [VRFC 10-311] analyzing module tb_top
INFO: [USF-XSim-69] 'compile' step finished in '1' seconds
INFO: [USF-XSim-3] XSim::Elaborate design
INFO: [USF-XSim-61] Executing 'ELABORATE' step in 'D:/VivadoCode/CPU_CDE2/mycpu_verify/run_vivado/mycpu_prj1/mycpu.sim/sim_1/behav/xsim'
"xelab -wto 784c7b74d7734bff849f701f21b76176 --incr --debug typical --relax --mt 2 -L xil_defaultlib -L dist_mem_gen_v8_0_13 -L unisims_ver -L unimacro_ver -L secureip -L xpm --snapshot tb_top_behav xil_defaultlib.tb_top xil_defaultlib.glbl -log elaborate.log"
Vivado Simulator 2019.2
Copyright 1986-1999, 2001-2019 Xilinx, Inc. All Rights Reserved.
Running: D:/vivado/Vivado/2019.2/bin/unwrapped/win64.o/xelab.exe -wto 784c7b74d7734bff849f701f21b76176 --incr --debug typical --relax --mt 2 -L xil_defaultlib -L dist_mem_gen_v8_0_13 -L unisims_ver -L unimacro_ver -L secureip -L xpm --snapshot tb_top_behav xil_defaultlib.tb_top xil_defaultlib.glbl -log elaborate.log 
Using 2 slave threads.
Starting static elaboration
Pass Through NonSizing Optimizer
WARNING: [VRFC 10-3091] actual bit length 16 differs from formal bit length 14 for port 'a' [D:/VivadoCode/CPU_CDE2/mycpu_verify/rtl/soc_lite_top.v:173]
WARNING: [VRFC 10-3091] actual bit length 16 differs from formal bit length 10 for port 'a' [D:/VivadoCode/CPU_CDE2/mycpu_verify/rtl/soc_lite_top.v:205]
WARNING: [VRFC 10-3091] actual bit length 1 differs from formal bit length 4 for port 'btn_key_row' [D:/VivadoCode/CPU_CDE2/mycpu_verify/rtl/soc_lite_top.v:225]
WARNING: [VRFC 10-3091] actual bit length 1 differs from formal bit length 2 for port 'btn_step' [D:/VivadoCode/CPU_CDE2/mycpu_verify/rtl/soc_lite_top.v:226]
Completed static elaboration
Starting simulation data flow analysis
Completed simulation data flow analysis
Time Resolution for simulation is 1ps
Compiling module xil_defaultlib.decoder_6_64
Compiling module xil_defaultlib.decoder_4_16
Compiling module xil_defaultlib.decoder_2_4
Compiling module xil_defaultlib.decoder_5_32
Compiling module xil_defaultlib.regfile
Compiling module xil_defaultlib.alu
Compiling module xil_defaultlib.minicpu_top
Compiling module dist_mem_gen_v8_0_13.dist_mem_gen_v8_0_13(C_FAMILY="a...
Compiling module xil_defaultlib.inst_ram
Compiling module xil_defaultlib.bridge_1x2
Compiling module dist_mem_gen_v8_0_13.dist_mem_gen_v8_0_13(C_FAMILY="a...
Compiling module xil_defaultlib.data_ram
Compiling module xil_defaultlib.confreg(SIMULATION=1'b1)
Compiling module xil_defaultlib.soc_lite_top(SIMULATION=1'b1)
Compiling module xil_defaultlib.tb_top
WARNING: [XSIM 43-3373] "D:/VivadoCode/CPU_CDE2/mycpu_verify/testbench/mycpu_tb.v" Line 126. System function $fscanf is used as system task. This system function should have a LHS e.g. x=$fscanf().
Compiling module xil_defaultlib.glbl
Built simulation snapshot tb_top_behav
INFO: [USF-XSim-69] 'elaborate' step finished in '5' seconds
INFO: [USF-XSim-4] XSim::Simulate design
INFO: [USF-XSim-61] Executing 'SIMULATE' step in 'D:/VivadoCode/CPU_CDE2/mycpu_verify/run_vivado/mycpu_prj1/mycpu.sim/sim_1/behav/xsim'
INFO: [USF-XSim-98] *** Running xsim
   with args "tb_top_behav -key {Behavioral:sim_1:Functional:tb_top} -tclbatch {tb_top.tcl} -log {simulate.log}"
INFO: [USF-XSim-8] Loading simulator feature
Vivado Simulator 2019.2
Time resolution is 1 ps
source tb_top.tcl
# set curr_wave [current_wave_config]
# if { [string length $curr_wave] == 0 } {
#   if { [llength [get_objects]] > 0} {
#     add_wave /
#     set_property needs_save false [current_wave_config]
#   } else {
#      send_msg_id Add_Wave-1 WARNING "No top level signals found. Simulator will start without a wave window. If you want to open a wave window go to 'File->New Waveform Configuration' or type 'create_wave_config' in the TCL console."
#   }
# }
# log_wave -r /
WARNING: [Simtcl 6-197] One or more HDL objects could not be logged because of object type or size limitations.  To see details please rerun the command with -verbose (-v).
# run 1000ns
WARNING: This core is supplied with a behavioral model. To model cycle-accurate behavior you must run timing simulation.
WARNING: This core is supplied with a behavioral model. To model cycle-accurate behavior you must run timing simulation.
xsim: Time (s): cpu = 00:00:05 ; elapsed = 00:00:06 . Memory (MB): peak = 845.262 ; gain = 23.387
INFO: [USF-XSim-96] XSim completed. Design snapshot 'tb_top_behav' loaded.
INFO: [USF-XSim-97] XSim simulation ran for 1000ns
launch_simulation: Time (s): cpu = 00:00:06 ; elapsed = 00:00:13 . Memory (MB): peak = 845.262 ; gain = 23.387
run all
==============================================================
Test begin!
--------------------------------------------------------------
[   2007 ns] Error!!!
    reference: PC = 0x1c00645c, wb_rf_wnum = 0x04, wb_rf_wdata = 0x22023000
    mycpu    : PC = 0x00000000, wb_rf_wnum = 0x0c, wb_rf_wdata = 0xffffffff
--------------------------------------------------------------
$finish called at time : 2047 ns : File "D:/VivadoCode/CPU_CDE2/mycpu_verify/testbench/mycpu_tb.v" Line 168
update_compile_order -fileset sources_1
update_compile_order -fileset sources_1
close_sim
INFO: [Simtcl 6-16] Simulation closed
launch_simulation
Command: launch_simulation 
INFO: [Vivado 12-5698] Checking validity of IPs in the design for the 'XSim' simulator...
INFO: [Vivado 12-5682] Launching behavioral simulation in 'D:/VivadoCode/CPU_CDE2/mycpu_verify/run_vivado/mycpu_prj1/mycpu.sim/sim_1/behav/xsim'
INFO: [Vivado 12-4795] Using compiled simulation libraries for IPs
INFO: [SIM-utils-51] Simulation object is 'sim_1'
INFO: [USF-XSim-7] Finding pre-compiled libraries...
INFO: [USF-XSim-11] File 'D:/vivado/Vivado/2019.2/data/xsim/xsim.ini' copied to run dir:'D:/VivadoCode/CPU_CDE2/mycpu_verify/run_vivado/mycpu_prj1/mycpu.sim/sim_1/behav/xsim'
INFO: [SIM-utils-54] Inspecting design source files for 'tb_top' in fileset 'sim_1'...
INFO: [SIM-utils-43] Exported 'D:/VivadoCode/CPU_CDE2/mycpu_verify/run_vivado/mycpu_prj1/mycpu.sim/sim_1/behav/xsim/inst_ram.mif'
INFO: [SIM-utils-43] Exported 'D:/VivadoCode/CPU_CDE2/mycpu_verify/run_vivado/mycpu_prj1/mycpu.sim/sim_1/behav/xsim/inst_ram.coe'
INFO: [USF-XSim-97] Finding global include files...
INFO: [USF-XSim-98] Fetching design files from 'sim_1'...
INFO: [USF-XSim-2] XSim::Compile design
INFO: [USF-XSim-61] Executing 'COMPILE and ANALYZE' step in 'D:/VivadoCode/CPU_CDE2/mycpu_verify/run_vivado/mycpu_prj1/mycpu.sim/sim_1/behav/xsim'
"xvlog --incr --relax -prj tb_top_vlog.prj"
INFO: [VRFC 10-2263] Analyzing Verilog file "D:/VivadoCode/CPU_CDE2/mycpu_verify/rtl/xilinx_ip/clk_pll/clk_pll_clk_wiz.v" into library xil_defaultlib
INFO: [VRFC 10-311] analyzing module clk_pll_clk_wiz
INFO: [VRFC 10-2263] Analyzing Verilog file "D:/VivadoCode/CPU_CDE2/mycpu_verify/rtl/xilinx_ip/clk_pll/clk_pll.v" into library xil_defaultlib
INFO: [VRFC 10-311] analyzing module clk_pll
INFO: [VRFC 10-2263] Analyzing Verilog file "D:/VivadoCode/CPU_CDE2/mycpu_verify/rtl/xilinx_ip/data_ram/sim/data_ram.v" into library xil_defaultlib
INFO: [VRFC 10-311] analyzing module data_ram
INFO: [VRFC 10-2263] Analyzing Verilog file "D:/VivadoCode/CPU_CDE2/mycpu_verify/rtl/xilinx_ip/inst_ram/sim/inst_ram.v" into library xil_defaultlib
INFO: [VRFC 10-311] analyzing module inst_ram
INFO: [VRFC 10-2263] Analyzing Verilog file "D:/VivadoCode/CPU_CDE2/mycpu_verify/rtl/mycpu/alu.v" into library xil_defaultlib
INFO: [VRFC 10-311] analyzing module alu
INFO: [VRFC 10-2263] Analyzing Verilog file "D:/VivadoCode/CPU_CDE2/mycpu_verify/rtl/BRIDGE/bridge_1x2.v" into library xil_defaultlib
INFO: [VRFC 10-311] analyzing module bridge_1x2
INFO: [VRFC 10-2263] Analyzing Verilog file "D:/VivadoCode/CPU_CDE2/mycpu_verify/rtl/CONFREG/confreg.v" into library xil_defaultlib
INFO: [VRFC 10-311] analyzing module confreg
INFO: [VRFC 10-2263] Analyzing Verilog file "D:/VivadoCode/CPU_CDE2/mycpu_verify/rtl/mycpu/mycpu_top.v" into library xil_defaultlib
INFO: [VRFC 10-311] analyzing module mycpu_top
INFO: [VRFC 10-2458] undeclared symbol sel_alu_src1, assumed default net type wire [D:/VivadoCode/CPU_CDE2/mycpu_verify/rtl/mycpu/mycpu_top.v:163]
INFO: [VRFC 10-2458] undeclared symbol imm20, assumed default net type wire [D:/VivadoCode/CPU_CDE2/mycpu_verify/rtl/mycpu/mycpu_top.v:195]
INFO: [VRFC 10-2263] Analyzing Verilog file "D:/VivadoCode/cdp_ede_local-master/minicpu_env/miniCPU/regfile.v" into library xil_defaultlib
INFO: [VRFC 10-311] analyzing module regfile
INFO: [VRFC 10-2263] Analyzing Verilog file "D:/VivadoCode/CPU_CDE2/mycpu_verify/rtl/soc_lite_top.v" into library xil_defaultlib
INFO: [VRFC 10-311] analyzing module soc_lite_top
INFO: [VRFC 10-2458] undeclared symbol btn_key_row, assumed default net type wire [D:/VivadoCode/CPU_CDE2/mycpu_verify/rtl/soc_lite_top.v:87]
INFO: [VRFC 10-2458] undeclared symbol btn_step, assumed default net type wire [D:/VivadoCode/CPU_CDE2/mycpu_verify/rtl/soc_lite_top.v:88]
INFO: [VRFC 10-2263] Analyzing Verilog file "D:/VivadoCode/cdp_ede_local-master/minicpu_env/miniCPU/tools.v" into library xil_defaultlib
INFO: [VRFC 10-311] analyzing module decoder_2_4
INFO: [VRFC 10-311] analyzing module decoder_4_16
INFO: [VRFC 10-311] analyzing module decoder_5_32
INFO: [VRFC 10-311] analyzing module decoder_6_64
INFO: [VRFC 10-2263] Analyzing Verilog file "D:/VivadoCode/CPU_CDE2/mycpu_verify/testbench/mycpu_tb.v" into library xil_defaultlib
INFO: [VRFC 10-311] analyzing module tb_top
INFO: [USF-XSim-69] 'compile' step finished in '1' seconds
INFO: [USF-XSim-3] XSim::Elaborate design
INFO: [USF-XSim-61] Executing 'ELABORATE' step in 'D:/VivadoCode/CPU_CDE2/mycpu_verify/run_vivado/mycpu_prj1/mycpu.sim/sim_1/behav/xsim'
"xelab -wto 784c7b74d7734bff849f701f21b76176 --incr --debug typical --relax --mt 2 -L xil_defaultlib -L dist_mem_gen_v8_0_13 -L unisims_ver -L unimacro_ver -L secureip -L xpm --snapshot tb_top_behav xil_defaultlib.tb_top xil_defaultlib.glbl -log elaborate.log"
Vivado Simulator 2019.2
Copyright 1986-1999, 2001-2019 Xilinx, Inc. All Rights Reserved.
Running: D:/vivado/Vivado/2019.2/bin/unwrapped/win64.o/xelab.exe -wto 784c7b74d7734bff849f701f21b76176 --incr --debug typical --relax --mt 2 -L xil_defaultlib -L dist_mem_gen_v8_0_13 -L unisims_ver -L unimacro_ver -L secureip -L xpm --snapshot tb_top_behav xil_defaultlib.tb_top xil_defaultlib.glbl -log elaborate.log 
Using 2 slave threads.
Starting static elaboration
Pass Through NonSizing Optimizer
ERROR: [VRFC 10-3180] cannot find port 'data_sram_wen' on this module [D:/VivadoCode/CPU_CDE2/mycpu_verify/rtl/soc_lite_top.v:157]
ERROR: [VRFC 10-3180] cannot find port 'inst_sram_wen' on this module [D:/VivadoCode/CPU_CDE2/mycpu_verify/rtl/soc_lite_top.v:152]
ERROR: [XSIM 43-3322] Static elaboration of top level Verilog design unit(s) in library work failed.
INFO: [USF-XSim-69] 'elaborate' step finished in '2' seconds
INFO: [USF-XSim-99] Step results log file:'D:/VivadoCode/CPU_CDE2/mycpu_verify/run_vivado/mycpu_prj1/mycpu.sim/sim_1/behav/xsim/elaborate.log'
ERROR: [USF-XSim-62] 'elaborate' step failed with error(s). Please check the Tcl console output or 'D:/VivadoCode/CPU_CDE2/mycpu_verify/run_vivado/mycpu_prj1/mycpu.sim/sim_1/behav/xsim/elaborate.log' file for more information.
ERROR: [Vivado 12-4473] Detected error while running simulation. Please correct the issue and retry this operation.
ERROR: [Common 17-39] 'launch_simulation' failed due to earlier errors.
launch_simulation
Command: launch_simulation 
INFO: [Vivado 12-5698] Checking validity of IPs in the design for the 'XSim' simulator...
INFO: [Vivado 12-5682] Launching behavioral simulation in 'D:/VivadoCode/CPU_CDE2/mycpu_verify/run_vivado/mycpu_prj1/mycpu.sim/sim_1/behav/xsim'
INFO: [Vivado 12-4795] Using compiled simulation libraries for IPs
INFO: [SIM-utils-51] Simulation object is 'sim_1'
INFO: [USF-XSim-7] Finding pre-compiled libraries...
INFO: [USF-XSim-11] File 'D:/vivado/Vivado/2019.2/data/xsim/xsim.ini' copied to run dir:'D:/VivadoCode/CPU_CDE2/mycpu_verify/run_vivado/mycpu_prj1/mycpu.sim/sim_1/behav/xsim'
INFO: [SIM-utils-54] Inspecting design source files for 'tb_top' in fileset 'sim_1'...
INFO: [SIM-utils-43] Exported 'D:/VivadoCode/CPU_CDE2/mycpu_verify/run_vivado/mycpu_prj1/mycpu.sim/sim_1/behav/xsim/inst_ram.mif'
INFO: [SIM-utils-43] Exported 'D:/VivadoCode/CPU_CDE2/mycpu_verify/run_vivado/mycpu_prj1/mycpu.sim/sim_1/behav/xsim/inst_ram.coe'
INFO: [USF-XSim-97] Finding global include files...
INFO: [USF-XSim-98] Fetching design files from 'sim_1'...
INFO: [USF-XSim-2] XSim::Compile design
INFO: [USF-XSim-61] Executing 'COMPILE and ANALYZE' step in 'D:/VivadoCode/CPU_CDE2/mycpu_verify/run_vivado/mycpu_prj1/mycpu.sim/sim_1/behav/xsim'
"xvlog --incr --relax -prj tb_top_vlog.prj"
INFO: [VRFC 10-2263] Analyzing Verilog file "D:/VivadoCode/CPU_CDE2/mycpu_verify/rtl/xilinx_ip/clk_pll/clk_pll_clk_wiz.v" into library xil_defaultlib
INFO: [VRFC 10-311] analyzing module clk_pll_clk_wiz
INFO: [VRFC 10-2263] Analyzing Verilog file "D:/VivadoCode/CPU_CDE2/mycpu_verify/rtl/xilinx_ip/clk_pll/clk_pll.v" into library xil_defaultlib
INFO: [VRFC 10-311] analyzing module clk_pll
INFO: [VRFC 10-2263] Analyzing Verilog file "D:/VivadoCode/CPU_CDE2/mycpu_verify/rtl/xilinx_ip/data_ram/sim/data_ram.v" into library xil_defaultlib
INFO: [VRFC 10-311] analyzing module data_ram
INFO: [VRFC 10-2263] Analyzing Verilog file "D:/VivadoCode/CPU_CDE2/mycpu_verify/rtl/xilinx_ip/inst_ram/sim/inst_ram.v" into library xil_defaultlib
INFO: [VRFC 10-311] analyzing module inst_ram
INFO: [VRFC 10-2263] Analyzing Verilog file "D:/VivadoCode/CPU_CDE2/mycpu_verify/rtl/mycpu/alu.v" into library xil_defaultlib
INFO: [VRFC 10-311] analyzing module alu
INFO: [VRFC 10-2263] Analyzing Verilog file "D:/VivadoCode/CPU_CDE2/mycpu_verify/rtl/BRIDGE/bridge_1x2.v" into library xil_defaultlib
INFO: [VRFC 10-311] analyzing module bridge_1x2
INFO: [VRFC 10-2263] Analyzing Verilog file "D:/VivadoCode/CPU_CDE2/mycpu_verify/rtl/CONFREG/confreg.v" into library xil_defaultlib
INFO: [VRFC 10-311] analyzing module confreg
INFO: [VRFC 10-2263] Analyzing Verilog file "D:/VivadoCode/CPU_CDE2/mycpu_verify/rtl/mycpu/mycpu_top.v" into library xil_defaultlib
INFO: [VRFC 10-311] analyzing module mycpu_top
INFO: [VRFC 10-2458] undeclared symbol sel_alu_src1, assumed default net type wire [D:/VivadoCode/CPU_CDE2/mycpu_verify/rtl/mycpu/mycpu_top.v:163]
INFO: [VRFC 10-2458] undeclared symbol imm20, assumed default net type wire [D:/VivadoCode/CPU_CDE2/mycpu_verify/rtl/mycpu/mycpu_top.v:195]
INFO: [VRFC 10-2263] Analyzing Verilog file "D:/VivadoCode/cdp_ede_local-master/minicpu_env/miniCPU/regfile.v" into library xil_defaultlib
INFO: [VRFC 10-311] analyzing module regfile
INFO: [VRFC 10-2263] Analyzing Verilog file "D:/VivadoCode/CPU_CDE2/mycpu_verify/rtl/soc_lite_top.v" into library xil_defaultlib
INFO: [VRFC 10-311] analyzing module soc_lite_top
INFO: [VRFC 10-2458] undeclared symbol btn_key_row, assumed default net type wire [D:/VivadoCode/CPU_CDE2/mycpu_verify/rtl/soc_lite_top.v:87]
INFO: [VRFC 10-2458] undeclared symbol btn_step, assumed default net type wire [D:/VivadoCode/CPU_CDE2/mycpu_verify/rtl/soc_lite_top.v:88]
INFO: [VRFC 10-2458] undeclared symbol cpu_data_we, assumed default net type wire [D:/VivadoCode/CPU_CDE2/mycpu_verify/rtl/soc_lite_top.v:157]
INFO: [VRFC 10-2263] Analyzing Verilog file "D:/VivadoCode/cdp_ede_local-master/minicpu_env/miniCPU/tools.v" into library xil_defaultlib
INFO: [VRFC 10-311] analyzing module decoder_2_4
INFO: [VRFC 10-311] analyzing module decoder_4_16
INFO: [VRFC 10-311] analyzing module decoder_5_32
INFO: [VRFC 10-311] analyzing module decoder_6_64
INFO: [VRFC 10-2263] Analyzing Verilog file "D:/VivadoCode/CPU_CDE2/mycpu_verify/testbench/mycpu_tb.v" into library xil_defaultlib
INFO: [VRFC 10-311] analyzing module tb_top
INFO: [USF-XSim-69] 'compile' step finished in '1' seconds
INFO: [USF-XSim-3] XSim::Elaborate design
INFO: [USF-XSim-61] Executing 'ELABORATE' step in 'D:/VivadoCode/CPU_CDE2/mycpu_verify/run_vivado/mycpu_prj1/mycpu.sim/sim_1/behav/xsim'
"xelab -wto 784c7b74d7734bff849f701f21b76176 --incr --debug typical --relax --mt 2 -L xil_defaultlib -L dist_mem_gen_v8_0_13 -L unisims_ver -L unimacro_ver -L secureip -L xpm --snapshot tb_top_behav xil_defaultlib.tb_top xil_defaultlib.glbl -log elaborate.log"
Vivado Simulator 2019.2
Copyright 1986-1999, 2001-2019 Xilinx, Inc. All Rights Reserved.
Running: D:/vivado/Vivado/2019.2/bin/unwrapped/win64.o/xelab.exe -wto 784c7b74d7734bff849f701f21b76176 --incr --debug typical --relax --mt 2 -L xil_defaultlib -L dist_mem_gen_v8_0_13 -L unisims_ver -L unimacro_ver -L secureip -L xpm --snapshot tb_top_behav xil_defaultlib.tb_top xil_defaultlib.glbl -log elaborate.log 
Using 2 slave threads.
Starting static elaboration
Pass Through NonSizing Optimizer
ERROR: [VRFC 10-3180] cannot find port 'data_sram_wen' on this module [D:/VivadoCode/CPU_CDE2/mycpu_verify/rtl/soc_lite_top.v:157]
ERROR: [VRFC 10-3180] cannot find port 'inst_sram_wen' on this module [D:/VivadoCode/CPU_CDE2/mycpu_verify/rtl/soc_lite_top.v:152]
ERROR: [XSIM 43-3322] Static elaboration of top level Verilog design unit(s) in library work failed.
INFO: [USF-XSim-69] 'elaborate' step finished in '2' seconds
INFO: [USF-XSim-99] Step results log file:'D:/VivadoCode/CPU_CDE2/mycpu_verify/run_vivado/mycpu_prj1/mycpu.sim/sim_1/behav/xsim/elaborate.log'
ERROR: [USF-XSim-62] 'elaborate' step failed with error(s). Please check the Tcl console output or 'D:/VivadoCode/CPU_CDE2/mycpu_verify/run_vivado/mycpu_prj1/mycpu.sim/sim_1/behav/xsim/elaborate.log' file for more information.
ERROR: [Vivado 12-4473] Detected error while running simulation. Please correct the issue and retry this operation.
ERROR: [Common 17-39] 'launch_simulation' failed due to earlier errors.
launch_simulation
Command: launch_simulation 
INFO: [Vivado 12-5698] Checking validity of IPs in the design for the 'XSim' simulator...
INFO: [Vivado 12-5682] Launching behavioral simulation in 'D:/VivadoCode/CPU_CDE2/mycpu_verify/run_vivado/mycpu_prj1/mycpu.sim/sim_1/behav/xsim'
INFO: [Vivado 12-4795] Using compiled simulation libraries for IPs
INFO: [SIM-utils-51] Simulation object is 'sim_1'
INFO: [USF-XSim-7] Finding pre-compiled libraries...
INFO: [USF-XSim-11] File 'D:/vivado/Vivado/2019.2/data/xsim/xsim.ini' copied to run dir:'D:/VivadoCode/CPU_CDE2/mycpu_verify/run_vivado/mycpu_prj1/mycpu.sim/sim_1/behav/xsim'
INFO: [SIM-utils-54] Inspecting design source files for 'tb_top' in fileset 'sim_1'...
INFO: [SIM-utils-43] Exported 'D:/VivadoCode/CPU_CDE2/mycpu_verify/run_vivado/mycpu_prj1/mycpu.sim/sim_1/behav/xsim/inst_ram.mif'
INFO: [SIM-utils-43] Exported 'D:/VivadoCode/CPU_CDE2/mycpu_verify/run_vivado/mycpu_prj1/mycpu.sim/sim_1/behav/xsim/inst_ram.coe'
INFO: [USF-XSim-97] Finding global include files...
INFO: [USF-XSim-98] Fetching design files from 'sim_1'...
INFO: [USF-XSim-2] XSim::Compile design
INFO: [USF-XSim-61] Executing 'COMPILE and ANALYZE' step in 'D:/VivadoCode/CPU_CDE2/mycpu_verify/run_vivado/mycpu_prj1/mycpu.sim/sim_1/behav/xsim'
"xvlog --incr --relax -prj tb_top_vlog.prj"
INFO: [USF-XSim-69] 'compile' step finished in '1' seconds
INFO: [USF-XSim-3] XSim::Elaborate design
INFO: [USF-XSim-61] Executing 'ELABORATE' step in 'D:/VivadoCode/CPU_CDE2/mycpu_verify/run_vivado/mycpu_prj1/mycpu.sim/sim_1/behav/xsim'
"xelab -wto 784c7b74d7734bff849f701f21b76176 --incr --debug typical --relax --mt 2 -L xil_defaultlib -L dist_mem_gen_v8_0_13 -L unisims_ver -L unimacro_ver -L secureip -L xpm --snapshot tb_top_behav xil_defaultlib.tb_top xil_defaultlib.glbl -log elaborate.log"
Vivado Simulator 2019.2
Copyright 1986-1999, 2001-2019 Xilinx, Inc. All Rights Reserved.
Running: D:/vivado/Vivado/2019.2/bin/unwrapped/win64.o/xelab.exe -wto 784c7b74d7734bff849f701f21b76176 --incr --debug typical --relax --mt 2 -L xil_defaultlib -L dist_mem_gen_v8_0_13 -L unisims_ver -L unimacro_ver -L secureip -L xpm --snapshot tb_top_behav xil_defaultlib.tb_top xil_defaultlib.glbl -log elaborate.log 
Using 2 slave threads.
Starting static elaboration
Pass Through NonSizing Optimizer
ERROR: [VRFC 10-3180] cannot find port 'data_sram_wen' on this module [D:/VivadoCode/CPU_CDE2/mycpu_verify/rtl/soc_lite_top.v:157]
ERROR: [VRFC 10-3180] cannot find port 'inst_sram_wen' on this module [D:/VivadoCode/CPU_CDE2/mycpu_verify/rtl/soc_lite_top.v:152]
ERROR: [XSIM 43-3322] Static elaboration of top level Verilog design unit(s) in library work failed.
INFO: [USF-XSim-69] 'elaborate' step finished in '1' seconds
INFO: [USF-XSim-99] Step results log file:'D:/VivadoCode/CPU_CDE2/mycpu_verify/run_vivado/mycpu_prj1/mycpu.sim/sim_1/behav/xsim/elaborate.log'
ERROR: [USF-XSim-62] 'elaborate' step failed with error(s). Please check the Tcl console output or 'D:/VivadoCode/CPU_CDE2/mycpu_verify/run_vivado/mycpu_prj1/mycpu.sim/sim_1/behav/xsim/elaborate.log' file for more information.
ERROR: [Vivado 12-4473] Detected error while running simulation. Please correct the issue and retry this operation.
ERROR: [Common 17-39] 'launch_simulation' failed due to earlier errors.
launch_simulation
Command: launch_simulation 
INFO: [Vivado 12-5698] Checking validity of IPs in the design for the 'XSim' simulator...
INFO: [Vivado 12-5682] Launching behavioral simulation in 'D:/VivadoCode/CPU_CDE2/mycpu_verify/run_vivado/mycpu_prj1/mycpu.sim/sim_1/behav/xsim'
INFO: [Vivado 12-4795] Using compiled simulation libraries for IPs
INFO: [SIM-utils-51] Simulation object is 'sim_1'
INFO: [USF-XSim-7] Finding pre-compiled libraries...
INFO: [USF-XSim-11] File 'D:/vivado/Vivado/2019.2/data/xsim/xsim.ini' copied to run dir:'D:/VivadoCode/CPU_CDE2/mycpu_verify/run_vivado/mycpu_prj1/mycpu.sim/sim_1/behav/xsim'
INFO: [SIM-utils-54] Inspecting design source files for 'tb_top' in fileset 'sim_1'...
INFO: [SIM-utils-43] Exported 'D:/VivadoCode/CPU_CDE2/mycpu_verify/run_vivado/mycpu_prj1/mycpu.sim/sim_1/behav/xsim/inst_ram.mif'
INFO: [SIM-utils-43] Exported 'D:/VivadoCode/CPU_CDE2/mycpu_verify/run_vivado/mycpu_prj1/mycpu.sim/sim_1/behav/xsim/inst_ram.coe'
INFO: [USF-XSim-97] Finding global include files...
INFO: [USF-XSim-98] Fetching design files from 'sim_1'...
INFO: [USF-XSim-2] XSim::Compile design
INFO: [USF-XSim-61] Executing 'COMPILE and ANALYZE' step in 'D:/VivadoCode/CPU_CDE2/mycpu_verify/run_vivado/mycpu_prj1/mycpu.sim/sim_1/behav/xsim'
"xvlog --incr --relax -prj tb_top_vlog.prj"
INFO: [VRFC 10-2263] Analyzing Verilog file "D:/VivadoCode/CPU_CDE2/mycpu_verify/rtl/xilinx_ip/clk_pll/clk_pll_clk_wiz.v" into library xil_defaultlib
INFO: [VRFC 10-311] analyzing module clk_pll_clk_wiz
INFO: [VRFC 10-2263] Analyzing Verilog file "D:/VivadoCode/CPU_CDE2/mycpu_verify/rtl/xilinx_ip/clk_pll/clk_pll.v" into library xil_defaultlib
INFO: [VRFC 10-311] analyzing module clk_pll
INFO: [VRFC 10-2263] Analyzing Verilog file "D:/VivadoCode/CPU_CDE2/mycpu_verify/rtl/xilinx_ip/data_ram/sim/data_ram.v" into library xil_defaultlib
INFO: [VRFC 10-311] analyzing module data_ram
INFO: [VRFC 10-2263] Analyzing Verilog file "D:/VivadoCode/CPU_CDE2/mycpu_verify/rtl/xilinx_ip/inst_ram/sim/inst_ram.v" into library xil_defaultlib
INFO: [VRFC 10-311] analyzing module inst_ram
INFO: [VRFC 10-2263] Analyzing Verilog file "D:/VivadoCode/CPU_CDE2/mycpu_verify/rtl/mycpu/alu.v" into library xil_defaultlib
INFO: [VRFC 10-311] analyzing module alu
INFO: [VRFC 10-2263] Analyzing Verilog file "D:/VivadoCode/CPU_CDE2/mycpu_verify/rtl/BRIDGE/bridge_1x2.v" into library xil_defaultlib
INFO: [VRFC 10-311] analyzing module bridge_1x2
INFO: [VRFC 10-2263] Analyzing Verilog file "D:/VivadoCode/CPU_CDE2/mycpu_verify/rtl/CONFREG/confreg.v" into library xil_defaultlib
INFO: [VRFC 10-311] analyzing module confreg
INFO: [VRFC 10-2263] Analyzing Verilog file "D:/VivadoCode/CPU_CDE2/mycpu_verify/rtl/mycpu/mycpu_top.v" into library xil_defaultlib
INFO: [VRFC 10-311] analyzing module mycpu_top
INFO: [VRFC 10-2458] undeclared symbol sel_alu_src1, assumed default net type wire [D:/VivadoCode/CPU_CDE2/mycpu_verify/rtl/mycpu/mycpu_top.v:163]
INFO: [VRFC 10-2458] undeclared symbol imm20, assumed default net type wire [D:/VivadoCode/CPU_CDE2/mycpu_verify/rtl/mycpu/mycpu_top.v:195]
INFO: [VRFC 10-2263] Analyzing Verilog file "D:/VivadoCode/cdp_ede_local-master/minicpu_env/miniCPU/regfile.v" into library xil_defaultlib
INFO: [VRFC 10-311] analyzing module regfile
INFO: [VRFC 10-2263] Analyzing Verilog file "D:/VivadoCode/CPU_CDE2/mycpu_verify/rtl/soc_lite_top.v" into library xil_defaultlib
INFO: [VRFC 10-311] analyzing module soc_lite_top
INFO: [VRFC 10-2458] undeclared symbol btn_key_row, assumed default net type wire [D:/VivadoCode/CPU_CDE2/mycpu_verify/rtl/soc_lite_top.v:87]
INFO: [VRFC 10-2458] undeclared symbol btn_step, assumed default net type wire [D:/VivadoCode/CPU_CDE2/mycpu_verify/rtl/soc_lite_top.v:88]
INFO: [VRFC 10-2263] Analyzing Verilog file "D:/VivadoCode/cdp_ede_local-master/minicpu_env/miniCPU/tools.v" into library xil_defaultlib
INFO: [VRFC 10-311] analyzing module decoder_2_4
INFO: [VRFC 10-311] analyzing module decoder_4_16
INFO: [VRFC 10-311] analyzing module decoder_5_32
INFO: [VRFC 10-311] analyzing module decoder_6_64
INFO: [VRFC 10-2263] Analyzing Verilog file "D:/VivadoCode/CPU_CDE2/mycpu_verify/testbench/mycpu_tb.v" into library xil_defaultlib
INFO: [VRFC 10-311] analyzing module tb_top
INFO: [USF-XSim-69] 'compile' step finished in '1' seconds
INFO: [USF-XSim-3] XSim::Elaborate design
INFO: [USF-XSim-61] Executing 'ELABORATE' step in 'D:/VivadoCode/CPU_CDE2/mycpu_verify/run_vivado/mycpu_prj1/mycpu.sim/sim_1/behav/xsim'
"xelab -wto 784c7b74d7734bff849f701f21b76176 --incr --debug typical --relax --mt 2 -L xil_defaultlib -L dist_mem_gen_v8_0_13 -L unisims_ver -L unimacro_ver -L secureip -L xpm --snapshot tb_top_behav xil_defaultlib.tb_top xil_defaultlib.glbl -log elaborate.log"
Vivado Simulator 2019.2
Copyright 1986-1999, 2001-2019 Xilinx, Inc. All Rights Reserved.
Running: D:/vivado/Vivado/2019.2/bin/unwrapped/win64.o/xelab.exe -wto 784c7b74d7734bff849f701f21b76176 --incr --debug typical --relax --mt 2 -L xil_defaultlib -L dist_mem_gen_v8_0_13 -L unisims_ver -L unimacro_ver -L secureip -L xpm --snapshot tb_top_behav xil_defaultlib.tb_top xil_defaultlib.glbl -log elaborate.log 
Using 2 slave threads.
Starting static elaboration
Pass Through NonSizing Optimizer
WARNING: [VRFC 10-3091] actual bit length 16 differs from formal bit length 14 for port 'a' [D:/VivadoCode/CPU_CDE2/mycpu_verify/rtl/soc_lite_top.v:173]
WARNING: [VRFC 10-3091] actual bit length 16 differs from formal bit length 10 for port 'a' [D:/VivadoCode/CPU_CDE2/mycpu_verify/rtl/soc_lite_top.v:205]
WARNING: [VRFC 10-3091] actual bit length 1 differs from formal bit length 4 for port 'btn_key_row' [D:/VivadoCode/CPU_CDE2/mycpu_verify/rtl/soc_lite_top.v:225]
WARNING: [VRFC 10-3091] actual bit length 1 differs from formal bit length 2 for port 'btn_step' [D:/VivadoCode/CPU_CDE2/mycpu_verify/rtl/soc_lite_top.v:226]
Completed static elaboration
Starting simulation data flow analysis
Completed simulation data flow analysis
Time Resolution for simulation is 1ps
Compiling module xil_defaultlib.decoder_6_64
Compiling module xil_defaultlib.decoder_4_16
Compiling module xil_defaultlib.decoder_2_4
Compiling module xil_defaultlib.decoder_5_32
Compiling module xil_defaultlib.regfile
Compiling module xil_defaultlib.alu
Compiling module xil_defaultlib.mycpu_top
Compiling module dist_mem_gen_v8_0_13.dist_mem_gen_v8_0_13(C_FAMILY="a...
Compiling module xil_defaultlib.inst_ram
Compiling module xil_defaultlib.bridge_1x2
Compiling module dist_mem_gen_v8_0_13.dist_mem_gen_v8_0_13(C_FAMILY="a...
Compiling module xil_defaultlib.data_ram
Compiling module xil_defaultlib.confreg(SIMULATION=1'b1)
Compiling module xil_defaultlib.soc_lite_top(SIMULATION=1'b1)
Compiling module xil_defaultlib.tb_top
WARNING: [XSIM 43-3373] "D:/VivadoCode/CPU_CDE2/mycpu_verify/testbench/mycpu_tb.v" Line 126. System function $fscanf is used as system task. This system function should have a LHS e.g. x=$fscanf().
Compiling module xil_defaultlib.glbl
Built simulation snapshot tb_top_behav
INFO: [USF-XSim-69] 'elaborate' step finished in '3' seconds
INFO: [USF-XSim-4] XSim::Simulate design
INFO: [USF-XSim-61] Executing 'SIMULATE' step in 'D:/VivadoCode/CPU_CDE2/mycpu_verify/run_vivado/mycpu_prj1/mycpu.sim/sim_1/behav/xsim'
INFO: [USF-XSim-98] *** Running xsim
   with args "tb_top_behav -key {Behavioral:sim_1:Functional:tb_top} -tclbatch {tb_top.tcl} -log {simulate.log}"
INFO: [USF-XSim-8] Loading simulator feature
Vivado Simulator 2019.2
Time resolution is 1 ps
source tb_top.tcl
# set curr_wave [current_wave_config]
# if { [string length $curr_wave] == 0 } {
#   if { [llength [get_objects]] > 0} {
#     add_wave /
#     set_property needs_save false [current_wave_config]
#   } else {
#      send_msg_id Add_Wave-1 WARNING "No top level signals found. Simulator will start without a wave window. If you want to open a wave window go to 'File->New Waveform Configuration' or type 'create_wave_config' in the TCL console."
#   }
# }
# log_wave -r /
WARNING: [Simtcl 6-197] One or more HDL objects could not be logged because of object type or size limitations.  To see details please rerun the command with -verbose (-v).
# run 1000ns
WARNING: This core is supplied with a behavioral model. To model cycle-accurate behavior you must run timing simulation.
WARNING: This core is supplied with a behavioral model. To model cycle-accurate behavior you must run timing simulation.
INFO: [USF-XSim-96] XSim completed. Design snapshot 'tb_top_behav' loaded.
INFO: [USF-XSim-97] XSim simulation ran for 1000ns
launch_simulation: Time (s): cpu = 00:00:02 ; elapsed = 00:00:11 . Memory (MB): peak = 917.066 ; gain = 9.645
run all
==============================================================
Test begin!
WARNING in tb_top.soc_lite.data_ram.inst at time              2025000 ns: 
Reading from out-of-range address. Max address in tb_top.soc_lite.data_ram.inst is        1023
--------------------------------------------------------------
[   2047 ns] Error!!!
    reference: PC = 0x1c000008, wb_rf_wnum = 0x01, wb_rf_wdata = 0x1c00000c
    mycpu    : PC = 0x1c000008, wb_rf_wnum = 0x01, wb_rf_wdata = 0x00000000
--------------------------------------------------------------
WARNING in tb_top.soc_lite.data_ram.inst at time              2075000 ns: 
Reading from out-of-range address. Max address in tb_top.soc_lite.data_ram.inst is        1023
$finish called at time : 2087 ns : File "D:/VivadoCode/CPU_CDE2/mycpu_verify/testbench/mycpu_tb.v" Line 168
close_sim
INFO: [Simtcl 6-16] Simulation closed
launch_simulation
Command: launch_simulation 
INFO: [Vivado 12-5698] Checking validity of IPs in the design for the 'XSim' simulator...
INFO: [Vivado 12-5682] Launching behavioral simulation in 'D:/VivadoCode/CPU_CDE2/mycpu_verify/run_vivado/mycpu_prj1/mycpu.sim/sim_1/behav/xsim'
INFO: [Vivado 12-4795] Using compiled simulation libraries for IPs
INFO: [SIM-utils-51] Simulation object is 'sim_1'
INFO: [USF-XSim-7] Finding pre-compiled libraries...
INFO: [USF-XSim-11] File 'D:/vivado/Vivado/2019.2/data/xsim/xsim.ini' copied to run dir:'D:/VivadoCode/CPU_CDE2/mycpu_verify/run_vivado/mycpu_prj1/mycpu.sim/sim_1/behav/xsim'
INFO: [SIM-utils-54] Inspecting design source files for 'tb_top' in fileset 'sim_1'...
INFO: [SIM-utils-43] Exported 'D:/VivadoCode/CPU_CDE2/mycpu_verify/run_vivado/mycpu_prj1/mycpu.sim/sim_1/behav/xsim/inst_ram.mif'
INFO: [SIM-utils-43] Exported 'D:/VivadoCode/CPU_CDE2/mycpu_verify/run_vivado/mycpu_prj1/mycpu.sim/sim_1/behav/xsim/inst_ram.coe'
INFO: [USF-XSim-97] Finding global include files...
INFO: [USF-XSim-98] Fetching design files from 'sim_1'...
INFO: [USF-XSim-2] XSim::Compile design
INFO: [USF-XSim-61] Executing 'COMPILE and ANALYZE' step in 'D:/VivadoCode/CPU_CDE2/mycpu_verify/run_vivado/mycpu_prj1/mycpu.sim/sim_1/behav/xsim'
"xvlog --incr --relax -prj tb_top_vlog.prj"
INFO: [VRFC 10-2263] Analyzing Verilog file "D:/VivadoCode/CPU_CDE2/mycpu_verify/rtl/xilinx_ip/clk_pll/clk_pll_clk_wiz.v" into library xil_defaultlib
INFO: [VRFC 10-311] analyzing module clk_pll_clk_wiz
INFO: [VRFC 10-2263] Analyzing Verilog file "D:/VivadoCode/CPU_CDE2/mycpu_verify/rtl/xilinx_ip/clk_pll/clk_pll.v" into library xil_defaultlib
INFO: [VRFC 10-311] analyzing module clk_pll
INFO: [VRFC 10-2263] Analyzing Verilog file "D:/VivadoCode/CPU_CDE2/mycpu_verify/rtl/xilinx_ip/data_ram/sim/data_ram.v" into library xil_defaultlib
INFO: [VRFC 10-311] analyzing module data_ram
INFO: [VRFC 10-2263] Analyzing Verilog file "D:/VivadoCode/CPU_CDE2/mycpu_verify/rtl/xilinx_ip/inst_ram/sim/inst_ram.v" into library xil_defaultlib
INFO: [VRFC 10-311] analyzing module inst_ram
INFO: [VRFC 10-2263] Analyzing Verilog file "D:/VivadoCode/CPU_CDE2/mycpu_verify/rtl/mycpu/alu.v" into library xil_defaultlib
INFO: [VRFC 10-311] analyzing module alu
INFO: [VRFC 10-2263] Analyzing Verilog file "D:/VivadoCode/CPU_CDE2/mycpu_verify/rtl/BRIDGE/bridge_1x2.v" into library xil_defaultlib
INFO: [VRFC 10-311] analyzing module bridge_1x2
INFO: [VRFC 10-2263] Analyzing Verilog file "D:/VivadoCode/CPU_CDE2/mycpu_verify/rtl/CONFREG/confreg.v" into library xil_defaultlib
INFO: [VRFC 10-311] analyzing module confreg
INFO: [VRFC 10-2263] Analyzing Verilog file "D:/VivadoCode/CPU_CDE2/mycpu_verify/rtl/mycpu/mycpu_top.v" into library xil_defaultlib
INFO: [VRFC 10-311] analyzing module mycpu_top
INFO: [VRFC 10-2458] undeclared symbol sel_alu_src1, assumed default net type wire [D:/VivadoCode/CPU_CDE2/mycpu_verify/rtl/mycpu/mycpu_top.v:163]
INFO: [VRFC 10-2458] undeclared symbol imm20, assumed default net type wire [D:/VivadoCode/CPU_CDE2/mycpu_verify/rtl/mycpu/mycpu_top.v:197]
INFO: [VRFC 10-2263] Analyzing Verilog file "D:/VivadoCode/cdp_ede_local-master/minicpu_env/miniCPU/regfile.v" into library xil_defaultlib
INFO: [VRFC 10-311] analyzing module regfile
INFO: [VRFC 10-2263] Analyzing Verilog file "D:/VivadoCode/CPU_CDE2/mycpu_verify/rtl/soc_lite_top.v" into library xil_defaultlib
INFO: [VRFC 10-311] analyzing module soc_lite_top
INFO: [VRFC 10-2458] undeclared symbol btn_key_row, assumed default net type wire [D:/VivadoCode/CPU_CDE2/mycpu_verify/rtl/soc_lite_top.v:87]
INFO: [VRFC 10-2458] undeclared symbol btn_step, assumed default net type wire [D:/VivadoCode/CPU_CDE2/mycpu_verify/rtl/soc_lite_top.v:88]
INFO: [VRFC 10-2263] Analyzing Verilog file "D:/VivadoCode/cdp_ede_local-master/minicpu_env/miniCPU/tools.v" into library xil_defaultlib
INFO: [VRFC 10-311] analyzing module decoder_2_4
INFO: [VRFC 10-311] analyzing module decoder_4_16
INFO: [VRFC 10-311] analyzing module decoder_5_32
INFO: [VRFC 10-311] analyzing module decoder_6_64
INFO: [VRFC 10-2263] Analyzing Verilog file "D:/VivadoCode/CPU_CDE2/mycpu_verify/testbench/mycpu_tb.v" into library xil_defaultlib
INFO: [VRFC 10-311] analyzing module tb_top
INFO: [USF-XSim-69] 'compile' step finished in '3' seconds
INFO: [USF-XSim-3] XSim::Elaborate design
INFO: [USF-XSim-61] Executing 'ELABORATE' step in 'D:/VivadoCode/CPU_CDE2/mycpu_verify/run_vivado/mycpu_prj1/mycpu.sim/sim_1/behav/xsim'
"xelab -wto 784c7b74d7734bff849f701f21b76176 --incr --debug typical --relax --mt 2 -L xil_defaultlib -L dist_mem_gen_v8_0_13 -L unisims_ver -L unimacro_ver -L secureip -L xpm --snapshot tb_top_behav xil_defaultlib.tb_top xil_defaultlib.glbl -log elaborate.log"
Vivado Simulator 2019.2
Copyright 1986-1999, 2001-2019 Xilinx, Inc. All Rights Reserved.
Running: D:/vivado/Vivado/2019.2/bin/unwrapped/win64.o/xelab.exe -wto 784c7b74d7734bff849f701f21b76176 --incr --debug typical --relax --mt 2 -L xil_defaultlib -L dist_mem_gen_v8_0_13 -L unisims_ver -L unimacro_ver -L secureip -L xpm --snapshot tb_top_behav xil_defaultlib.tb_top xil_defaultlib.glbl -log elaborate.log 
Using 2 slave threads.
Starting static elaboration
Pass Through NonSizing Optimizer
WARNING: [VRFC 10-3091] actual bit length 16 differs from formal bit length 14 for port 'a' [D:/VivadoCode/CPU_CDE2/mycpu_verify/rtl/soc_lite_top.v:173]
WARNING: [VRFC 10-3091] actual bit length 16 differs from formal bit length 10 for port 'a' [D:/VivadoCode/CPU_CDE2/mycpu_verify/rtl/soc_lite_top.v:205]
WARNING: [VRFC 10-3091] actual bit length 1 differs from formal bit length 4 for port 'btn_key_row' [D:/VivadoCode/CPU_CDE2/mycpu_verify/rtl/soc_lite_top.v:225]
WARNING: [VRFC 10-3091] actual bit length 1 differs from formal bit length 2 for port 'btn_step' [D:/VivadoCode/CPU_CDE2/mycpu_verify/rtl/soc_lite_top.v:226]
Completed static elaboration
Starting simulation data flow analysis
Completed simulation data flow analysis
Time Resolution for simulation is 1ps
Compiling module xil_defaultlib.decoder_6_64
Compiling module xil_defaultlib.decoder_4_16
Compiling module xil_defaultlib.decoder_2_4
Compiling module xil_defaultlib.decoder_5_32
Compiling module xil_defaultlib.regfile
Compiling module xil_defaultlib.alu
Compiling module xil_defaultlib.mycpu_top
Compiling module dist_mem_gen_v8_0_13.dist_mem_gen_v8_0_13(C_FAMILY="a...
Compiling module xil_defaultlib.inst_ram
Compiling module xil_defaultlib.bridge_1x2
Compiling module dist_mem_gen_v8_0_13.dist_mem_gen_v8_0_13(C_FAMILY="a...
Compiling module xil_defaultlib.data_ram
Compiling module xil_defaultlib.confreg(SIMULATION=1'b1)
Compiling module xil_defaultlib.soc_lite_top(SIMULATION=1'b1)
Compiling module xil_defaultlib.tb_top
WARNING: [XSIM 43-3373] "D:/VivadoCode/CPU_CDE2/mycpu_verify/testbench/mycpu_tb.v" Line 126. System function $fscanf is used as system task. This system function should have a LHS e.g. x=$fscanf().
Compiling module xil_defaultlib.glbl
Built simulation snapshot tb_top_behav
INFO: [USF-XSim-69] 'elaborate' step finished in '3' seconds
INFO: [USF-XSim-4] XSim::Simulate design
INFO: [USF-XSim-61] Executing 'SIMULATE' step in 'D:/VivadoCode/CPU_CDE2/mycpu_verify/run_vivado/mycpu_prj1/mycpu.sim/sim_1/behav/xsim'
INFO: [USF-XSim-98] *** Running xsim
   with args "tb_top_behav -key {Behavioral:sim_1:Functional:tb_top} -tclbatch {tb_top.tcl} -log {simulate.log}"
INFO: [USF-XSim-8] Loading simulator feature
Vivado Simulator 2019.2
Time resolution is 1 ps
source tb_top.tcl
# set curr_wave [current_wave_config]
# if { [string length $curr_wave] == 0 } {
#   if { [llength [get_objects]] > 0} {
#     add_wave /
#     set_property needs_save false [current_wave_config]
#   } else {
#      send_msg_id Add_Wave-1 WARNING "No top level signals found. Simulator will start without a wave window. If you want to open a wave window go to 'File->New Waveform Configuration' or type 'create_wave_config' in the TCL console."
#   }
# }
# log_wave -r /
WARNING: [Simtcl 6-197] One or more HDL objects could not be logged because of object type or size limitations.  To see details please rerun the command with -verbose (-v).
# run 1000ns
WARNING: This core is supplied with a behavioral model. To model cycle-accurate behavior you must run timing simulation.
WARNING: This core is supplied with a behavioral model. To model cycle-accurate behavior you must run timing simulation.
INFO: [USF-XSim-96] XSim completed. Design snapshot 'tb_top_behav' loaded.
INFO: [USF-XSim-97] XSim simulation ran for 1000ns
launch_simulation: Time (s): cpu = 00:00:01 ; elapsed = 00:00:11 . Memory (MB): peak = 929.715 ; gain = 0.176
run all
==============================================================
Test begin!
WARNING in tb_top.soc_lite.data_ram.inst at time              2025000 ns: 
Reading from out-of-range address. Max address in tb_top.soc_lite.data_ram.inst is        1023
--------------------------------------------------------------
[   2067 ns] Error!!!
    reference: PC = 0x1c00051c, wb_rf_wnum = 0x02, wb_rf_wdata = 0x00000000
    mycpu    : PC = 0x1c000010, wb_rf_wnum = 0x0c, wb_rf_wdata = 0x00000000
--------------------------------------------------------------
WARNING in tb_top.soc_lite.data_ram.inst at time              2075000 ns: 
Reading from out-of-range address. Max address in tb_top.soc_lite.data_ram.inst is        1023
WARNING in tb_top.soc_lite.data_ram.inst at time              2095000 ns: 
Reading from out-of-range address. Max address in tb_top.soc_lite.data_ram.inst is        1023
$finish called at time : 2107 ns : File "D:/VivadoCode/CPU_CDE2/mycpu_verify/testbench/mycpu_tb.v" Line 168
run all
--------------------------------------------------------------
[   2617 ns] Error!!!
    reference: PC = 0x1c000530, wb_rf_wnum = 0x07, wb_rf_wdata = 0x00000000
    mycpu    : PC = 0x1c0000ec, wb_rf_wnum = 0x0c, wb_rf_wdata = 0x00000000
--------------------------------------------------------------
WARNING in tb_top.soc_lite.data_ram.inst at time              2625000 ns: 
Reading from out-of-range address. Max address in tb_top.soc_lite.data_ram.inst is        1023
WARNING in tb_top.soc_lite.data_ram.inst at time              2645000 ns: 
Reading from out-of-range address. Max address in tb_top.soc_lite.data_ram.inst is        1023
$finish called at time : 2657 ns : File "D:/VivadoCode/CPU_CDE2/mycpu_verify/testbench/mycpu_tb.v" Line 168
close_sim
INFO: [Simtcl 6-16] Simulation closed
launch_simulation
Command: launch_simulation 
INFO: [Vivado 12-5698] Checking validity of IPs in the design for the 'XSim' simulator...
INFO: [Vivado 12-5682] Launching behavioral simulation in 'D:/VivadoCode/CPU_CDE2/mycpu_verify/run_vivado/mycpu_prj1/mycpu.sim/sim_1/behav/xsim'
INFO: [Vivado 12-4795] Using compiled simulation libraries for IPs
INFO: [SIM-utils-51] Simulation object is 'sim_1'
INFO: [USF-XSim-7] Finding pre-compiled libraries...
INFO: [USF-XSim-11] File 'D:/vivado/Vivado/2019.2/data/xsim/xsim.ini' copied to run dir:'D:/VivadoCode/CPU_CDE2/mycpu_verify/run_vivado/mycpu_prj1/mycpu.sim/sim_1/behav/xsim'
INFO: [SIM-utils-54] Inspecting design source files for 'tb_top' in fileset 'sim_1'...
INFO: [SIM-utils-43] Exported 'D:/VivadoCode/CPU_CDE2/mycpu_verify/run_vivado/mycpu_prj1/mycpu.sim/sim_1/behav/xsim/inst_ram.mif'
INFO: [SIM-utils-43] Exported 'D:/VivadoCode/CPU_CDE2/mycpu_verify/run_vivado/mycpu_prj1/mycpu.sim/sim_1/behav/xsim/inst_ram.coe'
INFO: [USF-XSim-97] Finding global include files...
INFO: [USF-XSim-98] Fetching design files from 'sim_1'...
INFO: [USF-XSim-2] XSim::Compile design
INFO: [USF-XSim-61] Executing 'COMPILE and ANALYZE' step in 'D:/VivadoCode/CPU_CDE2/mycpu_verify/run_vivado/mycpu_prj1/mycpu.sim/sim_1/behav/xsim'
"xvlog --incr --relax -prj tb_top_vlog.prj"
INFO: [VRFC 10-2263] Analyzing Verilog file "D:/VivadoCode/CPU_CDE2/mycpu_verify/rtl/xilinx_ip/clk_pll/clk_pll_clk_wiz.v" into library xil_defaultlib
INFO: [VRFC 10-311] analyzing module clk_pll_clk_wiz
INFO: [VRFC 10-2263] Analyzing Verilog file "D:/VivadoCode/CPU_CDE2/mycpu_verify/rtl/xilinx_ip/clk_pll/clk_pll.v" into library xil_defaultlib
INFO: [VRFC 10-311] analyzing module clk_pll
INFO: [VRFC 10-2263] Analyzing Verilog file "D:/VivadoCode/CPU_CDE2/mycpu_verify/rtl/xilinx_ip/data_ram/sim/data_ram.v" into library xil_defaultlib
INFO: [VRFC 10-311] analyzing module data_ram
INFO: [VRFC 10-2263] Analyzing Verilog file "D:/VivadoCode/CPU_CDE2/mycpu_verify/rtl/xilinx_ip/inst_ram/sim/inst_ram.v" into library xil_defaultlib
INFO: [VRFC 10-311] analyzing module inst_ram
INFO: [VRFC 10-2263] Analyzing Verilog file "D:/VivadoCode/CPU_CDE2/mycpu_verify/rtl/mycpu/alu.v" into library xil_defaultlib
INFO: [VRFC 10-311] analyzing module alu
INFO: [VRFC 10-2263] Analyzing Verilog file "D:/VivadoCode/CPU_CDE2/mycpu_verify/rtl/BRIDGE/bridge_1x2.v" into library xil_defaultlib
INFO: [VRFC 10-311] analyzing module bridge_1x2
INFO: [VRFC 10-2263] Analyzing Verilog file "D:/VivadoCode/CPU_CDE2/mycpu_verify/rtl/CONFREG/confreg.v" into library xil_defaultlib
INFO: [VRFC 10-311] analyzing module confreg
INFO: [VRFC 10-2263] Analyzing Verilog file "D:/VivadoCode/CPU_CDE2/mycpu_verify/rtl/mycpu/mycpu_top.v" into library xil_defaultlib
INFO: [VRFC 10-311] analyzing module mycpu_top
INFO: [VRFC 10-2458] undeclared symbol sel_alu_src1, assumed default net type wire [D:/VivadoCode/CPU_CDE2/mycpu_verify/rtl/mycpu/mycpu_top.v:171]
INFO: [VRFC 10-2458] undeclared symbol imm20, assumed default net type wire [D:/VivadoCode/CPU_CDE2/mycpu_verify/rtl/mycpu/mycpu_top.v:205]
INFO: [VRFC 10-2263] Analyzing Verilog file "D:/VivadoCode/cdp_ede_local-master/minicpu_env/miniCPU/regfile.v" into library xil_defaultlib
INFO: [VRFC 10-311] analyzing module regfile
INFO: [VRFC 10-2263] Analyzing Verilog file "D:/VivadoCode/CPU_CDE2/mycpu_verify/rtl/soc_lite_top.v" into library xil_defaultlib
INFO: [VRFC 10-311] analyzing module soc_lite_top
INFO: [VRFC 10-2458] undeclared symbol btn_key_row, assumed default net type wire [D:/VivadoCode/CPU_CDE2/mycpu_verify/rtl/soc_lite_top.v:87]
INFO: [VRFC 10-2458] undeclared symbol btn_step, assumed default net type wire [D:/VivadoCode/CPU_CDE2/mycpu_verify/rtl/soc_lite_top.v:88]
INFO: [VRFC 10-2263] Analyzing Verilog file "D:/VivadoCode/cdp_ede_local-master/minicpu_env/miniCPU/tools.v" into library xil_defaultlib
INFO: [VRFC 10-311] analyzing module decoder_2_4
INFO: [VRFC 10-311] analyzing module decoder_4_16
INFO: [VRFC 10-311] analyzing module decoder_5_32
INFO: [VRFC 10-311] analyzing module decoder_6_64
INFO: [VRFC 10-2263] Analyzing Verilog file "D:/VivadoCode/CPU_CDE2/mycpu_verify/testbench/mycpu_tb.v" into library xil_defaultlib
INFO: [VRFC 10-311] analyzing module tb_top
INFO: [USF-XSim-69] 'compile' step finished in '2' seconds
INFO: [USF-XSim-3] XSim::Elaborate design
INFO: [USF-XSim-61] Executing 'ELABORATE' step in 'D:/VivadoCode/CPU_CDE2/mycpu_verify/run_vivado/mycpu_prj1/mycpu.sim/sim_1/behav/xsim'
"xelab -wto 784c7b74d7734bff849f701f21b76176 --incr --debug typical --relax --mt 2 -L xil_defaultlib -L dist_mem_gen_v8_0_13 -L unisims_ver -L unimacro_ver -L secureip -L xpm --snapshot tb_top_behav xil_defaultlib.tb_top xil_defaultlib.glbl -log elaborate.log"
Vivado Simulator 2019.2
Copyright 1986-1999, 2001-2019 Xilinx, Inc. All Rights Reserved.
Running: D:/vivado/Vivado/2019.2/bin/unwrapped/win64.o/xelab.exe -wto 784c7b74d7734bff849f701f21b76176 --incr --debug typical --relax --mt 2 -L xil_defaultlib -L dist_mem_gen_v8_0_13 -L unisims_ver -L unimacro_ver -L secureip -L xpm --snapshot tb_top_behav xil_defaultlib.tb_top xil_defaultlib.glbl -log elaborate.log 
Using 2 slave threads.
Starting static elaboration
Pass Through NonSizing Optimizer
WARNING: [VRFC 10-3091] actual bit length 16 differs from formal bit length 14 for port 'a' [D:/VivadoCode/CPU_CDE2/mycpu_verify/rtl/soc_lite_top.v:173]
WARNING: [VRFC 10-3091] actual bit length 16 differs from formal bit length 10 for port 'a' [D:/VivadoCode/CPU_CDE2/mycpu_verify/rtl/soc_lite_top.v:205]
WARNING: [VRFC 10-3091] actual bit length 1 differs from formal bit length 4 for port 'btn_key_row' [D:/VivadoCode/CPU_CDE2/mycpu_verify/rtl/soc_lite_top.v:225]
WARNING: [VRFC 10-3091] actual bit length 1 differs from formal bit length 2 for port 'btn_step' [D:/VivadoCode/CPU_CDE2/mycpu_verify/rtl/soc_lite_top.v:226]
Completed static elaboration
Starting simulation data flow analysis
Completed simulation data flow analysis
Time Resolution for simulation is 1ps
Compiling module xil_defaultlib.decoder_6_64
Compiling module xil_defaultlib.decoder_4_16
Compiling module xil_defaultlib.decoder_2_4
Compiling module xil_defaultlib.decoder_5_32
Compiling module xil_defaultlib.regfile
Compiling module xil_defaultlib.alu
Compiling module xil_defaultlib.mycpu_top
Compiling module dist_mem_gen_v8_0_13.dist_mem_gen_v8_0_13(C_FAMILY="a...
Compiling module xil_defaultlib.inst_ram
Compiling module xil_defaultlib.bridge_1x2
Compiling module dist_mem_gen_v8_0_13.dist_mem_gen_v8_0_13(C_FAMILY="a...
Compiling module xil_defaultlib.data_ram
Compiling module xil_defaultlib.confreg(SIMULATION=1'b1)
Compiling module xil_defaultlib.soc_lite_top(SIMULATION=1'b1)
Compiling module xil_defaultlib.tb_top
WARNING: [XSIM 43-3373] "D:/VivadoCode/CPU_CDE2/mycpu_verify/testbench/mycpu_tb.v" Line 126. System function $fscanf is used as system task. This system function should have a LHS e.g. x=$fscanf().
Compiling module xil_defaultlib.glbl
Built simulation snapshot tb_top_behav
run_program: Time (s): cpu = 00:00:00 ; elapsed = 00:00:05 . Memory (MB): peak = 931.297 ; gain = 0.000
INFO: [USF-XSim-69] 'elaborate' step finished in '5' seconds
INFO: [USF-XSim-4] XSim::Simulate design
INFO: [USF-XSim-61] Executing 'SIMULATE' step in 'D:/VivadoCode/CPU_CDE2/mycpu_verify/run_vivado/mycpu_prj1/mycpu.sim/sim_1/behav/xsim'
INFO: [USF-XSim-98] *** Running xsim
   with args "tb_top_behav -key {Behavioral:sim_1:Functional:tb_top} -tclbatch {tb_top.tcl} -log {simulate.log}"
INFO: [USF-XSim-8] Loading simulator feature
Vivado Simulator 2019.2
Time resolution is 1 ps
source tb_top.tcl
# set curr_wave [current_wave_config]
# if { [string length $curr_wave] == 0 } {
#   if { [llength [get_objects]] > 0} {
#     add_wave /
#     set_property needs_save false [current_wave_config]
#   } else {
#      send_msg_id Add_Wave-1 WARNING "No top level signals found. Simulator will start without a wave window. If you want to open a wave window go to 'File->New Waveform Configuration' or type 'create_wave_config' in the TCL console."
#   }
# }
# log_wave -r /
WARNING: [Simtcl 6-197] One or more HDL objects could not be logged because of object type or size limitations.  To see details please rerun the command with -verbose (-v).
# run 1000ns
WARNING: This core is supplied with a behavioral model. To model cycle-accurate behavior you must run timing simulation.
WARNING: This core is supplied with a behavioral model. To model cycle-accurate behavior you must run timing simulation.
INFO: [USF-XSim-96] XSim completed. Design snapshot 'tb_top_behav' loaded.
INFO: [USF-XSim-97] XSim simulation ran for 1000ns
launch_simulation: Time (s): cpu = 00:00:01 ; elapsed = 00:00:12 . Memory (MB): peak = 931.297 ; gain = 0.000
run all
==============================================================
Test begin!
WARNING in tb_top.soc_lite.data_ram.inst at time              2025000 ns: 
Reading from out-of-range address. Max address in tb_top.soc_lite.data_ram.inst is        1023
--------------------------------------------------------------
[   2047 ns] Error!!!
    reference: PC = 0x1c000008, wb_rf_wnum = 0x01, wb_rf_wdata = 0x1c00000c
    mycpu    : PC = 0x1c000008, wb_rf_wnum = 0x01, wb_rf_wdata = 0x1c00014d
--------------------------------------------------------------
WARNING in tb_top.soc_lite.data_ram.inst at time              2075000 ns: 
Reading from out-of-range address. Max address in tb_top.soc_lite.data_ram.inst is        1023
$finish called at time : 2087 ns : File "D:/VivadoCode/CPU_CDE2/mycpu_verify/testbench/mycpu_tb.v" Line 168
close_sim
INFO: [Simtcl 6-16] Simulation closed
launch_simulation
Command: launch_simulation 
INFO: [Vivado 12-5698] Checking validity of IPs in the design for the 'XSim' simulator...
INFO: [Vivado 12-5682] Launching behavioral simulation in 'D:/VivadoCode/CPU_CDE2/mycpu_verify/run_vivado/mycpu_prj1/mycpu.sim/sim_1/behav/xsim'
INFO: [Vivado 12-4795] Using compiled simulation libraries for IPs
INFO: [SIM-utils-51] Simulation object is 'sim_1'
INFO: [USF-XSim-7] Finding pre-compiled libraries...
INFO: [USF-XSim-11] File 'D:/vivado/Vivado/2019.2/data/xsim/xsim.ini' copied to run dir:'D:/VivadoCode/CPU_CDE2/mycpu_verify/run_vivado/mycpu_prj1/mycpu.sim/sim_1/behav/xsim'
INFO: [SIM-utils-54] Inspecting design source files for 'tb_top' in fileset 'sim_1'...
INFO: [SIM-utils-43] Exported 'D:/VivadoCode/CPU_CDE2/mycpu_verify/run_vivado/mycpu_prj1/mycpu.sim/sim_1/behav/xsim/inst_ram.mif'
INFO: [SIM-utils-43] Exported 'D:/VivadoCode/CPU_CDE2/mycpu_verify/run_vivado/mycpu_prj1/mycpu.sim/sim_1/behav/xsim/inst_ram.coe'
INFO: [USF-XSim-97] Finding global include files...
INFO: [USF-XSim-98] Fetching design files from 'sim_1'...
INFO: [USF-XSim-2] XSim::Compile design
INFO: [USF-XSim-61] Executing 'COMPILE and ANALYZE' step in 'D:/VivadoCode/CPU_CDE2/mycpu_verify/run_vivado/mycpu_prj1/mycpu.sim/sim_1/behav/xsim'
"xvlog --incr --relax -prj tb_top_vlog.prj"
INFO: [VRFC 10-2263] Analyzing Verilog file "D:/VivadoCode/CPU_CDE2/mycpu_verify/rtl/xilinx_ip/clk_pll/clk_pll_clk_wiz.v" into library xil_defaultlib
INFO: [VRFC 10-311] analyzing module clk_pll_clk_wiz
INFO: [VRFC 10-2263] Analyzing Verilog file "D:/VivadoCode/CPU_CDE2/mycpu_verify/rtl/xilinx_ip/clk_pll/clk_pll.v" into library xil_defaultlib
INFO: [VRFC 10-311] analyzing module clk_pll
INFO: [VRFC 10-2263] Analyzing Verilog file "D:/VivadoCode/CPU_CDE2/mycpu_verify/rtl/xilinx_ip/data_ram/sim/data_ram.v" into library xil_defaultlib
INFO: [VRFC 10-311] analyzing module data_ram
INFO: [VRFC 10-2263] Analyzing Verilog file "D:/VivadoCode/CPU_CDE2/mycpu_verify/rtl/xilinx_ip/inst_ram/sim/inst_ram.v" into library xil_defaultlib
INFO: [VRFC 10-311] analyzing module inst_ram
INFO: [VRFC 10-2263] Analyzing Verilog file "D:/VivadoCode/CPU_CDE2/mycpu_verify/rtl/mycpu/alu.v" into library xil_defaultlib
INFO: [VRFC 10-311] analyzing module alu
INFO: [VRFC 10-2263] Analyzing Verilog file "D:/VivadoCode/CPU_CDE2/mycpu_verify/rtl/BRIDGE/bridge_1x2.v" into library xil_defaultlib
INFO: [VRFC 10-311] analyzing module bridge_1x2
INFO: [VRFC 10-2263] Analyzing Verilog file "D:/VivadoCode/CPU_CDE2/mycpu_verify/rtl/CONFREG/confreg.v" into library xil_defaultlib
INFO: [VRFC 10-311] analyzing module confreg
INFO: [VRFC 10-2263] Analyzing Verilog file "D:/VivadoCode/CPU_CDE2/mycpu_verify/rtl/mycpu/mycpu_top.v" into library xil_defaultlib
INFO: [VRFC 10-311] analyzing module mycpu_top
INFO: [VRFC 10-2458] undeclared symbol sel_alu_src1, assumed default net type wire [D:/VivadoCode/CPU_CDE2/mycpu_verify/rtl/mycpu/mycpu_top.v:171]
INFO: [VRFC 10-2458] undeclared symbol imm20, assumed default net type wire [D:/VivadoCode/CPU_CDE2/mycpu_verify/rtl/mycpu/mycpu_top.v:207]
INFO: [VRFC 10-2263] Analyzing Verilog file "D:/VivadoCode/cdp_ede_local-master/minicpu_env/miniCPU/regfile.v" into library xil_defaultlib
INFO: [VRFC 10-311] analyzing module regfile
INFO: [VRFC 10-2263] Analyzing Verilog file "D:/VivadoCode/CPU_CDE2/mycpu_verify/rtl/soc_lite_top.v" into library xil_defaultlib
INFO: [VRFC 10-311] analyzing module soc_lite_top
INFO: [VRFC 10-2458] undeclared symbol btn_key_row, assumed default net type wire [D:/VivadoCode/CPU_CDE2/mycpu_verify/rtl/soc_lite_top.v:87]
INFO: [VRFC 10-2458] undeclared symbol btn_step, assumed default net type wire [D:/VivadoCode/CPU_CDE2/mycpu_verify/rtl/soc_lite_top.v:88]
INFO: [VRFC 10-2263] Analyzing Verilog file "D:/VivadoCode/cdp_ede_local-master/minicpu_env/miniCPU/tools.v" into library xil_defaultlib
INFO: [VRFC 10-311] analyzing module decoder_2_4
INFO: [VRFC 10-311] analyzing module decoder_4_16
INFO: [VRFC 10-311] analyzing module decoder_5_32
INFO: [VRFC 10-311] analyzing module decoder_6_64
INFO: [VRFC 10-2263] Analyzing Verilog file "D:/VivadoCode/CPU_CDE2/mycpu_verify/testbench/mycpu_tb.v" into library xil_defaultlib
INFO: [VRFC 10-311] analyzing module tb_top
INFO: [USF-XSim-69] 'compile' step finished in '2' seconds
INFO: [USF-XSim-3] XSim::Elaborate design
INFO: [USF-XSim-61] Executing 'ELABORATE' step in 'D:/VivadoCode/CPU_CDE2/mycpu_verify/run_vivado/mycpu_prj1/mycpu.sim/sim_1/behav/xsim'
"xelab -wto 784c7b74d7734bff849f701f21b76176 --incr --debug typical --relax --mt 2 -L xil_defaultlib -L dist_mem_gen_v8_0_13 -L unisims_ver -L unimacro_ver -L secureip -L xpm --snapshot tb_top_behav xil_defaultlib.tb_top xil_defaultlib.glbl -log elaborate.log"
Vivado Simulator 2019.2
Copyright 1986-1999, 2001-2019 Xilinx, Inc. All Rights Reserved.
Running: D:/vivado/Vivado/2019.2/bin/unwrapped/win64.o/xelab.exe -wto 784c7b74d7734bff849f701f21b76176 --incr --debug typical --relax --mt 2 -L xil_defaultlib -L dist_mem_gen_v8_0_13 -L unisims_ver -L unimacro_ver -L secureip -L xpm --snapshot tb_top_behav xil_defaultlib.tb_top xil_defaultlib.glbl -log elaborate.log 
Using 2 slave threads.
Starting static elaboration
Pass Through NonSizing Optimizer
WARNING: [VRFC 10-3091] actual bit length 16 differs from formal bit length 14 for port 'a' [D:/VivadoCode/CPU_CDE2/mycpu_verify/rtl/soc_lite_top.v:173]
WARNING: [VRFC 10-3091] actual bit length 16 differs from formal bit length 10 for port 'a' [D:/VivadoCode/CPU_CDE2/mycpu_verify/rtl/soc_lite_top.v:205]
WARNING: [VRFC 10-3091] actual bit length 1 differs from formal bit length 4 for port 'btn_key_row' [D:/VivadoCode/CPU_CDE2/mycpu_verify/rtl/soc_lite_top.v:225]
WARNING: [VRFC 10-3091] actual bit length 1 differs from formal bit length 2 for port 'btn_step' [D:/VivadoCode/CPU_CDE2/mycpu_verify/rtl/soc_lite_top.v:226]
Completed static elaboration
Starting simulation data flow analysis
Completed simulation data flow analysis
Time Resolution for simulation is 1ps
Compiling module xil_defaultlib.decoder_6_64
Compiling module xil_defaultlib.decoder_4_16
Compiling module xil_defaultlib.decoder_2_4
Compiling module xil_defaultlib.decoder_5_32
Compiling module xil_defaultlib.regfile
Compiling module xil_defaultlib.alu
Compiling module xil_defaultlib.mycpu_top
Compiling module dist_mem_gen_v8_0_13.dist_mem_gen_v8_0_13(C_FAMILY="a...
Compiling module xil_defaultlib.inst_ram
Compiling module xil_defaultlib.bridge_1x2
Compiling module dist_mem_gen_v8_0_13.dist_mem_gen_v8_0_13(C_FAMILY="a...
Compiling module xil_defaultlib.data_ram
Compiling module xil_defaultlib.confreg(SIMULATION=1'b1)
Compiling module xil_defaultlib.soc_lite_top(SIMULATION=1'b1)
Compiling module xil_defaultlib.tb_top
WARNING: [XSIM 43-3373] "D:/VivadoCode/CPU_CDE2/mycpu_verify/testbench/mycpu_tb.v" Line 126. System function $fscanf is used as system task. This system function should have a LHS e.g. x=$fscanf().
Compiling module xil_defaultlib.glbl
Built simulation snapshot tb_top_behav
INFO: [USF-XSim-69] 'elaborate' step finished in '5' seconds
INFO: [USF-XSim-4] XSim::Simulate design
INFO: [USF-XSim-61] Executing 'SIMULATE' step in 'D:/VivadoCode/CPU_CDE2/mycpu_verify/run_vivado/mycpu_prj1/mycpu.sim/sim_1/behav/xsim'
INFO: [USF-XSim-98] *** Running xsim
   with args "tb_top_behav -key {Behavioral:sim_1:Functional:tb_top} -tclbatch {tb_top.tcl} -log {simulate.log}"
INFO: [USF-XSim-8] Loading simulator feature
Vivado Simulator 2019.2
Time resolution is 1 ps
source tb_top.tcl
# set curr_wave [current_wave_config]
# if { [string length $curr_wave] == 0 } {
#   if { [llength [get_objects]] > 0} {
#     add_wave /
#     set_property needs_save false [current_wave_config]
#   } else {
#      send_msg_id Add_Wave-1 WARNING "No top level signals found. Simulator will start without a wave window. If you want to open a wave window go to 'File->New Waveform Configuration' or type 'create_wave_config' in the TCL console."
#   }
# }
# log_wave -r /
WARNING: [Simtcl 6-197] One or more HDL objects could not be logged because of object type or size limitations.  To see details please rerun the command with -verbose (-v).
# run 1000ns
WARNING: This core is supplied with a behavioral model. To model cycle-accurate behavior you must run timing simulation.
WARNING: This core is supplied with a behavioral model. To model cycle-accurate behavior you must run timing simulation.
INFO: [USF-XSim-96] XSim completed. Design snapshot 'tb_top_behav' loaded.
INFO: [USF-XSim-97] XSim simulation ran for 1000ns
launch_simulation: Time (s): cpu = 00:00:01 ; elapsed = 00:00:12 . Memory (MB): peak = 933.145 ; gain = 0.000
run all
==============================================================
Test begin!
WARNING in tb_top.soc_lite.data_ram.inst at time              2025000 ns: 
Reading from out-of-range address. Max address in tb_top.soc_lite.data_ram.inst is        1023
--------------------------------------------------------------
[   2047 ns] Error!!!
    reference: PC = 0x1c000008, wb_rf_wnum = 0x01, wb_rf_wdata = 0x1c00000c
    mycpu    : PC = 0x1c000008, wb_rf_wnum = 0x01, wb_rf_wdata = 0x1c00014d
--------------------------------------------------------------
WARNING in tb_top.soc_lite.data_ram.inst at time              2075000 ns: 
Reading from out-of-range address. Max address in tb_top.soc_lite.data_ram.inst is        1023
$finish called at time : 2087 ns : File "D:/VivadoCode/CPU_CDE2/mycpu_verify/testbench/mycpu_tb.v" Line 168
run all
WARNING in tb_top.soc_lite.data_ram.inst at time              2095000 ns: 
Reading from out-of-range address. Max address in tb_top.soc_lite.data_ram.inst is        1023
--------------------------------------------------------------
[   2097 ns] Error!!!
    reference: PC = 0x1c000528, wb_rf_wnum = 0x05, wb_rf_wdata = 0x00000000
    mycpu    : PC = 0x1c00001c, wb_rf_wnum = 0x0f, wb_rf_wdata = 0xxxxxxxxx
--------------------------------------------------------------
$finish called at time : 2137 ns : File "D:/VivadoCode/CPU_CDE2/mycpu_verify/testbench/mycpu_tb.v" Line 168
close_sim
INFO: [Simtcl 6-16] Simulation closed
launch_simulation
Command: launch_simulation 
INFO: [Vivado 12-5698] Checking validity of IPs in the design for the 'XSim' simulator...
INFO: [Vivado 12-5682] Launching behavioral simulation in 'D:/VivadoCode/CPU_CDE2/mycpu_verify/run_vivado/mycpu_prj1/mycpu.sim/sim_1/behav/xsim'
INFO: [Vivado 12-4795] Using compiled simulation libraries for IPs
INFO: [SIM-utils-51] Simulation object is 'sim_1'
INFO: [USF-XSim-7] Finding pre-compiled libraries...
INFO: [USF-XSim-11] File 'D:/vivado/Vivado/2019.2/data/xsim/xsim.ini' copied to run dir:'D:/VivadoCode/CPU_CDE2/mycpu_verify/run_vivado/mycpu_prj1/mycpu.sim/sim_1/behav/xsim'
INFO: [SIM-utils-54] Inspecting design source files for 'tb_top' in fileset 'sim_1'...
INFO: [SIM-utils-43] Exported 'D:/VivadoCode/CPU_CDE2/mycpu_verify/run_vivado/mycpu_prj1/mycpu.sim/sim_1/behav/xsim/inst_ram.mif'
INFO: [SIM-utils-43] Exported 'D:/VivadoCode/CPU_CDE2/mycpu_verify/run_vivado/mycpu_prj1/mycpu.sim/sim_1/behav/xsim/inst_ram.coe'
INFO: [USF-XSim-97] Finding global include files...
INFO: [USF-XSim-98] Fetching design files from 'sim_1'...
INFO: [USF-XSim-2] XSim::Compile design
INFO: [USF-XSim-61] Executing 'COMPILE and ANALYZE' step in 'D:/VivadoCode/CPU_CDE2/mycpu_verify/run_vivado/mycpu_prj1/mycpu.sim/sim_1/behav/xsim'
"xvlog --incr --relax -prj tb_top_vlog.prj"
INFO: [VRFC 10-2263] Analyzing Verilog file "D:/VivadoCode/CPU_CDE2/mycpu_verify/rtl/xilinx_ip/clk_pll/clk_pll_clk_wiz.v" into library xil_defaultlib
INFO: [VRFC 10-311] analyzing module clk_pll_clk_wiz
INFO: [VRFC 10-2263] Analyzing Verilog file "D:/VivadoCode/CPU_CDE2/mycpu_verify/rtl/xilinx_ip/clk_pll/clk_pll.v" into library xil_defaultlib
INFO: [VRFC 10-311] analyzing module clk_pll
INFO: [VRFC 10-2263] Analyzing Verilog file "D:/VivadoCode/CPU_CDE2/mycpu_verify/rtl/xilinx_ip/data_ram/sim/data_ram.v" into library xil_defaultlib
INFO: [VRFC 10-311] analyzing module data_ram
INFO: [VRFC 10-2263] Analyzing Verilog file "D:/VivadoCode/CPU_CDE2/mycpu_verify/rtl/xilinx_ip/inst_ram/sim/inst_ram.v" into library xil_defaultlib
INFO: [VRFC 10-311] analyzing module inst_ram
INFO: [VRFC 10-2263] Analyzing Verilog file "D:/VivadoCode/CPU_CDE2/mycpu_verify/rtl/mycpu/alu.v" into library xil_defaultlib
INFO: [VRFC 10-311] analyzing module alu
INFO: [VRFC 10-2263] Analyzing Verilog file "D:/VivadoCode/CPU_CDE2/mycpu_verify/rtl/BRIDGE/bridge_1x2.v" into library xil_defaultlib
INFO: [VRFC 10-311] analyzing module bridge_1x2
INFO: [VRFC 10-2263] Analyzing Verilog file "D:/VivadoCode/CPU_CDE2/mycpu_verify/rtl/CONFREG/confreg.v" into library xil_defaultlib
INFO: [VRFC 10-311] analyzing module confreg
INFO: [VRFC 10-2263] Analyzing Verilog file "D:/VivadoCode/CPU_CDE2/mycpu_verify/rtl/mycpu/mycpu_top.v" into library xil_defaultlib
INFO: [VRFC 10-311] analyzing module mycpu_top
INFO: [VRFC 10-2458] undeclared symbol sel_alu_src1, assumed default net type wire [D:/VivadoCode/CPU_CDE2/mycpu_verify/rtl/mycpu/mycpu_top.v:170]
INFO: [VRFC 10-2458] undeclared symbol imm20, assumed default net type wire [D:/VivadoCode/CPU_CDE2/mycpu_verify/rtl/mycpu/mycpu_top.v:206]
INFO: [VRFC 10-2263] Analyzing Verilog file "D:/VivadoCode/cdp_ede_local-master/minicpu_env/miniCPU/regfile.v" into library xil_defaultlib
INFO: [VRFC 10-311] analyzing module regfile
INFO: [VRFC 10-2263] Analyzing Verilog file "D:/VivadoCode/CPU_CDE2/mycpu_verify/rtl/soc_lite_top.v" into library xil_defaultlib
INFO: [VRFC 10-311] analyzing module soc_lite_top
INFO: [VRFC 10-2458] undeclared symbol btn_key_row, assumed default net type wire [D:/VivadoCode/CPU_CDE2/mycpu_verify/rtl/soc_lite_top.v:87]
INFO: [VRFC 10-2458] undeclared symbol btn_step, assumed default net type wire [D:/VivadoCode/CPU_CDE2/mycpu_verify/rtl/soc_lite_top.v:88]
INFO: [VRFC 10-2263] Analyzing Verilog file "D:/VivadoCode/cdp_ede_local-master/minicpu_env/miniCPU/tools.v" into library xil_defaultlib
INFO: [VRFC 10-311] analyzing module decoder_2_4
INFO: [VRFC 10-311] analyzing module decoder_4_16
INFO: [VRFC 10-311] analyzing module decoder_5_32
INFO: [VRFC 10-311] analyzing module decoder_6_64
INFO: [VRFC 10-2263] Analyzing Verilog file "D:/VivadoCode/CPU_CDE2/mycpu_verify/testbench/mycpu_tb.v" into library xil_defaultlib
INFO: [VRFC 10-311] analyzing module tb_top
INFO: [USF-XSim-69] 'compile' step finished in '4' seconds
INFO: [USF-XSim-3] XSim::Elaborate design
INFO: [USF-XSim-61] Executing 'ELABORATE' step in 'D:/VivadoCode/CPU_CDE2/mycpu_verify/run_vivado/mycpu_prj1/mycpu.sim/sim_1/behav/xsim'
"xelab -wto 784c7b74d7734bff849f701f21b76176 --incr --debug typical --relax --mt 2 -L xil_defaultlib -L dist_mem_gen_v8_0_13 -L unisims_ver -L unimacro_ver -L secureip -L xpm --snapshot tb_top_behav xil_defaultlib.tb_top xil_defaultlib.glbl -log elaborate.log"
Vivado Simulator 2019.2
Copyright 1986-1999, 2001-2019 Xilinx, Inc. All Rights Reserved.
Running: D:/vivado/Vivado/2019.2/bin/unwrapped/win64.o/xelab.exe -wto 784c7b74d7734bff849f701f21b76176 --incr --debug typical --relax --mt 2 -L xil_defaultlib -L dist_mem_gen_v8_0_13 -L unisims_ver -L unimacro_ver -L secureip -L xpm --snapshot tb_top_behav xil_defaultlib.tb_top xil_defaultlib.glbl -log elaborate.log 
Using 2 slave threads.
Starting static elaboration
Pass Through NonSizing Optimizer
WARNING: [VRFC 10-3091] actual bit length 16 differs from formal bit length 14 for port 'a' [D:/VivadoCode/CPU_CDE2/mycpu_verify/rtl/soc_lite_top.v:173]
WARNING: [VRFC 10-3091] actual bit length 16 differs from formal bit length 10 for port 'a' [D:/VivadoCode/CPU_CDE2/mycpu_verify/rtl/soc_lite_top.v:205]
WARNING: [VRFC 10-3091] actual bit length 1 differs from formal bit length 4 for port 'btn_key_row' [D:/VivadoCode/CPU_CDE2/mycpu_verify/rtl/soc_lite_top.v:225]
WARNING: [VRFC 10-3091] actual bit length 1 differs from formal bit length 2 for port 'btn_step' [D:/VivadoCode/CPU_CDE2/mycpu_verify/rtl/soc_lite_top.v:226]
Completed static elaboration
Starting simulation data flow analysis
Completed simulation data flow analysis
Time Resolution for simulation is 1ps
Compiling module xil_defaultlib.decoder_6_64
Compiling module xil_defaultlib.decoder_4_16
Compiling module xil_defaultlib.decoder_2_4
Compiling module xil_defaultlib.decoder_5_32
Compiling module xil_defaultlib.regfile
Compiling module xil_defaultlib.alu
Compiling module xil_defaultlib.mycpu_top
Compiling module dist_mem_gen_v8_0_13.dist_mem_gen_v8_0_13(C_FAMILY="a...
Compiling module xil_defaultlib.inst_ram
Compiling module xil_defaultlib.bridge_1x2
Compiling module dist_mem_gen_v8_0_13.dist_mem_gen_v8_0_13(C_FAMILY="a...
Compiling module xil_defaultlib.data_ram
Compiling module xil_defaultlib.confreg(SIMULATION=1'b1)
Compiling module xil_defaultlib.soc_lite_top(SIMULATION=1'b1)
Compiling module xil_defaultlib.tb_top
WARNING: [XSIM 43-3373] "D:/VivadoCode/CPU_CDE2/mycpu_verify/testbench/mycpu_tb.v" Line 126. System function $fscanf is used as system task. This system function should have a LHS e.g. x=$fscanf().
Compiling module xil_defaultlib.glbl
Built simulation snapshot tb_top_behav
run_program: Time (s): cpu = 00:00:00 ; elapsed = 00:00:08 . Memory (MB): peak = 933.145 ; gain = 0.000
INFO: [USF-XSim-69] 'elaborate' step finished in '8' seconds
INFO: [USF-XSim-4] XSim::Simulate design
INFO: [USF-XSim-61] Executing 'SIMULATE' step in 'D:/VivadoCode/CPU_CDE2/mycpu_verify/run_vivado/mycpu_prj1/mycpu.sim/sim_1/behav/xsim'
INFO: [USF-XSim-98] *** Running xsim
   with args "tb_top_behav -key {Behavioral:sim_1:Functional:tb_top} -tclbatch {tb_top.tcl} -log {simulate.log}"
INFO: [USF-XSim-8] Loading simulator feature
Vivado Simulator 2019.2
Time resolution is 1 ps
source tb_top.tcl
# set curr_wave [current_wave_config]
# if { [string length $curr_wave] == 0 } {
#   if { [llength [get_objects]] > 0} {
#     add_wave /
#     set_property needs_save false [current_wave_config]
#   } else {
#      send_msg_id Add_Wave-1 WARNING "No top level signals found. Simulator will start without a wave window. If you want to open a wave window go to 'File->New Waveform Configuration' or type 'create_wave_config' in the TCL console."
#   }
# }
# log_wave -r /
WARNING: [Simtcl 6-197] One or more HDL objects could not be logged because of object type or size limitations.  To see details please rerun the command with -verbose (-v).
# run 1000ns
WARNING: This core is supplied with a behavioral model. To model cycle-accurate behavior you must run timing simulation.
WARNING: This core is supplied with a behavioral model. To model cycle-accurate behavior you must run timing simulation.
xsim: Time (s): cpu = 00:00:02 ; elapsed = 00:00:06 . Memory (MB): peak = 933.145 ; gain = 0.000
INFO: [USF-XSim-96] XSim completed. Design snapshot 'tb_top_behav' loaded.
INFO: [USF-XSim-97] XSim simulation ran for 1000ns
launch_simulation: Time (s): cpu = 00:00:02 ; elapsed = 00:00:19 . Memory (MB): peak = 933.145 ; gain = 0.000
run all
==============================================================
Test begin!
WARNING in tb_top.soc_lite.data_ram.inst at time              2025000 ns: 
Reading from out-of-range address. Max address in tb_top.soc_lite.data_ram.inst is        1023
--------------------------------------------------------------
[   2047 ns] Error!!!
    reference: PC = 0x1c000008, wb_rf_wnum = 0x01, wb_rf_wdata = 0x1c00000c
    mycpu    : PC = 0x1c000008, wb_rf_wnum = 0x01, wb_rf_wdata = 0x1c00014d
--------------------------------------------------------------
WARNING in tb_top.soc_lite.data_ram.inst at time              2075000 ns: 
Reading from out-of-range address. Max address in tb_top.soc_lite.data_ram.inst is        1023
$finish called at time : 2087 ns : File "D:/VivadoCode/CPU_CDE2/mycpu_verify/testbench/mycpu_tb.v" Line 168
